-- The C compiler identification is GNU 13.3.0
-- The CXX compiler identification is GNU 13.3.0
-- Detecting C compiler ABI info
-- Detecting C compiler ABI info - done
-- Check for working C compiler: /usr/bin/cc - skipped
-- Detecting C compile features
-- Detecting C compile features - done
-- Detecting CXX compiler ABI info
-- Detecting CXX compiler ABI info - done
-- Check for working CXX compiler: /usr/bin/c++ - skipped
-- Detecting CXX compile features
-- Detecting CXX compile features - done
-- Found ament_cmake: 2.5.4 (/home/pathonai/ros2_jazzy/install/ament_cmake/share/ament_cmake/cmake)
-- Found Python3: /usr/bin/python3 (found version "3.12.3") found components: Interpreter 
-- Override CMake install command with custom implementation using symlinks instead of copying resources
-- Found generate_parameter_library: 0.5.0 (/opt/ros/jazzy/share/generate_parameter_library/cmake)
-- Found parameter_traits: 0.5.0 (/opt/ros/jazzy/share/parameter_traits/cmake)
-- Found rosidl_generator_c: 4.6.6 (/home/pathonai/ros2_jazzy/install/rosidl_generator_c/share/rosidl_generator_c/cmake)
-- Found rosidl_generator_cpp: 4.6.6 (/home/pathonai/ros2_jazzy/install/rosidl_generator_cpp/share/rosidl_generator_cpp/cmake)
-- Using all available rosidl_typesupport_c: rosidl_typesupport_fastrtps_c;rosidl_typesupport_introspection_c
-- Using all available rosidl_typesupport_cpp: rosidl_typesupport_fastrtps_cpp;rosidl_typesupport_introspection_cpp
-- Found rmw_implementation_cmake: 7.3.2 (/home/pathonai/ros2_jazzy/install/rmw_implementation_cmake/share/rmw_implementation_cmake/cmake)
-- Found rmw_fastrtps_cpp: 8.4.2 (/home/pathonai/ros2_jazzy/install/rmw_fastrtps_cpp/share/rmw_fastrtps_cpp/cmake)
-- Found OpenSSL: /usr/lib/x86_64-linux-gnu/libcrypto.so (found version "3.0.13")  
-- Found FastRTPS: /home/pathonai/ros2_jazzy/install/fastrtps/include (Required is at least version "2.13") 
-- Using RMW implementation 'rmw_fastrtps_cpp' as default
-- Found rclcpp_lifecycle: 28.1.11 (/home/pathonai/ros2_jazzy/install/rclcpp_lifecycle/share/rclcpp_lifecycle/cmake)
-- Found moveit_common: 2.12.3 (/opt/ros/jazzy/share/moveit_common/cmake)
-- Found moveit_core: 2.12.3 (/opt/ros/jazzy/share/moveit_core/cmake)
-- Found Boost: /usr/lib/x86_64-linux-gnu/cmake/Boost-1.83.0/BoostConfig.cmake (found version "1.83.0") found components: chrono date_time filesystem iostreams program_options regex serialization system thread 
-- Found Boost: /usr/lib/x86_64-linux-gnu/cmake/Boost-1.83.0/BoostConfig.cmake (found version "1.83.0") found components: filesystem 
-- Found Eigen3: TRUE (found version "3.4.0") 
-- Ensuring Eigen3 include directory is part of orocos-kdl CMake target
-- Found moveit_ros_planning: 2.12.3 (/opt/ros/jazzy/share/moveit_ros_planning/cmake)
-- Found Boost: /usr/lib/x86_64-linux-gnu/cmake/Boost-1.83.0/BoostConfig.cmake (found version "1.83.0") found components: system filesystem date_time program_options thread chrono 
-- Found moveit_ros_planning_interface: 2.12.3 (/opt/ros/jazzy/share/moveit_ros_planning_interface/cmake)
-- Found Boost: /usr/lib/x86_64-linux-gnu/cmake/Boost-1.83.0/BoostConfig.cmake (found version "1.83.0") found components: date_time filesystem program_options system thread 
-- Found Boost: /usr/lib/x86_64-linux-gnu/cmake/Boost-1.83.0/BoostConfig.cmake (found version "1.83.0") found components: thread system filesystem regex date_time program_options 
-- Found Boost: /usr/lib/x86_64-linux-gnu/cmake/Boost-1.83.0/BoostConfig.cmake (found version "1.83.0") found components: system filesystem date_time program_options thread 
-- Found moveit_task_constructor_core: 0.1.3 (/home/pathonai/ros2_jazzy/src/opensource_dev/mycobot_ros2/install/moveit_task_constructor_core/share/moveit_task_constructor_core/cmake)
-- Found ament_lint_auto: 0.17.3 (/home/pathonai/ros2_jazzy/install/ament_lint_auto/share/ament_lint_auto/cmake)
-- Added test 'cppcheck' to perform static code analysis on C / C++ code
-- Configured cppcheck include dirs: 
-- Configured cppcheck exclude dirs and/or files: 
-- Added test 'flake8' to check Python code syntax and style conventions
-- Configured 'flake8' exclude dirs and/or files: 
-- Added test 'lint_cmake' to check CMake code style
-- Added test 'pep257' to check Python code against some of the docstring style conventions in PEP 257
-- Added test 'uncrustify' to check C / C++ code style
-- Configured uncrustify additional arguments: 
-- Added test 'xmllint' to check XML markup files
-- Configuring done (5.5s)
-- Generating done (0.2s)
-- Build files have been written to: /home/pathonai/ros2_jazzy/src/opensource_dev/mycobot_ros2/build/mycobot_mtc_demos
[ 16%] [32mBuilding CXX object CMakeFiles/mycobot_mtc_demos_modular.dir/src/modular.cpp.o[0m
[ 16%] [32mBuilding CXX object CMakeFiles/mycobot_mtc_demos_fallbacks_move_to.dir/src/fallbacks_move_to.cpp.o[0m
[ 25%] [32mBuilding CXX object CMakeFiles/mycobot_mtc_demos_cartesian.dir/src/cartesian.cpp.o[0m
[ 33%] [32mBuilding CXX object CMakeFiles/mycobot_mtc_demos_alternative_path_costs.dir/src/alternative_path_costs.cpp.o[0m
[ 41%] [34m[1mRunning `/opt/ros/jazzy/bin/generate_parameter_library_cpp /home/pathonai/ros2_jazzy/src/opensource_dev/mycobot_ros2/build/mycobot_mtc_demos/include/mycobot_mtc_demos/ik_clearance_cost_parameters.hpp /home/pathonai/ros2_jazzy/src/opensource_dev/mycobot_ros2/mycobot_mtc_demos/src/ik_clearance_cost_parameters.yaml `[0m
[ 50%] [34m[1mCreating deprecated header file /home/pathonai/ros2_jazzy/src/opensource_dev/mycobot_ros2/build/mycobot_mtc_demos/include/ik_clearance_cost_parameters.hpp[0m
[ 50%] Built target ik_clearance_cost_parameters
[ 58%] [32mBuilding CXX object CMakeFiles/mycobot_mtc_demos_ik_clearance_cost.dir/src/ik_clearance_cost.cpp.o[0m
[ 66%] [32m[1mLinking CXX executable modular[0m
[ 75%] [32m[1mLinking CXX executable cartesian[0m
[ 75%] Built target mycobot_mtc_demos_modular
[ 75%] Built target mycobot_mtc_demos_cartesian
[ 83%] [32m[1mLinking CXX executable ik_clearance_cost[0m
[ 91%] [32m[1mLinking CXX executable alternative_path_costs[0m
[ 91%] Built target mycobot_mtc_demos_ik_clearance_cost
[ 91%] Built target mycobot_mtc_demos_alternative_path_costs
[100%] [32m[1mLinking CXX executable fallbacks_move_to[0m
[100%] Built target mycobot_mtc_demos_fallbacks_move_to
-- Install configuration: "Release"
-- Execute custom install script
-- Symlinking: /home/pathonai/ros2_jazzy/src/opensource_dev/mycobot_ros2/install/mycobot_mtc_demos/lib/mycobot_mtc_demos/alternative_path_costs
-- Symlinking: /home/pathonai/ros2_jazzy/src/opensource_dev/mycobot_ros2/install/mycobot_mtc_demos/lib/mycobot_mtc_demos/cartesian
-- Symlinking: /home/pathonai/ros2_jazzy/src/opensource_dev/mycobot_ros2/install/mycobot_mtc_demos/lib/mycobot_mtc_demos/fallbacks_move_to
-- Symlinking: /home/pathonai/ros2_jazzy/src/opensource_dev/mycobot_ros2/install/mycobot_mtc_demos/include/mycobot_mtc_demos/ik_clearance_cost_parameters.hpp
-- Symlinking: /home/pathonai/ros2_jazzy/src/opensource_dev/mycobot_ros2/install/mycobot_mtc_demos/lib/mycobot_mtc_demos/ik_clearance_cost
-- Symlinking: /home/pathonai/ros2_jazzy/src/opensource_dev/mycobot_ros2/install/mycobot_mtc_demos/lib/mycobot_mtc_demos/modular
-- Symlinking: /home/pathonai/ros2_jazzy/src/opensource_dev/mycobot_ros2/install/mycobot_mtc_demos/share/mycobot_mtc_demos/launch/mtc_demos.launch.py
-- Symlinking: /home/pathonai/ros2_jazzy/src/opensource_dev/mycobot_ros2/install/mycobot_mtc_demos/share/mycobot_mtc_demos/rviz/mtc_demos.rviz
-- Symlinking: /home/pathonai/ros2_jazzy/src/opensource_dev/mycobot_ros2/install/mycobot_mtc_demos/share/ament_index/resource_index/package_run_dependencies/mycobot_mtc_demos
-- Symlinking: /home/pathonai/ros2_jazzy/src/opensource_dev/mycobot_ros2/install/mycobot_mtc_demos/share/ament_index/resource_index/parent_prefix_path/mycobot_mtc_demos
-- Symlinking: /home/pathonai/ros2_jazzy/src/opensource_dev/mycobot_ros2/install/mycobot_mtc_demos/share/mycobot_mtc_demos/environment/ament_prefix_path.sh
-- Symlinking: /home/pathonai/ros2_jazzy/src/opensource_dev/mycobot_ros2/install/mycobot_mtc_demos/share/mycobot_mtc_demos/environment/ament_prefix_path.dsv
-- Symlinking: /home/pathonai/ros2_jazzy/src/opensource_dev/mycobot_ros2/install/mycobot_mtc_demos/share/mycobot_mtc_demos/environment/path.sh
-- Symlinking: /home/pathonai/ros2_jazzy/src/opensource_dev/mycobot_ros2/install/mycobot_mtc_demos/share/mycobot_mtc_demos/environment/path.dsv
-- Symlinking: /home/pathonai/ros2_jazzy/src/opensource_dev/mycobot_ros2/install/mycobot_mtc_demos/share/mycobot_mtc_demos/local_setup.bash
-- Symlinking: /home/pathonai/ros2_jazzy/src/opensource_dev/mycobot_ros2/install/mycobot_mtc_demos/share/mycobot_mtc_demos/local_setup.sh
-- Symlinking: /home/pathonai/ros2_jazzy/src/opensource_dev/mycobot_ros2/install/mycobot_mtc_demos/share/mycobot_mtc_demos/local_setup.zsh
-- Symlinking: /home/pathonai/ros2_jazzy/src/opensource_dev/mycobot_ros2/install/mycobot_mtc_demos/share/mycobot_mtc_demos/local_setup.dsv
-- Symlinking: /home/pathonai/ros2_jazzy/src/opensource_dev/mycobot_ros2/install/mycobot_mtc_demos/share/mycobot_mtc_demos/package.dsv
-- Symlinking: /home/pathonai/ros2_jazzy/src/opensource_dev/mycobot_ros2/install/mycobot_mtc_demos/share/ament_index/resource_index/packages/mycobot_mtc_demos
-- Symlinking: /home/pathonai/ros2_jazzy/src/opensource_dev/mycobot_ros2/install/mycobot_mtc_demos/share/mycobot_mtc_demos/cmake/mycobot_mtc_demosConfig.cmake
-- Symlinking: /home/pathonai/ros2_jazzy/src/opensource_dev/mycobot_ros2/install/mycobot_mtc_demos/share/mycobot_mtc_demos/cmake/mycobot_mtc_demosConfig-version.cmake
-- Symlinking: /home/pathonai/ros2_jazzy/src/opensource_dev/mycobot_ros2/install/mycobot_mtc_demos/share/mycobot_mtc_demos/package.xml
