[0.206s] Invoking command in '/home/pathonai/ros2_ws/src/opensource_dev/build/ros2_grasping': DEBUGINFOD_URLS=https://debuginfod.ubuntu.com /usr/bin/cmake --build /home/pathonai/ros2_ws/src/opensource_dev/build/ros2_grasping -- -j16 -l16
[0.443s] [  2%] [34m[1mGenerating type hashes for ROS interfaces[0m
[0.444s] [  2%] Built target ament_cmake_python_symlink_ros2_grasping
[0.444s] Traceback (most recent call last):
[0.444s]   File "/home/pathonai/ros2_jazzy/install/rosidl_generator_type_description/lib/rosidl_generator_type_description/rosidl_generator_type_description", line 21, in <module>
[0.444s]     from rosidl_generator_type_description import generate_type_hash
[0.444s] ModuleNotFoundError: No module named 'rosidl_generator_type_description'
[0.444s] gmake[2]: *** [CMakeFiles/ros2_grasping__rosidl_generator_type_description.dir/build.make:75: rosidl_generator_type_description/ros2_grasping/action/Attacher.json] Error 1
[0.444s] gmake[1]: *** [CMakeFiles/Makefile2:215: CMakeFiles/ros2_grasping__rosidl_generator_type_description.dir/all] Error 2
[0.445s] gmake[1]: *** Waiting for unfinished jobs....
[0.467s] running egg_info
[0.468s] creating ros2_grasping.egg-info
[0.480s] writing ros2_grasping.egg-info/PKG-INFO
[0.481s] writing dependency_links to ros2_grasping.egg-info/dependency_links.txt
[0.481s] writing top-level names to ros2_grasping.egg-info/top_level.txt
[0.481s] writing manifest file 'ros2_grasping.egg-info/SOURCES.txt'
[0.518s] reading manifest file 'ros2_grasping.egg-info/SOURCES.txt'
[0.519s] writing manifest file 'ros2_grasping.egg-info/SOURCES.txt'
[0.543s] [  2%] Built target ament_cmake_python_build_ros2_grasping_egg
[0.544s] gmake: *** [Makefile:146: all] Error 2
