[0.021s] Invoking command in '/home/pathonai/ros2_ws/src/opensource_dev/build/moveit_task_constructor_msgs': DEBUGINFOD_URLS=https://debuginfod.ubuntu.com /usr/bin/cmake --build /home/pathonai/ros2_ws/src/opensource_dev/build/moveit_task_constructor_msgs -- -j16 -l16
[0.441s] [  1%] [34m[1mGenerating type hashes for ROS interfaces[0m
[0.442s] [  1%] Built target ament_cmake_python_symlink_moveit_task_constructor_msgs
[0.442s] running egg_info
[0.442s] creating moveit_task_constructor_msgs.egg-info
[0.443s] writing moveit_task_constructor_msgs.egg-info/PKG-INFO
[0.443s] writing dependency_links to moveit_task_constructor_msgs.egg-info/dependency_links.txt
[0.443s] writing top-level names to moveit_task_constructor_msgs.egg-info/top_level.txt
[0.444s] writing manifest file 'moveit_task_constructor_msgs.egg-info/SOURCES.txt'
[0.444s] reading manifest file 'moveit_task_constructor_msgs.egg-info/SOURCES.txt'
[0.444s] writing manifest file 'moveit_task_constructor_msgs.egg-info/SOURCES.txt'
[0.444s] [  1%] Built target ament_cmake_python_build_moveit_task_constructor_msgs_egg
[0.445s] Traceback (most recent call last):
[0.446s]   File "/home/pathonai/ros2_jazzy/install/rosidl_generator_type_description/lib/rosidl_generator_type_description/rosidl_generator_type_description", line 21, in <module>
[0.446s]     from rosidl_generator_type_description import generate_type_hash
[0.446s] ModuleNotFoundError: No module named 'rosidl_generator_type_description'
[0.447s] gmake[2]: *** [CMakeFiles/moveit_task_constructor_msgs__rosidl_generator_type_description.dir/build.make:97: rosidl_generator_type_description/moveit_task_constructor_msgs/msg/Property.json] Error 1
[0.447s] gmake[1]: *** [CMakeFiles/Makefile2:215: CMakeFiles/moveit_task_constructor_msgs__rosidl_generator_type_description.dir/all] Error 2
[0.448s] gmake[1]: *** Waiting for unfinished jobs....
[0.448s] gmake: *** [Makefile:146: all] Error 2
[0.459s] Invoked command in '/home/pathonai/ros2_ws/src/opensource_dev/build/moveit_task_constructor_msgs' returned '2': DEBUGINFOD_URLS=https://debuginfod.ubuntu.com /usr/bin/cmake --build /home/pathonai/ros2_ws/src/opensource_dev/build/moveit_task_constructor_msgs -- -j16 -l16
