[  2%] [34m[1mGenerating type hashes for ROS interfaces[0m
[  2%] Built target ament_cmake_python_symlink_graspnet_ros
[  2%] Built target graspnet_ros__rosidl_generator_type_description
[  5%] [34m[1mGenerating C code for ROS interfaces[0m
[  8%] [34m[1mGenerating C++ code for ROS interfaces[0m
running egg_info
writing graspnet_ros.egg-info/PKG-INFO
writing dependency_links to graspnet_ros.egg-info/dependency_links.txt
writing top-level names to graspnet_ros.egg-info/top_level.txt
reading manifest file 'graspnet_ros.egg-info/SOURCES.txt'
writing manifest file 'graspnet_ros.egg-info/SOURCES.txt'
[  8%] Built target ament_cmake_python_build_graspnet_ros_egg
[  8%] Built target graspnet_ros__cpp
[ 11%] [32mBuilding C object CMakeFiles/graspnet_ros__rosidl_generator_c.dir/rosidl_generator_c/graspnet_ros/srv/detail/update_interest_map__description.c.o[0m
[ 14%] [32mBuilding C object CMakeFiles/graspnet_ros__rosidl_generator_c.dir/rosidl_generator_c/graspnet_ros/srv/detail/update_interest_map__type_support.c.o[0m
[ 17%] [32mBuilding C object CMakeFiles/graspnet_ros__rosidl_generator_c.dir/rosidl_generator_c/graspnet_ros/srv/detail/update_interest_map__functions.c.o[0m
[ 20%] [32m[1mLinking C shared library libgraspnet_ros__rosidl_generator_c.so[0m
[ 20%] Built target graspnet_ros__rosidl_generator_c
[ 23%] [34m[1mGenerating C++ type support dispatch for ROS interfaces[0m
[ 26%] [34m[1mGenerating C++ type support for eProsima Fast-RTPS[0m
[ 29%] [34m[1mGenerating C introspection for ROS interfaces[0m
[ 32%] [34m[1mGenerating C type support dispatch for ROS interfaces[0m
[ 35%] [34m[1mGenerating C type support for eProsima Fast-RTPS[0m
[ 38%] [34m[1mGenerating C++ introspection for ROS interfaces[0m
[ 41%] [32mBuilding C object CMakeFiles/graspnet_ros__rosidl_typesupport_introspection_c.dir/rosidl_typesupport_introspection_c/graspnet_ros/srv/detail/update_interest_map__type_support.c.o[0m
[ 44%] [32mBuilding CXX object CMakeFiles/graspnet_ros__rosidl_typesupport_cpp.dir/rosidl_typesupport_cpp/graspnet_ros/srv/update_interest_map__type_support.cpp.o[0m
[ 47%] [32mBuilding CXX object CMakeFiles/graspnet_ros__rosidl_typesupport_c.dir/rosidl_typesupport_c/graspnet_ros/srv/update_interest_map__type_support.cpp.o[0m
[ 50%] [32m[1mLinking C shared library libgraspnet_ros__rosidl_typesupport_introspection_c.so[0m
[ 52%] [32m[1mLinking CXX shared library libgraspnet_ros__rosidl_typesupport_c.so[0m
[ 55%] [32mBuilding CXX object CMakeFiles/graspnet_ros__rosidl_typesupport_fastrtps_cpp.dir/rosidl_typesupport_fastrtps_cpp/graspnet_ros/srv/detail/dds_fastrtps/update_interest_map__type_support.cpp.o[0m
[ 55%] Built target graspnet_ros__rosidl_typesupport_introspection_c
[ 58%] [32mBuilding CXX object CMakeFiles/graspnet_ros__rosidl_typesupport_introspection_cpp.dir/rosidl_typesupport_introspection_cpp/graspnet_ros/srv/detail/update_interest_map__type_support.cpp.o[0m
[ 58%] Built target graspnet_ros__rosidl_typesupport_c
[ 61%] [32mBuilding CXX object CMakeFiles/graspnet_ros__rosidl_typesupport_fastrtps_c.dir/rosidl_typesupport_fastrtps_c/graspnet_ros/srv/detail/update_interest_map__type_support_c.cpp.o[0m
[ 64%] [32m[1mLinking CXX shared library libgraspnet_ros__rosidl_typesupport_cpp.so[0m
[ 64%] Built target graspnet_ros__rosidl_typesupport_cpp
[ 67%] [32m[1mLinking CXX shared library libgraspnet_ros__rosidl_typesupport_introspection_cpp.so[0m
[ 70%] [32m[1mLinking CXX shared library libgraspnet_ros__rosidl_typesupport_fastrtps_c.so[0m
[ 70%] Built target graspnet_ros__rosidl_typesupport_introspection_cpp
[ 73%] [32m[1mLinking CXX shared library libgraspnet_ros__rosidl_typesupport_fastrtps_cpp.so[0m
[ 73%] Built target graspnet_ros__rosidl_typesupport_fastrtps_c
[ 73%] Built target graspnet_ros__rosidl_typesupport_fastrtps_cpp
[ 73%] Built target graspnet_ros
[ 76%] [34m[1mGenerating Python code for ROS interfaces[0m
[ 76%] Built target graspnet_ros__py
[ 79%] [32mBuilding C object CMakeFiles/graspnet_ros__rosidl_generator_py.dir/rosidl_generator_py/graspnet_ros/srv/_update_interest_map_s.c.o[0m
[ 82%] [32m[1mLinking C shared library libgraspnet_ros__rosidl_generator_py.so[0m
[ 82%] Built target graspnet_ros__rosidl_generator_py
[ 85%] [32mBuilding C object CMakeFiles/graspnet_ros_s__rosidl_typesupport_fastrtps_c.dir/rosidl_generator_py/graspnet_ros/_graspnet_ros_s.ep.rosidl_typesupport_fastrtps_c.c.o[0m
[ 88%] [32mBuilding C object CMakeFiles/graspnet_ros_s__rosidl_typesupport_introspection_c.dir/rosidl_generator_py/graspnet_ros/_graspnet_ros_s.ep.rosidl_typesupport_introspection_c.c.o[0m
[ 91%] [32mBuilding C object CMakeFiles/graspnet_ros_s__rosidl_typesupport_c.dir/rosidl_generator_py/graspnet_ros/_graspnet_ros_s.ep.rosidl_typesupport_c.c.o[0m
[ 94%] [32m[1mLinking C shared module rosidl_generator_py/graspnet_ros/graspnet_ros_s__rosidl_typesupport_fastrtps_c.so[0m
[ 97%] [32m[1mLinking C shared module rosidl_generator_py/graspnet_ros/graspnet_ros_s__rosidl_typesupport_c.so[0m
[100%] [32m[1mLinking C shared module rosidl_generator_py/graspnet_ros/graspnet_ros_s__rosidl_typesupport_introspection_c.so[0m
[100%] Built target graspnet_ros_s__rosidl_typesupport_fastrtps_c
[100%] Built target graspnet_ros_s__rosidl_typesupport_introspection_c
[100%] Built target graspnet_ros_s__rosidl_typesupport_c
