[0.636s] Invoking command in '/home/pathonai/ros2_ws/src/opensource_dev/build/graspnet_ros': CMAKE_PREFIX_PATH=${CMAKE_PREFIX_PATH}:/home/pathonai/ros2_jazzy/install/rqt_bag_plugins:/home/pathonai/ros2_jazzy/install/rqt_bag:/home/pathonai/ros2_jazzy/install/rosbag2_examples_py:/home/pathonai/ros2_jazzy/install/launch_testing_examples:/home/pathonai/ros2_jazzy/install/ros2bag:/home/pathonai/ros2_jazzy/install/tracetools_test:/home/pathonai/ros2_jazzy/install/tracetools_launch:/home/pathonai/ros2_jazzy/install/topic_monitor:/home/pathonai/ros2_jazzy/install/tf2_tools:/home/pathonai/ros2_jazzy/install/examples_tf2_py:/home/pathonai/ros2_jazzy/install/tf2_ros_py:/home/pathonai/ros2_jazzy/install/examples_rclpy_pointcloud_publisher:/home/pathonai/ros2_jazzy/install/sensor_msgs_py:/home/pathonai/ros2_jazzy/install/quality_of_service_demo_py:/home/pathonai/ros2_jazzy/install/camera_info_manager_py:/home/pathonai/ros2_jazzy/install/rqt_plot:/home/pathonai/ros2_jazzy/install/ros2doctor:/home/pathonai/ros2_jazzy/install/lifecycle_py:/home/pathonai/ros2_jazzy/install/examples_rclpy_minimal_subscriber:/home/pathonai/ros2_jazzy/install/examples_rclpy_minimal_service:/home/pathonai/ros2_jazzy/install/examples_rclpy_minimal_publisher:/home/pathonai/ros2_jazzy/install/examples_rclpy_minimal_client:/home/pathonai/ros2_jazzy/install/examples_rclpy_executors:/home/pathonai/ros2_jazzy/install/demo_nodes_py:/home/pathonai/ros2_jazzy/install/rqt:/home/pathonai/ros2_jazzy/install/ros2component:/home/pathonai/ros2_jazzy/install/sros2:/home/pathonai/ros2_jazzy/install/rqt_topic:/home/pathonai/ros2_jazzy/install/rqt_srv:/home/pathonai/ros2_jazzy/install/rqt_shell:/home/pathonai/ros2_jazzy/install/rqt_service_caller:/home/pathonai/ros2_jazzy/install/rqt_reconfigure:/home/pathonai/ros2_jazzy/install/rqt_py_console:/home/pathonai/ros2_jazzy/install/rqt_publisher:/home/pathonai/ros2_jazzy/install/rqt_action:/home/pathonai/ros2_jazzy/install/rqt_msg:/home/pathonai/ros2_jazzy/install/rqt_console:/home/pathonai/ros2_jazzy/install/rqt_graph:/home/pathonai/ros2_jazzy/install/rqt_gui_py:/home/pathonai/ros2_jazzy/install/rqt_gui:/home/pathonai/ros2_jazzy/install/ros2trace:/home/pathonai/ros2_jazzy/install/ros2param:/home/pathonai/ros2_jazzy/install/ros2lifecycle:/home/pathonai/ros2_jazzy/install/ros2service:/home/pathonai/ros2_jazzy/install/ros2topic:/home/pathonai/ros2_jazzy/install/ros2test:/home/pathonai/ros2_jazzy/install/ros2run:/home/pathonai/ros2_jazzy/install/ros2launch:/home/pathonai/ros2_jazzy/install/ros2pkg:/home/pathonai/ros2_jazzy/install/ros2node:/home/pathonai/ros2_jazzy/install/ros2multicast:/home/pathonai/ros2_jazzy/install/ros2interface:/home/pathonai/ros2_jazzy/install/ros2action:/home/pathonai/ros2_jazzy/install/ros2cli:/home/pathonai/ros2_jazzy/install/launch_testing_ros:/home/pathonai/ros2_jazzy/install/launch_ros:/home/pathonai/ros2_jazzy/install/examples_rclpy_minimal_action_server:/home/pathonai/ros2_jazzy/install/examples_rclpy_minimal_action_client:/home/pathonai/ros2_jazzy/install/examples_rclpy_guard_conditions:/home/pathonai/ros2_jazzy/install/action_tutorials_py:/home/pathonai/ros2_jazzy/install/ament_uncrustify:/home/pathonai/ros2_jazzy/install/tracetools_trace:/home/pathonai/ros2_jazzy/install/tracetools_read:/home/pathonai/ros2_jazzy/install/test_tracetools_launch:/home/pathonai/ros2_jazzy/install/test_ros2trace:/home/pathonai/ros2_jazzy/install/test_launch_ros:/home/pathonai/ros2_jazzy/install/rpyutils:/home/pathonai/ros2_jazzy/install/rosidl_runtime_py:/home/pathonai/ros2_jazzy/install/rosidl_pycommon:/home/pathonai/ros2_jazzy/install/rosidl_cli:/home/pathonai/ros2_jazzy/install/launch_pytest:/home/pathonai/ros2_jazzy/install/launch_testing:/home/pathonai/ros2_jazzy/install/launch_yaml:/home/pathonai/ros2_jazzy/install/launch_xml:/home/pathonai/ros2_jazzy/install/launch:/home/pathonai/ros2_jazzy/install/osrf_pycommon:/home/pathonai/ros2_jazzy/install/domain_coordinator:/home/pathonai/ros2_jazzy/install/ament_xmllint:/home/pathonai/ros2_jazzy/install/ament_pyflakes:/home/pathonai/ros2_jazzy/install/ament_pycodestyle:/home/pathonai/ros2_jazzy/install/ament_pep257:/home/pathonai/ros2_jazzy/install/ament_pclint:/home/pathonai/ros2_jazzy/install/ament_package:/home/pathonai/ros2_jazzy/install/ament_mypy:/home/pathonai/ros2_jazzy/install/ament_lint_cmake:/home/pathonai/ros2_jazzy/install/ament_flake8:/home/pathonai/ros2_jazzy/install/ament_copyright:/home/pathonai/ros2_jazzy/install/ament_lint:/home/pathonai/ros2_jazzy/install/ament_index_python:/home/pathonai/ros2_jazzy/install/ament_cpplint:/home/pathonai/ros2_jazzy/install/ament_cppcheck:/home/pathonai/ros2_jazzy/install/ament_clang_tidy:/home/pathonai/ros2_jazzy/install/ament_clang_format:/opt/ros/jazzy DEBUGINFOD_URLS=https://debuginfod.ubuntu.com /usr/bin/cmake --build /home/pathonai/ros2_ws/src/opensource_dev/build/graspnet_ros -- -j16 -l16
[0.746s] [  2%] [34m[1mGenerating type hashes for ROS interfaces[0m
[0.762s] [  2%] Built target ament_cmake_python_symlink_graspnet_ros
[1.322s] [  2%] Built target graspnet_ros__rosidl_generator_type_description
[1.354s] [  5%] [34m[1mGenerating C code for ROS interfaces[0m
[1.381s] [  8%] [34m[1mGenerating C++ code for ROS interfaces[0m
[1.604s] running egg_info
[1.679s] writing graspnet_ros.egg-info/PKG-INFO
[1.680s] writing dependency_links to graspnet_ros.egg-info/dependency_links.txt
[1.680s] writing top-level names to graspnet_ros.egg-info/top_level.txt
[2.036s] reading manifest file 'graspnet_ros.egg-info/SOURCES.txt'
[2.041s] writing manifest file 'graspnet_ros.egg-info/SOURCES.txt'
[2.233s] [  8%] Built target ament_cmake_python_build_graspnet_ros_egg
[2.277s] [  8%] Built target graspnet_ros__cpp
[2.430s] [ 11%] [32mBuilding C object CMakeFiles/graspnet_ros__rosidl_generator_c.dir/rosidl_generator_c/graspnet_ros/srv/detail/update_interest_map__description.c.o[0m
[2.441s] [ 14%] [32mBuilding C object CMakeFiles/graspnet_ros__rosidl_generator_c.dir/rosidl_generator_c/graspnet_ros/srv/detail/update_interest_map__type_support.c.o[0m
[2.442s] [ 17%] [32mBuilding C object CMakeFiles/graspnet_ros__rosidl_generator_c.dir/rosidl_generator_c/graspnet_ros/srv/detail/update_interest_map__functions.c.o[0m
[2.657s] [ 20%] [32m[1mLinking C shared library libgraspnet_ros__rosidl_generator_c.so[0m
[2.791s] [ 20%] Built target graspnet_ros__rosidl_generator_c
[2.836s] [ 23%] [34m[1mGenerating C++ type support dispatch for ROS interfaces[0m
[2.837s] [ 26%] [34m[1mGenerating C++ type support for eProsima Fast-RTPS[0m
[2.863s] [ 29%] [34m[1mGenerating C introspection for ROS interfaces[0m
[2.881s] [ 32%] [34m[1mGenerating C type support dispatch for ROS interfaces[0m
[2.889s] [ 35%] [34m[1mGenerating C type support for eProsima Fast-RTPS[0m
[2.892s] [ 38%] [34m[1mGenerating C++ introspection for ROS interfaces[0m
[3.947s] [ 41%] [32mBuilding C object CMakeFiles/graspnet_ros__rosidl_typesupport_introspection_c.dir/rosidl_typesupport_introspection_c/graspnet_ros/srv/detail/update_interest_map__type_support.c.o[0m
[3.960s] [ 44%] [32mBuilding CXX object CMakeFiles/graspnet_ros__rosidl_typesupport_cpp.dir/rosidl_typesupport_cpp/graspnet_ros/srv/update_interest_map__type_support.cpp.o[0m
[4.031s] [ 47%] [32mBuilding CXX object CMakeFiles/graspnet_ros__rosidl_typesupport_c.dir/rosidl_typesupport_c/graspnet_ros/srv/update_interest_map__type_support.cpp.o[0m
[4.197s] [ 50%] [32m[1mLinking C shared library libgraspnet_ros__rosidl_typesupport_introspection_c.so[0m
[4.258s] [ 52%] [32m[1mLinking CXX shared library libgraspnet_ros__rosidl_typesupport_c.so[0m
[4.362s] [ 55%] [32mBuilding CXX object CMakeFiles/graspnet_ros__rosidl_typesupport_fastrtps_cpp.dir/rosidl_typesupport_fastrtps_cpp/graspnet_ros/srv/detail/dds_fastrtps/update_interest_map__type_support.cpp.o[0m
[4.432s] [ 55%] Built target graspnet_ros__rosidl_typesupport_introspection_c
[4.464s] [ 58%] [32mBuilding CXX object CMakeFiles/graspnet_ros__rosidl_typesupport_introspection_cpp.dir/rosidl_typesupport_introspection_cpp/graspnet_ros/srv/detail/update_interest_map__type_support.cpp.o[0m
[4.477s] [ 58%] Built target graspnet_ros__rosidl_typesupport_c
[4.549s] [ 61%] [32mBuilding CXX object CMakeFiles/graspnet_ros__rosidl_typesupport_fastrtps_c.dir/rosidl_typesupport_fastrtps_c/graspnet_ros/srv/detail/update_interest_map__type_support_c.cpp.o[0m
[5.272s] [ 64%] [32m[1mLinking CXX shared library libgraspnet_ros__rosidl_typesupport_cpp.so[0m
[5.653s] [ 64%] Built target graspnet_ros__rosidl_typesupport_cpp
[6.226s] [ 67%] [32m[1mLinking CXX shared library libgraspnet_ros__rosidl_typesupport_introspection_cpp.so[0m
[6.547s] [ 70%] [32m[1mLinking CXX shared library libgraspnet_ros__rosidl_typesupport_fastrtps_c.so[0m
[6.591s] [ 70%] Built target graspnet_ros__rosidl_typesupport_introspection_cpp
[6.651s] [ 73%] [32m[1mLinking CXX shared library libgraspnet_ros__rosidl_typesupport_fastrtps_cpp.so[0m
[6.754s] [ 73%] Built target graspnet_ros__rosidl_typesupport_fastrtps_c
[6.867s] [ 73%] Built target graspnet_ros__rosidl_typesupport_fastrtps_cpp
[6.930s] [ 73%] Built target graspnet_ros
[7.003s] [ 76%] [34m[1mGenerating Python code for ROS interfaces[0m
[8.099s] [ 76%] Built target graspnet_ros__py
[8.162s] [ 79%] [32mBuilding C object CMakeFiles/graspnet_ros__rosidl_generator_py.dir/rosidl_generator_py/graspnet_ros/srv/_update_interest_map_s.c.o[0m
[8.456s] [ 82%] [32m[1mLinking C shared library libgraspnet_ros__rosidl_generator_py.so[0m
[8.529s] [ 82%] Built target graspnet_ros__rosidl_generator_py
[8.577s] [ 85%] [32mBuilding C object CMakeFiles/graspnet_ros_s__rosidl_typesupport_fastrtps_c.dir/rosidl_generator_py/graspnet_ros/_graspnet_ros_s.ep.rosidl_typesupport_fastrtps_c.c.o[0m
[8.590s] [ 88%] [32mBuilding C object CMakeFiles/graspnet_ros_s__rosidl_typesupport_introspection_c.dir/rosidl_generator_py/graspnet_ros/_graspnet_ros_s.ep.rosidl_typesupport_introspection_c.c.o[0m
[8.594s] [ 91%] [32mBuilding C object CMakeFiles/graspnet_ros_s__rosidl_typesupport_c.dir/rosidl_generator_py/graspnet_ros/_graspnet_ros_s.ep.rosidl_typesupport_c.c.o[0m
[8.798s] [ 94%] [32m[1mLinking C shared module rosidl_generator_py/graspnet_ros/graspnet_ros_s__rosidl_typesupport_fastrtps_c.so[0m
[8.805s] [ 97%] [32m[1mLinking C shared module rosidl_generator_py/graspnet_ros/graspnet_ros_s__rosidl_typesupport_c.so[0m
[8.807s] [100%] [32m[1mLinking C shared module rosidl_generator_py/graspnet_ros/graspnet_ros_s__rosidl_typesupport_introspection_c.so[0m
[8.905s] [100%] Built target graspnet_ros_s__rosidl_typesupport_fastrtps_c
[8.925s] [100%] Built target graspnet_ros_s__rosidl_typesupport_introspection_c
[8.931s] [100%] Built target graspnet_ros_s__rosidl_typesupport_c
