-- Install configuration: ""
-- Execute custom install script
-- Up-to-date symlink: /home/pathonai/ros2_ws/src/opensource_dev/install/mycobot_description/share/mycobot_description/launch/robot_state_publisher.launch.py
-- Symlinking: /home/pathonai/ros2_ws/src/opensource_dev/install/mycobot_description/share/mycobot_description/meshes/adaptive_gripper/visual/gripper_base.dae
-- Symlinking: /home/pathonai/ros2_ws/src/opensource_dev/install/mycobot_description/share/mycobot_description/meshes/adaptive_gripper/visual/gripper_left1.dae
-- Symlinking: /home/pathonai/ros2_ws/src/opensource_dev/install/mycobot_description/share/mycobot_description/meshes/adaptive_gripper/visual/gripper_left2.dae
-- Symlinking: /home/pathonai/ros2_ws/src/opensource_dev/install/mycobot_description/share/mycobot_description/meshes/adaptive_gripper/visual/gripper_left3.dae
-- Symlinking: /home/pathonai/ros2_ws/src/opensource_dev/install/mycobot_description/share/mycobot_description/meshes/adaptive_gripper/visual/gripper_right1.dae
-- Symlinking: /home/pathonai/ros2_ws/src/opensource_dev/install/mycobot_description/share/mycobot_description/meshes/adaptive_gripper/visual/gripper_right2.dae
-- Symlinking: /home/pathonai/ros2_ws/src/opensource_dev/install/mycobot_description/share/mycobot_description/meshes/adaptive_gripper/visual/gripper_right3.dae
-- Symlinking: /home/pathonai/ros2_ws/src/opensource_dev/install/mycobot_description/share/mycobot_description/meshes/d435/visual/d435.stl
-- Symlinking: /home/pathonai/ros2_ws/src/opensource_dev/install/mycobot_description/share/mycobot_description/meshes/g_shape_base_v2_0/visual/base_link.dae
-- Symlinking: /home/pathonai/ros2_ws/src/opensource_dev/install/mycobot_description/share/mycobot_description/meshes/mycobot_280/visual/link1.dae
-- Symlinking: /home/pathonai/ros2_ws/src/opensource_dev/install/mycobot_description/share/mycobot_description/meshes/mycobot_280/visual/link1.png
-- Symlinking: /home/pathonai/ros2_ws/src/opensource_dev/install/mycobot_description/share/mycobot_description/meshes/mycobot_280/visual/link2.dae
-- Symlinking: /home/pathonai/ros2_ws/src/opensource_dev/install/mycobot_description/share/mycobot_description/meshes/mycobot_280/visual/link2.png
-- Symlinking: /home/pathonai/ros2_ws/src/opensource_dev/install/mycobot_description/share/mycobot_description/meshes/mycobot_280/visual/link3.dae
-- Symlinking: /home/pathonai/ros2_ws/src/opensource_dev/install/mycobot_description/share/mycobot_description/meshes/mycobot_280/visual/link3.png
-- Symlinking: /home/pathonai/ros2_ws/src/opensource_dev/install/mycobot_description/share/mycobot_description/meshes/mycobot_280/visual/link4.dae
-- Symlinking: /home/pathonai/ros2_ws/src/opensource_dev/install/mycobot_description/share/mycobot_description/meshes/mycobot_280/visual/link4.png
-- Symlinking: /home/pathonai/ros2_ws/src/opensource_dev/install/mycobot_description/share/mycobot_description/meshes/mycobot_280/visual/link5.dae
-- Symlinking: /home/pathonai/ros2_ws/src/opensource_dev/install/mycobot_description/share/mycobot_description/meshes/mycobot_280/visual/link5.png
-- Symlinking: /home/pathonai/ros2_ws/src/opensource_dev/install/mycobot_description/share/mycobot_description/meshes/mycobot_280/visual/link6.dae
-- Symlinking: /home/pathonai/ros2_ws/src/opensource_dev/install/mycobot_description/share/mycobot_description/meshes/mycobot_280/visual/link6.png
-- Symlinking: /home/pathonai/ros2_ws/src/opensource_dev/install/mycobot_description/share/mycobot_description/meshes/mycobot_280/visual/link7.dae
-- Symlinking: /home/pathonai/ros2_ws/src/opensource_dev/install/mycobot_description/share/mycobot_description/meshes/mycobot_280/visual/link7.png
-- Symlinking: /home/pathonai/ros2_ws/src/opensource_dev/install/mycobot_description/share/mycobot_description/meshes/mycobot_280/visual/suit_env.dae
-- Symlinking: /home/pathonai/ros2_ws/src/opensource_dev/install/mycobot_description/share/mycobot_description/urdf/control/gazebo_sim_ros2_control.urdf.xacro
-- Symlinking: /home/pathonai/ros2_ws/src/opensource_dev/install/mycobot_description/share/mycobot_description/urdf/control/mycobot_280_ros2_control.urdf.xacro
-- Symlinking: /home/pathonai/ros2_ws/src/opensource_dev/install/mycobot_description/share/mycobot_description/urdf/mech/adaptive_gripper.urdf.xacro
-- Symlinking: /home/pathonai/ros2_ws/src/opensource_dev/install/mycobot_description/share/mycobot_description/urdf/mech/g_shape_base_v2_0.urdf.xacro
-- Symlinking: /home/pathonai/ros2_ws/src/opensource_dev/install/mycobot_description/share/mycobot_description/urdf/mech/mycobot_280_arm.urdf.xacro
-- Symlinking: /home/pathonai/ros2_ws/src/opensource_dev/install/mycobot_description/share/mycobot_description/urdf/mycobot280_rviz.png
-- Symlinking: /home/pathonai/ros2_ws/src/opensource_dev/install/mycobot_description/share/mycobot_description/urdf/robots/mycobot_280.urdf.xacro
-- Symlinking: /home/pathonai/ros2_ws/src/opensource_dev/install/mycobot_description/share/mycobot_description/urdf/sensors/intel_rgbd_cam_d435.urdf.xacro
-- Symlinking: /home/pathonai/ros2_ws/src/opensource_dev/install/mycobot_description/share/mycobot_description/rviz/mycobot_280_description.rviz
-- Symlinking: /home/pathonai/ros2_ws/src/opensource_dev/install/mycobot_description/share/ament_index/resource_index/package_run_dependencies/mycobot_description
-- Symlinking: /home/pathonai/ros2_ws/src/opensource_dev/install/mycobot_description/share/ament_index/resource_index/parent_prefix_path/mycobot_description
-- Symlinking: /home/pathonai/ros2_ws/src/opensource_dev/install/mycobot_description/share/mycobot_description/environment/ament_prefix_path.sh
-- Symlinking: /home/pathonai/ros2_ws/src/opensource_dev/install/mycobot_description/share/mycobot_description/environment/ament_prefix_path.dsv
-- Symlinking: /home/pathonai/ros2_ws/src/opensource_dev/install/mycobot_description/share/mycobot_description/environment/path.sh
-- Symlinking: /home/pathonai/ros2_ws/src/opensource_dev/install/mycobot_description/share/mycobot_description/environment/path.dsv
-- Symlinking: /home/pathonai/ros2_ws/src/opensource_dev/install/mycobot_description/share/mycobot_description/local_setup.bash
-- Symlinking: /home/pathonai/ros2_ws/src/opensource_dev/install/mycobot_description/share/mycobot_description/local_setup.sh
-- Symlinking: /home/pathonai/ros2_ws/src/opensource_dev/install/mycobot_description/share/mycobot_description/local_setup.zsh
-- Symlinking: /home/pathonai/ros2_ws/src/opensource_dev/install/mycobot_description/share/mycobot_description/local_setup.dsv
-- Symlinking: /home/pathonai/ros2_ws/src/opensource_dev/install/mycobot_description/share/mycobot_description/package.dsv
-- Symlinking: /home/pathonai/ros2_ws/src/opensource_dev/install/mycobot_description/share/ament_index/resource_index/packages/mycobot_description
-- Symlinking: /home/pathonai/ros2_ws/src/opensource_dev/install/mycobot_description/share/mycobot_description/cmake/mycobot_descriptionConfig.cmake
-- Symlinking: /home/pathonai/ros2_ws/src/opensource_dev/install/mycobot_description/share/mycobot_description/cmake/mycobot_descriptionConfig-version.cmake
-- Symlinking: /home/pathonai/ros2_ws/src/opensource_dev/install/mycobot_description/share/mycobot_description/package.xml
