[0.800s] Invoking command in '/home/pathonai/ros2_ws/src/opensource_dev/build/ros2_grasping': CMAKE_PREFIX_PATH=${CMAKE_PREFIX_PATH}:/home/pathonai/ros2_jazzy/install/rqt_bag_plugins:/home/pathonai/ros2_jazzy/install/rqt_bag:/home/pathonai/ros2_jazzy/install/rosbag2_examples_py:/home/pathonai/ros2_jazzy/install/launch_testing_examples:/home/pathonai/ros2_jazzy/install/ros2bag:/home/pathonai/ros2_jazzy/install/tracetools_test:/home/pathonai/ros2_jazzy/install/tracetools_launch:/home/pathonai/ros2_jazzy/install/topic_monitor:/home/pathonai/ros2_jazzy/install/tf2_tools:/home/pathonai/ros2_jazzy/install/examples_tf2_py:/home/pathonai/ros2_jazzy/install/tf2_ros_py:/home/pathonai/ros2_jazzy/install/examples_rclpy_pointcloud_publisher:/home/pathonai/ros2_jazzy/install/sensor_msgs_py:/home/pathonai/ros2_jazzy/install/quality_of_service_demo_py:/home/pathonai/ros2_jazzy/install/camera_info_manager_py:/home/pathonai/ros2_jazzy/install/rqt_plot:/home/pathonai/ros2_jazzy/install/ros2doctor:/home/pathonai/ros2_jazzy/install/lifecycle_py:/home/pathonai/ros2_jazzy/install/examples_rclpy_minimal_subscriber:/home/pathonai/ros2_jazzy/install/examples_rclpy_minimal_service:/home/pathonai/ros2_jazzy/install/examples_rclpy_minimal_publisher:/home/pathonai/ros2_jazzy/install/examples_rclpy_minimal_client:/home/pathonai/ros2_jazzy/install/examples_rclpy_executors:/home/pathonai/ros2_jazzy/install/demo_nodes_py:/home/pathonai/ros2_jazzy/install/rqt:/home/pathonai/ros2_jazzy/install/ros2component:/home/pathonai/ros2_jazzy/install/sros2:/home/pathonai/ros2_jazzy/install/rqt_topic:/home/pathonai/ros2_jazzy/install/rqt_srv:/home/pathonai/ros2_jazzy/install/rqt_shell:/home/pathonai/ros2_jazzy/install/rqt_service_caller:/home/pathonai/ros2_jazzy/install/rqt_reconfigure:/home/pathonai/ros2_jazzy/install/rqt_py_console:/home/pathonai/ros2_jazzy/install/rqt_publisher:/home/pathonai/ros2_jazzy/install/rqt_action:/home/pathonai/ros2_jazzy/install/rqt_msg:/home/pathonai/ros2_jazzy/install/rqt_console:/home/pathonai/ros2_jazzy/install/rqt_graph:/home/pathonai/ros2_jazzy/install/rqt_gui_py:/home/pathonai/ros2_jazzy/install/rqt_gui:/home/pathonai/ros2_jazzy/install/ros2trace:/home/pathonai/ros2_jazzy/install/ros2param:/home/pathonai/ros2_jazzy/install/ros2lifecycle:/home/pathonai/ros2_jazzy/install/ros2service:/home/pathonai/ros2_jazzy/install/ros2topic:/home/pathonai/ros2_jazzy/install/ros2test:/home/pathonai/ros2_jazzy/install/ros2run:/home/pathonai/ros2_jazzy/install/ros2launch:/home/pathonai/ros2_jazzy/install/ros2pkg:/home/pathonai/ros2_jazzy/install/ros2node:/home/pathonai/ros2_jazzy/install/ros2multicast:/home/pathonai/ros2_jazzy/install/ros2interface:/home/pathonai/ros2_jazzy/install/ros2action:/home/pathonai/ros2_jazzy/install/ros2cli:/home/pathonai/ros2_jazzy/install/launch_testing_ros:/home/pathonai/ros2_jazzy/install/launch_ros:/home/pathonai/ros2_jazzy/install/examples_rclpy_minimal_action_server:/home/pathonai/ros2_jazzy/install/examples_rclpy_minimal_action_client:/home/pathonai/ros2_jazzy/install/examples_rclpy_guard_conditions:/home/pathonai/ros2_jazzy/install/action_tutorials_py:/home/pathonai/ros2_jazzy/install/ament_uncrustify:/home/pathonai/ros2_jazzy/install/tracetools_trace:/home/pathonai/ros2_jazzy/install/tracetools_read:/home/pathonai/ros2_jazzy/install/test_tracetools_launch:/home/pathonai/ros2_jazzy/install/test_ros2trace:/home/pathonai/ros2_jazzy/install/test_launch_ros:/home/pathonai/ros2_jazzy/install/rpyutils:/home/pathonai/ros2_jazzy/install/rosidl_runtime_py:/home/pathonai/ros2_jazzy/install/rosidl_pycommon:/home/pathonai/ros2_jazzy/install/rosidl_cli:/home/pathonai/ros2_jazzy/install/launch_pytest:/home/pathonai/ros2_jazzy/install/launch_testing:/home/pathonai/ros2_jazzy/install/launch_yaml:/home/pathonai/ros2_jazzy/install/launch_xml:/home/pathonai/ros2_jazzy/install/launch:/home/pathonai/ros2_jazzy/install/osrf_pycommon:/home/pathonai/ros2_jazzy/install/domain_coordinator:/home/pathonai/ros2_jazzy/install/ament_xmllint:/home/pathonai/ros2_jazzy/install/ament_pyflakes:/home/pathonai/ros2_jazzy/install/ament_pycodestyle:/home/pathonai/ros2_jazzy/install/ament_pep257:/home/pathonai/ros2_jazzy/install/ament_pclint:/home/pathonai/ros2_jazzy/install/ament_package:/home/pathonai/ros2_jazzy/install/ament_mypy:/home/pathonai/ros2_jazzy/install/ament_lint_cmake:/home/pathonai/ros2_jazzy/install/ament_flake8:/home/pathonai/ros2_jazzy/install/ament_copyright:/home/pathonai/ros2_jazzy/install/ament_lint:/home/pathonai/ros2_jazzy/install/ament_index_python:/home/pathonai/ros2_jazzy/install/ament_cpplint:/home/pathonai/ros2_jazzy/install/ament_cppcheck:/home/pathonai/ros2_jazzy/install/ament_clang_tidy:/home/pathonai/ros2_jazzy/install/ament_clang_format:/opt/ros/jazzy DEBUGINFOD_URLS=https://debuginfod.ubuntu.com /usr/bin/cmake /home/pathonai/ros2_ws/src/opensource_dev/ros2_RobotSimulation/ros2_grasping -DAMENT_CMAKE_SYMLINK_INSTALL=1 -DCMAKE_INSTALL_PREFIX=/home/pathonai/ros2_ws/src/opensource_dev/install/ros2_grasping
[4.069s] -- The C compiler identification is GNU 13.3.0
[4.069s] -- The CXX compiler identification is GNU 13.3.0
[4.070s] -- Detecting C compiler ABI info
[4.070s] -- Detecting C compiler ABI info - done
[4.070s] -- Check for working C compiler: /usr/bin/cc - skipped
[4.070s] -- Detecting C compile features
[4.070s] -- Detecting C compile features - done
[4.070s] -- Detecting CXX compiler ABI info
[4.070s] -- Detecting CXX compiler ABI info - done
[4.070s] -- Check for working CXX compiler: /usr/bin/c++ - skipped
[4.071s] -- Detecting CXX compile features
[4.071s] -- Detecting CXX compile features - done
[4.071s] -- Found ament_cmake: 2.5.4 (/home/pathonai/ros2_jazzy/install/ament_cmake/share/ament_cmake/cmake)
[4.071s] -- Found Python3: /usr/bin/python3 (found version "3.12.3") found components: Interpreter 
[4.071s] -- Override CMake install command with custom implementation using symlinks instead of copying resources
[4.071s] -- Found ament_lint_auto: 0.17.3 (/home/pathonai/ros2_jazzy/install/ament_lint_auto/share/ament_lint_auto/cmake)
[4.071s] -- Found rosidl_default_generators: 1.6.0 (/home/pathonai/ros2_jazzy/install/rosidl_default_generators/share/rosidl_default_generators/cmake)
[4.087s] -- Using all available rosidl_typesupport_c: rosidl_typesupport_introspection_c;rosidl_typesupport_fastrtps_c
[4.343s] -- Using all available rosidl_typesupport_cpp: rosidl_typesupport_introspection_cpp;rosidl_typesupport_fastrtps_cpp
[4.486s] -- Found rosidl_adapter: 4.6.6 (/home/pathonai/ros2_jazzy/install/rosidl_adapter/share/rosidl_adapter/cmake)
[6.502s] -- Found ament_cmake_ros: 0.12.0 (/home/pathonai/ros2_jazzy/install/ament_cmake_ros/share/ament_cmake_ros/cmake)
[7.343s] -- Using all available rosidl_typesupport_c: rosidl_typesupport_introspection_c;rosidl_typesupport_fastrtps_c
[8.849s] -- Using all available rosidl_typesupport_cpp: rosidl_typesupport_introspection_cpp;rosidl_typesupport_fastrtps_cpp
[8.862s] -- Found python_cmake_module: 0.11.1 (/home/pathonai/ros2_jazzy/install/python_cmake_module/share/python_cmake_module/cmake)
[9.198s] -- Found PythonExtra: /usr/bin/python3  
[10.225s] -- Found Python3: /usr/bin/python3 (found version "3.12.3") found components: Interpreter Development NumPy Development.Module Development.Embed 
[10.425s] -- Added test 'copyright' to check source files copyright and LICENSE
[10.433s] -- Added test 'flake8' to check Python code syntax and style conventions
[10.433s] -- Configured 'flake8' exclude dirs and/or files: 
[10.439s] -- Added test 'lint_cmake' to check CMake code style
[10.445s] -- Added test 'pep257' to check Python code against some of the docstring style conventions in PEP 257
[10.452s] -- Added test 'xmllint' to check XML markup files
[10.473s] -- Configuring done (9.6s)
[10.516s] -- Generating done (0.0s)
[10.529s] -- Build files have been written to: /home/pathonai/ros2_ws/src/opensource_dev/build/ros2_grasping
