[0.019s] Invoking command in '/home/pathonai/ros2_ws/src/opensource_dev/mycobot_ros2/build/moveit_task_constructor_core': AMENT_PREFIX_PATH=/home/pathonai/ros2_jazzy/src/opensource_dev/mycobot_ros2/install/rviz_marker_tools:/home/pathonai/ros2_jazzy/src/opensource_dev/mycobot_ros2/install/moveit_task_constructor_msgs CMAKE_PREFIX_PATH=/home/pathonai/ros2_ws/src/opensource_dev/mycobot_ros2/install/rviz_marker_tools:/home/pathonai/ros2_ws/src/opensource_dev/mycobot_ros2/install/moveit_task_constructor_msgs DEBUGINFOD_URLS=https://debuginfod.ubuntu.com LD_LIBRARY_PATH=/home/pathonai/ros2_jazzy/src/opensource_dev/mycobot_ros2/install/rviz_marker_tools/lib:/home/pathonai/ros2_ws/src/opensource_dev/mycobot_ros2/install/rviz_marker_tools/lib:/home/pathonai/ros2_jazzy/src/opensource_dev/mycobot_ros2/install/moveit_task_constructor_msgs/lib:/home/pathonai/ros2_ws/src/opensource_dev/mycobot_ros2/install/moveit_task_constructor_msgs/lib PYTHONPATH=/home/pathonai/ros2_jazzy/src/opensource_dev/mycobot_ros2/install/moveit_task_constructor_msgs/lib/python3.12/site-packages:/home/pathonai/ros2_ws/src/opensource_dev/mycobot_ros2/install/moveit_task_constructor_msgs/lib/python3.12/site-packages /usr/bin/cmake --build /home/pathonai/ros2_ws/src/opensource_dev/mycobot_ros2/build/moveit_task_constructor_core -- -j16 -l16
[0.026s] [0mCMake Error: The current CMakeCache.txt directory /home/pathonai/ros2_ws/src/opensource_dev/mycobot_ros2/build/moveit_task_constructor_core/CMakeCache.txt is different than the directory /home/pathonai/ros2_jazzy/src/opensource_dev/mycobot_ros2/build/moveit_task_constructor_core where CMakeCache.txt was created. This may result in binaries being created in the wrong place. If you are not sure, reedit the CMakeCache.txt[0m
[0.071s] [  5%] Built target gtest_main
[0.071s] [  6%] Built target gtest
[0.071s] [  6%] Built target gmock_main
[0.071s] [ 10%] Built target gmock
[0.077s] [ 10%] Built target ament_cmake_python_symlink_moveit
[0.125s] [ 28%] Built target moveit_task_constructor_core
[0.161s] [ 33%] Built target gtest_utils
[0.193s] [ 54%] Built target moveit_task_constructor_core_stages
[0.231s] [ 58%] Built target moveit_task_constructor_core_stage_plugins
[0.231s] [ 58%] Built target moveit_task_constructor_core-test-cost-queue
[0.233s] [ 60%] Built target moveit_task_constructor_core-test-properties
[0.244s] [ 63%] Built target moveit_task_constructor_core-test-pruning
[0.244s] [ 65%] Built target moveit_task_constructor_core-test-interface-state
[0.244s] [ 67%] Built target moveit_task_constructor_core-test-serial
[0.245s] [ 70%] Built target moveit_task_constructor_core-test-stage
[0.246s] [ 74%] Built target moveit_task_constructor_core-test-move-to
[0.247s] [ 74%] Built target moveit_task_constructor_core-test-fallback
[0.247s] [ 77%] Built target moveit_task_constructor_core-test-cost-terms
[0.252s] [ 79%] Built target moveit_task_constructor_core-test-mockups
[0.253s] [ 81%] Built target moveit_task_constructor_core-test-container
[0.253s] [ 83%] Built target moveit_task_constructor_core-test-move-relative
[0.257s] [ 86%] Built target moveit_task_constructor_core-test-pipeline-planner
[0.258s] [ 93%] Built target pymoveit_mtc
[0.270s] running egg_info
[0.271s] [ 97%] Built target pick_pa10
[0.271s] [ 97%] Built target pick_pr2
[0.275s] [100%] Built target pick_ur5
[0.282s] writing moveit.egg-info/PKG-INFO
[0.282s] writing dependency_links to moveit.egg-info/dependency_links.txt
[0.282s] writing top-level names to moveit.egg-info/top_level.txt
[0.315s] reading manifest file 'moveit.egg-info/SOURCES.txt'
[0.316s] writing manifest file 'moveit.egg-info/SOURCES.txt'
[0.340s] [100%] Built target ament_cmake_python_build_moveit_egg
[0.349s] Invoked command in '/home/pathonai/ros2_ws/src/opensource_dev/mycobot_ros2/build/moveit_task_constructor_core' returned '0': AMENT_PREFIX_PATH=/home/pathonai/ros2_jazzy/src/opensource_dev/mycobot_ros2/install/rviz_marker_tools:/home/pathonai/ros2_jazzy/src/opensource_dev/mycobot_ros2/install/moveit_task_constructor_msgs CMAKE_PREFIX_PATH=/home/pathonai/ros2_ws/src/opensource_dev/mycobot_ros2/install/rviz_marker_tools:/home/pathonai/ros2_ws/src/opensource_dev/mycobot_ros2/install/moveit_task_constructor_msgs DEBUGINFOD_URLS=https://debuginfod.ubuntu.com LD_LIBRARY_PATH=/home/pathonai/ros2_jazzy/src/opensource_dev/mycobot_ros2/install/rviz_marker_tools/lib:/home/pathonai/ros2_ws/src/opensource_dev/mycobot_ros2/install/rviz_marker_tools/lib:/home/pathonai/ros2_jazzy/src/opensource_dev/mycobot_ros2/install/moveit_task_constructor_msgs/lib:/home/pathonai/ros2_ws/src/opensource_dev/mycobot_ros2/install/moveit_task_constructor_msgs/lib PYTHONPATH=/home/pathonai/ros2_jazzy/src/opensource_dev/mycobot_ros2/install/moveit_task_constructor_msgs/lib/python3.12/site-packages:/home/pathonai/ros2_ws/src/opensource_dev/mycobot_ros2/install/moveit_task_constructor_msgs/lib/python3.12/site-packages /usr/bin/cmake --build /home/pathonai/ros2_ws/src/opensource_dev/mycobot_ros2/build/moveit_task_constructor_core -- -j16 -l16
[0.351s] Invoking command in '/home/pathonai/ros2_ws/src/opensource_dev/mycobot_ros2/build/moveit_task_constructor_core': AMENT_PREFIX_PATH=/home/pathonai/ros2_jazzy/src/opensource_dev/mycobot_ros2/install/rviz_marker_tools:/home/pathonai/ros2_jazzy/src/opensource_dev/mycobot_ros2/install/moveit_task_constructor_msgs CMAKE_PREFIX_PATH=/home/pathonai/ros2_ws/src/opensource_dev/mycobot_ros2/install/rviz_marker_tools:/home/pathonai/ros2_ws/src/opensource_dev/mycobot_ros2/install/moveit_task_constructor_msgs DEBUGINFOD_URLS=https://debuginfod.ubuntu.com LD_LIBRARY_PATH=/home/pathonai/ros2_jazzy/src/opensource_dev/mycobot_ros2/install/rviz_marker_tools/lib:/home/pathonai/ros2_ws/src/opensource_dev/mycobot_ros2/install/rviz_marker_tools/lib:/home/pathonai/ros2_jazzy/src/opensource_dev/mycobot_ros2/install/moveit_task_constructor_msgs/lib:/home/pathonai/ros2_ws/src/opensource_dev/mycobot_ros2/install/moveit_task_constructor_msgs/lib PYTHONPATH=/home/pathonai/ros2_jazzy/src/opensource_dev/mycobot_ros2/install/moveit_task_constructor_msgs/lib/python3.12/site-packages:/home/pathonai/ros2_ws/src/opensource_dev/mycobot_ros2/install/moveit_task_constructor_msgs/lib/python3.12/site-packages /usr/bin/cmake --install /home/pathonai/ros2_ws/src/opensource_dev/mycobot_ros2/build/moveit_task_constructor_core
[0.357s] -- Install configuration: "Release"
[0.358s] -- Execute custom install script
[0.358s] -- Up-to-date symlink: /home/pathonai/ros2_jazzy/src/opensource_dev/mycobot_ros2/install/moveit_task_constructor_core/share/moveit_task_constructor_core/environment/pythonpath.sh
[0.358s] -- Up-to-date symlink: /home/pathonai/ros2_jazzy/src/opensource_dev/mycobot_ros2/install/moveit_task_constructor_core/share/moveit_task_constructor_core/environment/pythonpath.dsv
[0.358s] -- Up-to-date symlink: /home/pathonai/ros2_jazzy/src/opensource_dev/mycobot_ros2/install/moveit_task_constructor_core/lib/python3.12/site-packages/moveit-0.1.3-py3.12.egg-info/PKG-INFO
[0.358s] -- Up-to-date symlink: /home/pathonai/ros2_jazzy/src/opensource_dev/mycobot_ros2/install/moveit_task_constructor_core/lib/python3.12/site-packages/moveit-0.1.3-py3.12.egg-info/SOURCES.txt
[0.359s] -- Up-to-date symlink: /home/pathonai/ros2_jazzy/src/opensource_dev/mycobot_ros2/install/moveit_task_constructor_core/lib/python3.12/site-packages/moveit-0.1.3-py3.12.egg-info/dependency_links.txt
[0.359s] -- Up-to-date symlink: /home/pathonai/ros2_jazzy/src/opensource_dev/mycobot_ros2/install/moveit_task_constructor_core/lib/python3.12/site-packages/moveit-0.1.3-py3.12.egg-info/top_level.txt
[0.359s] -- Up-to-date symlink: /home/pathonai/ros2_jazzy/src/opensource_dev/mycobot_ros2/install/moveit_task_constructor_core/lib/python3.12/site-packages/moveit/__init__.py
[0.359s] -- Up-to-date symlink: /home/pathonai/ros2_jazzy/src/opensource_dev/mycobot_ros2/install/moveit_task_constructor_core/lib/python3.12/site-packages/moveit/task_constructor/__init__.py
[0.360s] -- Up-to-date symlink: /home/pathonai/ros2_jazzy/src/opensource_dev/mycobot_ros2/install/moveit_task_constructor_core/lib/python3.12/site-packages/moveit/task_constructor/core.py
[0.360s] -- Up-to-date symlink: /home/pathonai/ros2_jazzy/src/opensource_dev/mycobot_ros2/install/moveit_task_constructor_core/lib/python3.12/site-packages/moveit/task_constructor/stages.py
[0.360s] -- Up-to-date symlink: /home/pathonai/ros2_jazzy/src/opensource_dev/mycobot_ros2/install/moveit_task_constructor_core/include/moveit/python/pybind11/attr.h
[0.361s] -- Up-to-date symlink: /home/pathonai/ros2_jazzy/src/opensource_dev/mycobot_ros2/install/moveit_task_constructor_core/include/moveit/python/pybind11/buffer_info.h
[0.361s] -- Up-to-date symlink: /home/pathonai/ros2_jazzy/src/opensource_dev/mycobot_ros2/install/moveit_task_constructor_core/include/moveit/python/pybind11/cast.h
[0.361s] -- Up-to-date symlink: /home/pathonai/ros2_jazzy/src/opensource_dev/mycobot_ros2/install/moveit_task_constructor_core/include/moveit/python/pybind11/chrono.h
[0.361s] -- Up-to-date symlink: /home/pathonai/ros2_jazzy/src/opensource_dev/mycobot_ros2/install/moveit_task_constructor_core/include/moveit/python/pybind11/common.h
[0.361s] -- Up-to-date symlink: /home/pathonai/ros2_jazzy/src/opensource_dev/mycobot_ros2/install/moveit_task_constructor_core/include/moveit/python/pybind11/complex.h
[0.361s] -- Up-to-date symlink: /home/pathonai/ros2_jazzy/src/opensource_dev/mycobot_ros2/install/moveit_task_constructor_core/include/moveit/python/pybind11/detail/class.h
[0.361s] -- Up-to-date symlink: /home/pathonai/ros2_jazzy/src/opensource_dev/mycobot_ros2/install/moveit_task_constructor_core/include/moveit/python/pybind11/detail/common.h
[0.361s] -- Up-to-date symlink: /home/pathonai/ros2_jazzy/src/opensource_dev/mycobot_ros2/install/moveit_task_constructor_core/include/moveit/python/pybind11/detail/descr.h
[0.362s] -- Up-to-date symlink: /home/pathonai/ros2_jazzy/src/opensource_dev/mycobot_ros2/install/moveit_task_constructor_core/include/moveit/python/pybind11/detail/dynamic_raw_ptr_cast_if_possible.h
[0.362s] -- Up-to-date symlink: /home/pathonai/ros2_jazzy/src/opensource_dev/mycobot_ros2/install/moveit_task_constructor_core/include/moveit/python/pybind11/detail/init.h
[0.362s] -- Up-to-date symlink: /home/pathonai/ros2_jazzy/src/opensource_dev/mycobot_ros2/install/moveit_task_constructor_core/include/moveit/python/pybind11/detail/internals.h
[0.362s] -- Up-to-date symlink: /home/pathonai/ros2_jazzy/src/opensource_dev/mycobot_ros2/install/moveit_task_constructor_core/include/moveit/python/pybind11/detail/smart_holder_poc.h
[0.362s] -- Up-to-date symlink: /home/pathonai/ros2_jazzy/src/opensource_dev/mycobot_ros2/install/moveit_task_constructor_core/include/moveit/python/pybind11/detail/smart_holder_sfinae_hooks_only.h
[0.362s] -- Up-to-date symlink: /home/pathonai/ros2_jazzy/src/opensource_dev/mycobot_ros2/install/moveit_task_constructor_core/include/moveit/python/pybind11/detail/smart_holder_type_casters.h
[0.362s] -- Up-to-date symlink: /home/pathonai/ros2_jazzy/src/opensource_dev/mycobot_ros2/install/moveit_task_constructor_core/include/moveit/python/pybind11/detail/type_caster_base.h
[0.362s] -- Up-to-date symlink: /home/pathonai/ros2_jazzy/src/opensource_dev/mycobot_ros2/install/moveit_task_constructor_core/include/moveit/python/pybind11/detail/type_caster_odr_guard.h
[0.363s] -- Up-to-date symlink: /home/pathonai/ros2_jazzy/src/opensource_dev/mycobot_ros2/install/moveit_task_constructor_core/include/moveit/python/pybind11/detail/typeid.h
[0.363s] -- Up-to-date symlink: /home/pathonai/ros2_jazzy/src/opensource_dev/mycobot_ros2/install/moveit_task_constructor_core/include/moveit/python/pybind11/eigen.h
[0.363s] -- Up-to-date symlink: /home/pathonai/ros2_jazzy/src/opensource_dev/mycobot_ros2/install/moveit_task_constructor_core/include/moveit/python/pybind11/eigen/common.h
[0.363s] -- Up-to-date symlink: /home/pathonai/ros2_jazzy/src/opensource_dev/mycobot_ros2/install/moveit_task_constructor_core/include/moveit/python/pybind11/eigen/matrix.h
[0.363s] -- Up-to-date symlink: /home/pathonai/ros2_jazzy/src/opensource_dev/mycobot_ros2/install/moveit_task_constructor_core/include/moveit/python/pybind11/eigen/tensor.h
[0.363s] -- Up-to-date symlink: /home/pathonai/ros2_jazzy/src/opensource_dev/mycobot_ros2/install/moveit_task_constructor_core/include/moveit/python/pybind11/embed.h
[0.364s] -- Up-to-date symlink: /home/pathonai/ros2_jazzy/src/opensource_dev/mycobot_ros2/install/moveit_task_constructor_core/include/moveit/python/pybind11/eval.h
[0.364s] -- Up-to-date symlink: /home/pathonai/ros2_jazzy/src/opensource_dev/mycobot_ros2/install/moveit_task_constructor_core/include/moveit/python/pybind11/functional.h
[0.364s] -- Up-to-date symlink: /home/pathonai/ros2_jazzy/src/opensource_dev/mycobot_ros2/install/moveit_task_constructor_core/include/moveit/python/pybind11/gil.h
[0.364s] -- Up-to-date symlink: /home/pathonai/ros2_jazzy/src/opensource_dev/mycobot_ros2/install/moveit_task_constructor_core/include/moveit/python/pybind11/gil_safe_call_once.h
[0.364s] -- Up-to-date symlink: /home/pathonai/ros2_jazzy/src/opensource_dev/mycobot_ros2/install/moveit_task_constructor_core/include/moveit/python/pybind11/iostream.h
[0.364s] -- Up-to-date symlink: /home/pathonai/ros2_jazzy/src/opensource_dev/mycobot_ros2/install/moveit_task_constructor_core/include/moveit/python/pybind11/numpy.h
[0.364s] -- Up-to-date symlink: /home/pathonai/ros2_jazzy/src/opensource_dev/mycobot_ros2/install/moveit_task_constructor_core/include/moveit/python/pybind11/operators.h
[0.364s] -- Up-to-date symlink: /home/pathonai/ros2_jazzy/src/opensource_dev/mycobot_ros2/install/moveit_task_constructor_core/include/moveit/python/pybind11/options.h
[0.364s] -- Up-to-date symlink: /home/pathonai/ros2_jazzy/src/opensource_dev/mycobot_ros2/install/moveit_task_constructor_core/include/moveit/python/pybind11/pybind11.h
[0.365s] -- Up-to-date symlink: /home/pathonai/ros2_jazzy/src/opensource_dev/mycobot_ros2/install/moveit_task_constructor_core/include/moveit/python/pybind11/pytypes.h
[0.365s] -- Up-to-date symlink: /home/pathonai/ros2_jazzy/src/opensource_dev/mycobot_ros2/install/moveit_task_constructor_core/include/moveit/python/pybind11/smart_holder.h
[0.365s] -- Up-to-date symlink: /home/pathonai/ros2_jazzy/src/opensource_dev/mycobot_ros2/install/moveit_task_constructor_core/include/moveit/python/pybind11/stl.h
[0.365s] -- Up-to-date symlink: /home/pathonai/ros2_jazzy/src/opensource_dev/mycobot_ros2/install/moveit_task_constructor_core/include/moveit/python/pybind11/stl/filesystem.h
[0.365s] -- Up-to-date symlink: /home/pathonai/ros2_jazzy/src/opensource_dev/mycobot_ros2/install/moveit_task_constructor_core/include/moveit/python/pybind11/stl_bind.h
[0.365s] -- Up-to-date symlink: /home/pathonai/ros2_jazzy/src/opensource_dev/mycobot_ros2/install/moveit_task_constructor_core/include/moveit/python/pybind11/trampoline_self_life_support.h
[0.365s] -- Up-to-date symlink: /home/pathonai/ros2_jazzy/src/opensource_dev/mycobot_ros2/install/moveit_task_constructor_core/include/moveit/python/pybind11/type_caster_pyobject_ptr.h
[0.365s] -- Up-to-date symlink: /home/pathonai/ros2_jazzy/src/opensource_dev/mycobot_ros2/install/moveit_task_constructor_core/include/moveit/python/pybind11/typing.h
[0.366s] -- Up-to-date symlink: /home/pathonai/ros2_jazzy/src/opensource_dev/mycobot_ros2/install/moveit_task_constructor_core/share/moveit_task_constructor_core/cmake/pybind11Config.cmake
[0.366s] -- Up-to-date symlink: /home/pathonai/ros2_jazzy/src/opensource_dev/mycobot_ros2/install/moveit_task_constructor_core/share/moveit_task_constructor_core/cmake/pybind11ConfigVersion.cmake
[0.366s] -- Up-to-date symlink: /home/pathonai/ros2_jazzy/src/opensource_dev/mycobot_ros2/install/moveit_task_constructor_core/share/moveit_task_constructor_core/cmake/FindPythonLibsNew.cmake
[0.366s] -- Up-to-date symlink: /home/pathonai/ros2_jazzy/src/opensource_dev/mycobot_ros2/install/moveit_task_constructor_core/share/moveit_task_constructor_core/cmake/pybind11Common.cmake
[0.366s] -- Up-to-date symlink: /home/pathonai/ros2_jazzy/src/opensource_dev/mycobot_ros2/install/moveit_task_constructor_core/share/moveit_task_constructor_core/cmake/pybind11Tools.cmake
[0.366s] -- Up-to-date symlink: /home/pathonai/ros2_jazzy/src/opensource_dev/mycobot_ros2/install/moveit_task_constructor_core/share/moveit_task_constructor_core/cmake/pybind11NewTools.cmake
[0.366s] -- Up-to-date symlink: /home/pathonai/ros2_jazzy/src/opensource_dev/mycobot_ros2/install/moveit_task_constructor_core/share/pkgconfig//pybind11.pc
[0.367s] -- Up-to-date symlink: /home/pathonai/ros2_jazzy/src/opensource_dev/mycobot_ros2/install/moveit_task_constructor_core/lib/python3.12/site-packages/pymoveit_mtc.cpython-312-x86_64-linux-gnu.so
[0.368s] -- Up-to-date symlink: /home/pathonai/ros2_jazzy/src/opensource_dev/mycobot_ros2/install/moveit_task_constructor_core/include/moveit/python/task_constructor/properties.h
[0.368s] -- Up-to-date symlink: /home/pathonai/ros2_jazzy/src/opensource_dev/mycobot_ros2/install/moveit_task_constructor_core/include/moveit/task_constructor/container.h
[0.368s] -- Up-to-date symlink: /home/pathonai/ros2_jazzy/src/opensource_dev/mycobot_ros2/install/moveit_task_constructor_core/include/moveit/task_constructor/cost_queue.h
[0.368s] -- Up-to-date symlink: /home/pathonai/ros2_jazzy/src/opensource_dev/mycobot_ros2/install/moveit_task_constructor_core/include/moveit/task_constructor/cost_terms.h
[0.368s] -- Up-to-date symlink: /home/pathonai/ros2_jazzy/src/opensource_dev/mycobot_ros2/install/moveit_task_constructor_core/include/moveit/task_constructor/introspection.h
[0.368s] -- Up-to-date symlink: /home/pathonai/ros2_jazzy/src/opensource_dev/mycobot_ros2/install/moveit_task_constructor_core/include/moveit/task_constructor/marker_tools.h
[0.368s] -- Up-to-date symlink: /home/pathonai/ros2_jazzy/src/opensource_dev/mycobot_ros2/install/moveit_task_constructor_core/include/moveit/task_constructor/merge.h
[0.369s] -- Up-to-date symlink: /home/pathonai/ros2_jazzy/src/opensource_dev/mycobot_ros2/install/moveit_task_constructor_core/include/moveit/task_constructor/moveit_compat.h
[0.369s] -- Up-to-date symlink: /home/pathonai/ros2_jazzy/src/opensource_dev/mycobot_ros2/install/moveit_task_constructor_core/include/moveit/task_constructor/properties.h
[0.369s] -- Up-to-date symlink: /home/pathonai/ros2_jazzy/src/opensource_dev/mycobot_ros2/install/moveit_task_constructor_core/include/moveit/task_constructor/solvers.h
[0.369s] -- Up-to-date symlink: /home/pathonai/ros2_jazzy/src/opensource_dev/mycobot_ros2/install/moveit_task_constructor_core/include/moveit/task_constructor/solvers/cartesian_path.h
[0.369s] -- Up-to-date symlink: /home/pathonai/ros2_jazzy/src/opensource_dev/mycobot_ros2/install/moveit_task_constructor_core/include/moveit/task_constructor/solvers/joint_interpolation.h
[0.369s] -- Up-to-date symlink: /home/pathonai/ros2_jazzy/src/opensource_dev/mycobot_ros2/install/moveit_task_constructor_core/include/moveit/task_constructor/solvers/multi_planner.h
[0.370s] -- Up-to-date symlink: /home/pathonai/ros2_jazzy/src/opensource_dev/mycobot_ros2/install/moveit_task_constructor_core/include/moveit/task_constructor/solvers/pipeline_planner.h
[0.370s] -- Up-to-date symlink: /home/pathonai/ros2_jazzy/src/opensource_dev/mycobot_ros2/install/moveit_task_constructor_core/include/moveit/task_constructor/solvers/planner_interface.h
[0.370s] -- Up-to-date symlink: /home/pathonai/ros2_jazzy/src/opensource_dev/mycobot_ros2/install/moveit_task_constructor_core/include/moveit/task_constructor/stage.h
[0.370s] -- Up-to-date symlink: /home/pathonai/ros2_jazzy/src/opensource_dev/mycobot_ros2/install/moveit_task_constructor_core/include/moveit/task_constructor/stages.h
[0.370s] -- Up-to-date symlink: /home/pathonai/ros2_jazzy/src/opensource_dev/mycobot_ros2/install/moveit_task_constructor_core/include/moveit/task_constructor/stages/compute_ik.h
[0.370s] -- Up-to-date symlink: /home/pathonai/ros2_jazzy/src/opensource_dev/mycobot_ros2/install/moveit_task_constructor_core/include/moveit/task_constructor/stages/connect.h
[0.370s] -- Up-to-date symlink: /home/pathonai/ros2_jazzy/src/opensource_dev/mycobot_ros2/install/moveit_task_constructor_core/include/moveit/task_constructor/stages/current_state.h
[0.371s] -- Up-to-date symlink: /home/pathonai/ros2_jazzy/src/opensource_dev/mycobot_ros2/install/moveit_task_constructor_core/include/moveit/task_constructor/stages/fix_collision_objects.h
[0.371s] -- Up-to-date symlink: /home/pathonai/ros2_jazzy/src/opensource_dev/mycobot_ros2/install/moveit_task_constructor_core/include/moveit/task_constructor/stages/fixed_cartesian_poses.h
[0.371s] -- Up-to-date symlink: /home/pathonai/ros2_jazzy/src/opensource_dev/mycobot_ros2/install/moveit_task_constructor_core/include/moveit/task_constructor/stages/fixed_state.h
[0.371s] -- Up-to-date symlink: /home/pathonai/ros2_jazzy/src/opensource_dev/mycobot_ros2/install/moveit_task_constructor_core/include/moveit/task_constructor/stages/generate_grasp_pose.h
[0.371s] -- Up-to-date symlink: /home/pathonai/ros2_jazzy/src/opensource_dev/mycobot_ros2/install/moveit_task_constructor_core/include/moveit/task_constructor/stages/generate_place_pose.h
[0.371s] -- Up-to-date symlink: /home/pathonai/ros2_jazzy/src/opensource_dev/mycobot_ros2/install/moveit_task_constructor_core/include/moveit/task_constructor/stages/generate_pose.h
[0.371s] -- Up-to-date symlink: /home/pathonai/ros2_jazzy/src/opensource_dev/mycobot_ros2/install/moveit_task_constructor_core/include/moveit/task_constructor/stages/generate_random_pose.h
[0.371s] -- Up-to-date symlink: /home/pathonai/ros2_jazzy/src/opensource_dev/mycobot_ros2/install/moveit_task_constructor_core/include/moveit/task_constructor/stages/modify_planning_scene.h
[0.371s] -- Up-to-date symlink: /home/pathonai/ros2_jazzy/src/opensource_dev/mycobot_ros2/install/moveit_task_constructor_core/include/moveit/task_constructor/stages/move_relative.h
[0.371s] -- Up-to-date symlink: /home/pathonai/ros2_jazzy/src/opensource_dev/mycobot_ros2/install/moveit_task_constructor_core/include/moveit/task_constructor/stages/move_to.h
[0.371s] -- Up-to-date symlink: /home/pathonai/ros2_jazzy/src/opensource_dev/mycobot_ros2/install/moveit_task_constructor_core/include/moveit/task_constructor/stages/noop.h
[0.372s] -- Up-to-date symlink: /home/pathonai/ros2_jazzy/src/opensource_dev/mycobot_ros2/install/moveit_task_constructor_core/include/moveit/task_constructor/stages/passthrough.h
[0.372s] -- Up-to-date symlink: /home/pathonai/ros2_jazzy/src/opensource_dev/mycobot_ros2/install/moveit_task_constructor_core/include/moveit/task_constructor/stages/pick.h
[0.372s] -- Up-to-date symlink: /home/pathonai/ros2_jazzy/src/opensource_dev/mycobot_ros2/install/moveit_task_constructor_core/include/moveit/task_constructor/stages/predicate_filter.h
[0.372s] -- Up-to-date symlink: /home/pathonai/ros2_jazzy/src/opensource_dev/mycobot_ros2/install/moveit_task_constructor_core/include/moveit/task_constructor/stages/simple_grasp.h
[0.372s] -- Up-to-date symlink: /home/pathonai/ros2_jazzy/src/opensource_dev/mycobot_ros2/install/moveit_task_constructor_core/include/moveit/task_constructor/storage.h
[0.372s] -- Up-to-date symlink: /home/pathonai/ros2_jazzy/src/opensource_dev/mycobot_ros2/install/moveit_task_constructor_core/include/moveit/task_constructor/task.h
[0.372s] -- Up-to-date symlink: /home/pathonai/ros2_jazzy/src/opensource_dev/mycobot_ros2/install/moveit_task_constructor_core/include/moveit/task_constructor/trajectory_execution_info.h
[0.372s] -- Up-to-date symlink: /home/pathonai/ros2_jazzy/src/opensource_dev/mycobot_ros2/install/moveit_task_constructor_core/include/moveit/task_constructor/type_traits.h
[0.372s] -- Up-to-date symlink: /home/pathonai/ros2_jazzy/src/opensource_dev/mycobot_ros2/install/moveit_task_constructor_core/include/moveit/task_constructor/utils.h
[0.373s] -- Up-to-date symlink: /home/pathonai/ros2_jazzy/src/opensource_dev/mycobot_ros2/install/moveit_task_constructor_core/share/moveit_task_constructor_core//motion_planning_stages_plugin_description.xml
[0.373s] -- Up-to-date symlink: /home/pathonai/ros2_jazzy/src/opensource_dev/mycobot_ros2/install/moveit_task_constructor_core/share/moveit_task_constructor_core/environment/library_path.sh
[0.373s] -- Up-to-date symlink: /home/pathonai/ros2_jazzy/src/opensource_dev/mycobot_ros2/install/moveit_task_constructor_core/share/moveit_task_constructor_core/environment/library_path.dsv
[0.373s] -- Up-to-date symlink: /home/pathonai/ros2_jazzy/src/opensource_dev/mycobot_ros2/install/moveit_task_constructor_core/share/ament_index/resource_index/package_run_dependencies/moveit_task_constructor_core
[0.373s] -- Up-to-date symlink: /home/pathonai/ros2_jazzy/src/opensource_dev/mycobot_ros2/install/moveit_task_constructor_core/share/ament_index/resource_index/parent_prefix_path/moveit_task_constructor_core
[0.374s] -- Up-to-date symlink: /home/pathonai/ros2_jazzy/src/opensource_dev/mycobot_ros2/install/moveit_task_constructor_core/share/moveit_task_constructor_core/environment/ament_prefix_path.sh
[0.374s] -- Up-to-date symlink: /home/pathonai/ros2_jazzy/src/opensource_dev/mycobot_ros2/install/moveit_task_constructor_core/share/moveit_task_constructor_core/environment/ament_prefix_path.dsv
[0.374s] -- Up-to-date symlink: /home/pathonai/ros2_jazzy/src/opensource_dev/mycobot_ros2/install/moveit_task_constructor_core/share/moveit_task_constructor_core/environment/path.sh
[0.374s] -- Up-to-date symlink: /home/pathonai/ros2_jazzy/src/opensource_dev/mycobot_ros2/install/moveit_task_constructor_core/share/moveit_task_constructor_core/environment/path.dsv
[0.374s] -- Up-to-date symlink: /home/pathonai/ros2_jazzy/src/opensource_dev/mycobot_ros2/install/moveit_task_constructor_core/share/moveit_task_constructor_core/local_setup.bash
[0.374s] -- Up-to-date symlink: /home/pathonai/ros2_jazzy/src/opensource_dev/mycobot_ros2/install/moveit_task_constructor_core/share/moveit_task_constructor_core/local_setup.sh
[0.375s] -- Up-to-date symlink: /home/pathonai/ros2_jazzy/src/opensource_dev/mycobot_ros2/install/moveit_task_constructor_core/share/moveit_task_constructor_core/local_setup.zsh
[0.375s] -- Up-to-date symlink: /home/pathonai/ros2_jazzy/src/opensource_dev/mycobot_ros2/install/moveit_task_constructor_core/share/moveit_task_constructor_core/local_setup.dsv
[0.375s] -- Symlinking: /home/pathonai/ros2_jazzy/src/opensource_dev/mycobot_ros2/install/moveit_task_constructor_core/share/moveit_task_constructor_core/package.dsv
[0.382s] -- Up-to-date symlink: /home/pathonai/ros2_jazzy/src/opensource_dev/mycobot_ros2/install/moveit_task_constructor_core/share/ament_index/resource_index/packages/moveit_task_constructor_core
[0.382s] -- Up-to-date symlink: /home/pathonai/ros2_jazzy/src/opensource_dev/mycobot_ros2/install/moveit_task_constructor_core/share/ament_index/resource_index/moveit_task_constructor_core__pluginlib__plugin/moveit_task_constructor_core
[0.383s] -- Up-to-date symlink: /home/pathonai/ros2_jazzy/src/opensource_dev/mycobot_ros2/install/moveit_task_constructor_core/share/moveit_task_constructor_core/cmake/ament_cmake_export_targets-extras.cmake
[0.383s] -- Up-to-date symlink: /home/pathonai/ros2_jazzy/src/opensource_dev/mycobot_ros2/install/moveit_task_constructor_core/share/moveit_task_constructor_core/cmake/ament_cmake_export_dependencies-extras.cmake
[0.383s] -- Up-to-date symlink: /home/pathonai/ros2_jazzy/src/opensource_dev/mycobot_ros2/install/moveit_task_constructor_core/share/moveit_task_constructor_core/cmake/moveit_task_constructor_coreConfig.cmake
[0.383s] -- Up-to-date symlink: /home/pathonai/ros2_jazzy/src/opensource_dev/mycobot_ros2/install/moveit_task_constructor_core/share/moveit_task_constructor_core/cmake/moveit_task_constructor_coreConfig-version.cmake
[0.383s] -- Up-to-date symlink: /home/pathonai/ros2_jazzy/src/opensource_dev/mycobot_ros2/install/moveit_task_constructor_core/share/moveit_task_constructor_core/package.xml
[0.384s] -- Up-to-date: /home/pathonai/ros2_jazzy/src/opensource_dev/mycobot_ros2/install/moveit_task_constructor_core/lib/libmoveit_task_constructor_core_stages.so
[0.384s] -- Up-to-date: /home/pathonai/ros2_jazzy/src/opensource_dev/mycobot_ros2/install/moveit_task_constructor_core/lib/libmoveit_task_constructor_core_stage_plugins.so
[0.384s] -- Up-to-date: /home/pathonai/ros2_jazzy/src/opensource_dev/mycobot_ros2/install/moveit_task_constructor_core/lib/libmoveit_task_constructor_core.so
[0.417s] Listing '/home/pathonai/ros2_jazzy/src/opensource_dev/mycobot_ros2/install/moveit_task_constructor_core/lib/python3.12/site-packages/moveit'...
[0.417s] Listing '/home/pathonai/ros2_jazzy/src/opensource_dev/mycobot_ros2/install/moveit_task_constructor_core/lib/python3.12/site-packages/moveit/task_constructor'...
[0.422s] -- Up-to-date: /home/pathonai/ros2_jazzy/src/opensource_dev/mycobot_ros2/install/moveit_task_constructor_core/share/moveit_task_constructor_core/cmake/pybind11Targets.cmake
[0.422s] -- Up-to-date: /home/pathonai/ros2_jazzy/src/opensource_dev/mycobot_ros2/install/moveit_task_constructor_core/share/moveit_task_constructor_core/cmake/moveit_task_constructor_coreTargetsExport.cmake
[0.423s] -- Up-to-date: /home/pathonai/ros2_jazzy/src/opensource_dev/mycobot_ros2/install/moveit_task_constructor_core/share/moveit_task_constructor_core/cmake/moveit_task_constructor_coreTargetsExport-release.cmake
[0.424s] Invoked command in '/home/pathonai/ros2_ws/src/opensource_dev/mycobot_ros2/build/moveit_task_constructor_core' returned '0': AMENT_PREFIX_PATH=/home/pathonai/ros2_jazzy/src/opensource_dev/mycobot_ros2/install/rviz_marker_tools:/home/pathonai/ros2_jazzy/src/opensource_dev/mycobot_ros2/install/moveit_task_constructor_msgs CMAKE_PREFIX_PATH=/home/pathonai/ros2_ws/src/opensource_dev/mycobot_ros2/install/rviz_marker_tools:/home/pathonai/ros2_ws/src/opensource_dev/mycobot_ros2/install/moveit_task_constructor_msgs DEBUGINFOD_URLS=https://debuginfod.ubuntu.com LD_LIBRARY_PATH=/home/pathonai/ros2_jazzy/src/opensource_dev/mycobot_ros2/install/rviz_marker_tools/lib:/home/pathonai/ros2_ws/src/opensource_dev/mycobot_ros2/install/rviz_marker_tools/lib:/home/pathonai/ros2_jazzy/src/opensource_dev/mycobot_ros2/install/moveit_task_constructor_msgs/lib:/home/pathonai/ros2_ws/src/opensource_dev/mycobot_ros2/install/moveit_task_constructor_msgs/lib PYTHONPATH=/home/pathonai/ros2_jazzy/src/opensource_dev/mycobot_ros2/install/moveit_task_constructor_msgs/lib/python3.12/site-packages:/home/pathonai/ros2_ws/src/opensource_dev/mycobot_ros2/install/moveit_task_constructor_msgs/lib/python3.12/site-packages /usr/bin/cmake --install /home/pathonai/ros2_ws/src/opensource_dev/mycobot_ros2/build/moveit_task_constructor_core
