[0.024s] Invoking command in '/home/pathonai/ros2_ws/src/opensource_dev/build/mycobot_interfaces': DEBUGINFOD_URLS=https://debuginfod.ubuntu.com /usr/bin/cmake --build /home/pathonai/ros2_ws/src/opensource_dev/build/mycobot_interfaces -- -j16 -l16
[0.441s] Traceback (most recent call last):
[0.441s]   File "/home/pathonai/ros2_jazzy/install/rosidl_generator_type_description/lib/rosidl_generator_type_description/rosidl_generator_type_description", line 21, in <module>
[0.441s]     from rosidl_generator_type_description import generate_type_hash
[0.442s] ModuleNotFoundError: No module named 'rosidl_generator_type_description'
[0.442s] gmake[2]: *** [CMakeFiles/mycobot_interfaces__rosidl_generator_type_description.dir/build.make:75: rosidl_generator_type_description/mycobot_interfaces/srv/GetPlanningScene.json] Error 1
[0.443s] gmake[1]: *** [CMakeFiles/Makefile2:215: CMakeFiles/mycobot_interfaces__rosidl_generator_type_description.dir/all] Error 2
[0.444s] gmake[1]: *** Waiting for unfinished jobs....
[0.444s] gmake: *** [Makefile:146: all] Error 2
[0.444s] [  2%] [34m[1mGenerating type hashes for ROS interfaces[0m
[0.444s] [  2%] Built target ament_cmake_python_symlink_mycobot_interfaces
[0.444s] running egg_info
[0.445s] creating mycobot_interfaces.egg-info
[0.445s] writing mycobot_interfaces.egg-info/PKG-INFO
[0.445s] writing dependency_links to mycobot_interfaces.egg-info/dependency_links.txt
[0.446s] writing top-level names to mycobot_interfaces.egg-info/top_level.txt
[0.446s] writing manifest file 'mycobot_interfaces.egg-info/SOURCES.txt'
[0.446s] reading manifest file 'mycobot_interfaces.egg-info/SOURCES.txt'
[0.446s] writing manifest file 'mycobot_interfaces.egg-info/SOURCES.txt'
[0.446s] [  2%] Built target ament_cmake_python_build_mycobot_interfaces_egg
[0.479s] Invoked command in '/home/pathonai/ros2_ws/src/opensource_dev/build/mycobot_interfaces' returned '2': DEBUGINFOD_URLS=https://debuginfod.ubuntu.com /usr/bin/cmake --build /home/pathonai/ros2_ws/src/opensource_dev/build/mycobot_interfaces -- -j16 -l16
