-- Install configuration: ""
-- Execute custom install script
-- Up-to-date symlink: /home/pathonai/ros2_ws/src/opensource_dev/install/lerobot_description/share/lerobot_description/launch/so101_display.launch.py
-- Up-to-date symlink: /home/pathonai/ros2_ws/src/opensource_dev/install/lerobot_description/share/lerobot_description/launch/so101_gazebo.launch.py
-- Symlinking: /home/pathonai/ros2_ws/src/opensource_dev/install/lerobot_description/share/lerobot_description/urdf/_d415.urdf.xacro
-- Symlinking: /home/pathonai/ros2_ws/src/opensource_dev/install/lerobot_description/share/lerobot_description/urdf/so101.urdf.xacro
-- Symlinking: /home/pathonai/ros2_ws/src/opensource_dev/install/lerobot_description/share/lerobot_description/urdf/so101_base.xacro
-- Symlinking: /home/pathonai/ros2_ws/src/opensource_dev/install/lerobot_description/share/lerobot_description/urdf/so101_gazebo.xacro
-- Symlinking: /home/pathonai/ros2_ws/src/opensource_dev/install/lerobot_description/share/lerobot_description/urdf/so101_ros2_control.xacro
-- Symlinking: /home/pathonai/ros2_ws/src/opensource_dev/install/lerobot_description/share/lerobot_description/meshes/d415.stl
-- Symlinking: /home/pathonai/ros2_ws/src/opensource_dev/install/lerobot_description/share/lerobot_description/meshes/so101/base_motor_holder_so101_v1.stl
-- Symlinking: /home/pathonai/ros2_ws/src/opensource_dev/install/lerobot_description/share/lerobot_description/meshes/so101/base_so101_v2.stl
-- Symlinking: /home/pathonai/ros2_ws/src/opensource_dev/install/lerobot_description/share/lerobot_description/meshes/so101/motor_holder_so101_base_v1.stl
-- Symlinking: /home/pathonai/ros2_ws/src/opensource_dev/install/lerobot_description/share/lerobot_description/meshes/so101/motor_holder_so101_wrist_v1.stl
-- Symlinking: /home/pathonai/ros2_ws/src/opensource_dev/install/lerobot_description/share/lerobot_description/meshes/so101/moving_jaw_so101_v1.stl
-- Symlinking: /home/pathonai/ros2_ws/src/opensource_dev/install/lerobot_description/share/lerobot_description/meshes/so101/rotation_pitch_so101_v1.stl
-- Symlinking: /home/pathonai/ros2_ws/src/opensource_dev/install/lerobot_description/share/lerobot_description/meshes/so101/sts3215_03a_no_horn_v1.stl
-- Symlinking: /home/pathonai/ros2_ws/src/opensource_dev/install/lerobot_description/share/lerobot_description/meshes/so101/sts3215_03a_v1.stl
-- Symlinking: /home/pathonai/ros2_ws/src/opensource_dev/install/lerobot_description/share/lerobot_description/meshes/so101/under_arm_so101_v1.stl
-- Symlinking: /home/pathonai/ros2_ws/src/opensource_dev/install/lerobot_description/share/lerobot_description/meshes/so101/upper_arm_so101_v1.stl
-- Symlinking: /home/pathonai/ros2_ws/src/opensource_dev/install/lerobot_description/share/lerobot_description/meshes/so101/waveshare_mounting_plate_so101_v2.stl
-- Symlinking: /home/pathonai/ros2_ws/src/opensource_dev/install/lerobot_description/share/lerobot_description/meshes/so101/wrist_roll_follower_so101_v1.stl
-- Symlinking: /home/pathonai/ros2_ws/src/opensource_dev/install/lerobot_description/share/lerobot_description/meshes/so101/wrist_roll_pitch_so101_v2.stl
-- Symlinking: /home/pathonai/ros2_ws/src/opensource_dev/install/lerobot_description/share/lerobot_description/rviz/display.rviz
-- Symlinking: /home/pathonai/ros2_ws/src/opensource_dev/install/lerobot_description/share/ament_index/resource_index/package_run_dependencies/lerobot_description
-- Symlinking: /home/pathonai/ros2_ws/src/opensource_dev/install/lerobot_description/share/ament_index/resource_index/parent_prefix_path/lerobot_description
-- Symlinking: /home/pathonai/ros2_ws/src/opensource_dev/install/lerobot_description/share/lerobot_description/environment/ament_prefix_path.sh
-- Symlinking: /home/pathonai/ros2_ws/src/opensource_dev/install/lerobot_description/share/lerobot_description/environment/ament_prefix_path.dsv
-- Symlinking: /home/pathonai/ros2_ws/src/opensource_dev/install/lerobot_description/share/lerobot_description/environment/path.sh
-- Symlinking: /home/pathonai/ros2_ws/src/opensource_dev/install/lerobot_description/share/lerobot_description/environment/path.dsv
-- Symlinking: /home/pathonai/ros2_ws/src/opensource_dev/install/lerobot_description/share/lerobot_description/local_setup.bash
-- Symlinking: /home/pathonai/ros2_ws/src/opensource_dev/install/lerobot_description/share/lerobot_description/local_setup.sh
-- Symlinking: /home/pathonai/ros2_ws/src/opensource_dev/install/lerobot_description/share/lerobot_description/local_setup.zsh
-- Symlinking: /home/pathonai/ros2_ws/src/opensource_dev/install/lerobot_description/share/lerobot_description/local_setup.dsv
-- Symlinking: /home/pathonai/ros2_ws/src/opensource_dev/install/lerobot_description/share/lerobot_description/package.dsv
-- Symlinking: /home/pathonai/ros2_ws/src/opensource_dev/install/lerobot_description/share/ament_index/resource_index/packages/lerobot_description
-- Symlinking: /home/pathonai/ros2_ws/src/opensource_dev/install/lerobot_description/share/lerobot_description/cmake/lerobot_descriptionConfig.cmake
-- Symlinking: /home/pathonai/ros2_ws/src/opensource_dev/install/lerobot_description/share/lerobot_description/cmake/lerobot_descriptionConfig-version.cmake
-- Symlinking: /home/pathonai/ros2_ws/src/opensource_dev/install/lerobot_description/share/lerobot_description/package.xml
