[0.033s] Invoking command in '/home/pathonai/ros2_ws/src/opensource_dev/mycobot_ros2/build/mycobot_moveit_demos': DEBUGINFOD_URLS=https://debuginfod.ubuntu.com /usr/bin/cmake --build /home/pathonai/ros2_ws/src/opensource_dev/mycobot_ros2/build/mycobot_moveit_demos -- -j16 -l16
[0.039s] [0mCMake Error: The current CMakeCache.txt directory /home/pathonai/ros2_ws/src/opensource_dev/mycobot_ros2/build/mycobot_moveit_demos/CMakeCache.txt is different than the directory /home/pathonai/ros2_jazzy/src/opensource_dev/mycobot_ros2/build/mycobot_moveit_demos where CMakeCache.txt was created. This may result in binaries being created in the wrong place. If you are not sure, reedit the CMakeCache.txt[0m
[0.148s] [ 50%] Built target hello_moveit
[0.158s] [100%] Built target plan_around_objects
[0.264s] Invoked command in '/home/pathonai/ros2_ws/src/opensource_dev/mycobot_ros2/build/mycobot_moveit_demos' returned '0': DEBUGINFOD_URLS=https://debuginfod.ubuntu.com /usr/bin/cmake --build /home/pathonai/ros2_ws/src/opensource_dev/mycobot_ros2/build/mycobot_moveit_demos -- -j16 -l16
[0.266s] Invoking command in '/home/pathonai/ros2_ws/src/opensource_dev/mycobot_ros2/build/mycobot_moveit_demos': DEBUGINFOD_URLS=https://debuginfod.ubuntu.com /usr/bin/cmake --install /home/pathonai/ros2_ws/src/opensource_dev/mycobot_ros2/build/mycobot_moveit_demos
[0.272s] -- Install configuration: ""
[0.273s] -- Execute custom install script
[0.273s] -- Up-to-date symlink: /home/pathonai/ros2_jazzy/src/opensource_dev/mycobot_ros2/install/mycobot_moveit_demos/lib/mycobot_moveit_demos/hello_moveit
[0.273s] -- Up-to-date symlink: /home/pathonai/ros2_jazzy/src/opensource_dev/mycobot_ros2/install/mycobot_moveit_demos/lib/mycobot_moveit_demos/plan_around_objects
[0.273s] -- Up-to-date symlink: /home/pathonai/ros2_jazzy/src/opensource_dev/mycobot_ros2/install/mycobot_moveit_demos/share/ament_index/resource_index/package_run_dependencies/mycobot_moveit_demos
[0.274s] -- Up-to-date symlink: /home/pathonai/ros2_jazzy/src/opensource_dev/mycobot_ros2/install/mycobot_moveit_demos/share/ament_index/resource_index/parent_prefix_path/mycobot_moveit_demos
[0.274s] -- Up-to-date symlink: /home/pathonai/ros2_jazzy/src/opensource_dev/mycobot_ros2/install/mycobot_moveit_demos/share/mycobot_moveit_demos/environment/ament_prefix_path.sh
[0.274s] -- Up-to-date symlink: /home/pathonai/ros2_jazzy/src/opensource_dev/mycobot_ros2/install/mycobot_moveit_demos/share/mycobot_moveit_demos/environment/ament_prefix_path.dsv
[0.275s] -- Up-to-date symlink: /home/pathonai/ros2_jazzy/src/opensource_dev/mycobot_ros2/install/mycobot_moveit_demos/share/mycobot_moveit_demos/environment/path.sh
[0.275s] -- Up-to-date symlink: /home/pathonai/ros2_jazzy/src/opensource_dev/mycobot_ros2/install/mycobot_moveit_demos/share/mycobot_moveit_demos/environment/path.dsv
[0.275s] -- Up-to-date symlink: /home/pathonai/ros2_jazzy/src/opensource_dev/mycobot_ros2/install/mycobot_moveit_demos/share/mycobot_moveit_demos/local_setup.bash
[0.275s] -- Up-to-date symlink: /home/pathonai/ros2_jazzy/src/opensource_dev/mycobot_ros2/install/mycobot_moveit_demos/share/mycobot_moveit_demos/local_setup.sh
[0.275s] -- Up-to-date symlink: /home/pathonai/ros2_jazzy/src/opensource_dev/mycobot_ros2/install/mycobot_moveit_demos/share/mycobot_moveit_demos/local_setup.zsh
[0.275s] -- Up-to-date symlink: /home/pathonai/ros2_jazzy/src/opensource_dev/mycobot_ros2/install/mycobot_moveit_demos/share/mycobot_moveit_demos/local_setup.dsv
[0.275s] -- Symlinking: /home/pathonai/ros2_jazzy/src/opensource_dev/mycobot_ros2/install/mycobot_moveit_demos/share/mycobot_moveit_demos/package.dsv
[0.283s] -- Up-to-date symlink: /home/pathonai/ros2_jazzy/src/opensource_dev/mycobot_ros2/install/mycobot_moveit_demos/share/ament_index/resource_index/packages/mycobot_moveit_demos
[0.283s] -- Up-to-date symlink: /home/pathonai/ros2_jazzy/src/opensource_dev/mycobot_ros2/install/mycobot_moveit_demos/share/mycobot_moveit_demos/cmake/mycobot_moveit_demosConfig.cmake
[0.284s] -- Up-to-date symlink: /home/pathonai/ros2_jazzy/src/opensource_dev/mycobot_ros2/install/mycobot_moveit_demos/share/mycobot_moveit_demos/cmake/mycobot_moveit_demosConfig-version.cmake
[0.284s] -- Up-to-date symlink: /home/pathonai/ros2_jazzy/src/opensource_dev/mycobot_ros2/install/mycobot_moveit_demos/share/mycobot_moveit_demos/package.xml
[0.307s] Invoked command in '/home/pathonai/ros2_ws/src/opensource_dev/mycobot_ros2/build/mycobot_moveit_demos' returned '0': DEBUGINFOD_URLS=https://debuginfod.ubuntu.com /usr/bin/cmake --install /home/pathonai/ros2_ws/src/opensource_dev/mycobot_ros2/build/mycobot_moveit_demos
