[0.013s] Invoking command in '/home/pathonai/ros2_ws/src/opensource_dev/mycobot_ros2/build/moveit_task_constructor_visualization': AMENT_PREFIX_PATH=/home/pathonai/ros2_jazzy/src/opensource_dev/mycobot_ros2/install/moveit_task_constructor_core:/home/pathonai/ros2_jazzy/src/opensource_dev/mycobot_ros2/install/rviz_marker_tools:/home/pathonai/ros2_jazzy/src/opensource_dev/mycobot_ros2/install/moveit_task_constructor_msgs CMAKE_MODULE_PATH=/home/pathonai/ros2_ws/src/opensource_dev/mycobot_ros2/install/moveit_task_constructor_core/share/moveit_task_constructor_core/cmake CMAKE_PREFIX_PATH=/home/pathonai/ros2_ws/src/opensource_dev/mycobot_ros2/install/moveit_task_constructor_core:/home/pathonai/ros2_ws/src/opensource_dev/mycobot_ros2/install/rviz_marker_tools:/home/pathonai/ros2_ws/src/opensource_dev/mycobot_ros2/install/moveit_task_constructor_msgs DEBUGINFOD_URLS=https://debuginfod.ubuntu.com LD_LIBRARY_PATH=/home/pathonai/ros2_jazzy/src/opensource_dev/mycobot_ros2/install/moveit_task_constructor_core/lib:/home/pathonai/ros2_ws/src/opensource_dev/mycobot_ros2/install/moveit_task_constructor_core/lib:/home/pathonai/ros2_jazzy/src/opensource_dev/mycobot_ros2/install/rviz_marker_tools/lib:/home/pathonai/ros2_ws/src/opensource_dev/mycobot_ros2/install/rviz_marker_tools/lib:/home/pathonai/ros2_jazzy/src/opensource_dev/mycobot_ros2/install/moveit_task_constructor_msgs/lib:/home/pathonai/ros2_ws/src/opensource_dev/mycobot_ros2/install/moveit_task_constructor_msgs/lib PYTHONPATH=/home/pathonai/ros2_jazzy/src/opensource_dev/mycobot_ros2/install/moveit_task_constructor_core/lib/python3.12/site-packages:/home/pathonai/ros2_ws/src/opensource_dev/mycobot_ros2/install/moveit_task_constructor_core/lib/python3.12/site-packages:/home/pathonai/ros2_jazzy/src/opensource_dev/mycobot_ros2/install/moveit_task_constructor_msgs/lib/python3.12/site-packages:/home/pathonai/ros2_ws/src/opensource_dev/mycobot_ros2/install/moveit_task_constructor_msgs/lib/python3.12/site-packages /usr/bin/cmake --build /home/pathonai/ros2_ws/src/opensource_dev/mycobot_ros2/build/moveit_task_constructor_visualization -- -j16 -l16
[0.021s] [0mCMake Error: The current CMakeCache.txt directory /home/pathonai/ros2_ws/src/opensource_dev/mycobot_ros2/build/moveit_task_constructor_visualization/CMakeCache.txt is different than the directory /home/pathonai/ros2_jazzy/src/opensource_dev/mycobot_ros2/build/moveit_task_constructor_visualization where CMakeCache.txt was created. This may result in binaries being created in the wrong place. If you are not sure, reedit the CMakeCache.txt[0m
[0.079s] [  0%] Built target motion_planning_tasks_utils_autogen_timestamp_deps
[0.080s] [  0%] Built target moveit_task_visualization_tools_autogen_timestamp_deps
[0.081s] [  0%] Built target motion_planning_tasks_properties_autogen_timestamp_deps
[0.082s] [  0%] Built target gtest_main_autogen_timestamp_deps
[0.082s] [  0%] Built target gtest_autogen_timestamp_deps
[0.085s] [  0%] Built target gmock_main_autogen_timestamp_deps
[0.093s] [  0%] Built target gmock_autogen_timestamp_deps
[0.105s] [  1%] Built target motion_planning_tasks_utils_autogen
[0.112s] [  2%] Built target gtest_autogen
[0.116s] [  5%] Built target gtest_main_autogen
[0.116s] [  5%] Built target moveit_task_visualization_tools_autogen
[0.120s] [  7%] Built target gmock_autogen
[0.120s] [  7%] Built target motion_planning_tasks_properties_autogen
[0.120s] [  9%] Built target gmock_main_autogen
[0.139s] [ 14%] Built target gtest
[0.140s] [ 22%] Built target motion_planning_tasks_utils
[0.142s] [ 27%] Built target gtest_main
[0.144s] [ 32%] Built target gmock_main
[0.148s] [ 39%] Built target gmock
[0.161s] [ 46%] Built target motion_planning_tasks_properties
[0.161s] [ 46%] Built target moveit_task_constructor_visualization-test-merge-models_autogen_timestamp_deps
[0.181s] [ 47%] Built target moveit_task_constructor_visualization-test-merge-models_autogen
[0.185s] [ 56%] Built target moveit_task_visualization_tools
[0.202s] [ 56%] Built target motion_planning_tasks_rviz_plugin_autogen_timestamp_deps
[0.202s] [ 61%] Built target moveit_task_constructor_visualization-test-merge-models
[0.232s] [ 63%] Built target motion_planning_tasks_rviz_plugin_autogen
[0.306s] [ 86%] Built target motion_planning_tasks_rviz_plugin
[0.322s] [ 86%] Built target moveit_task_constructor_visualization-test-solution-models_autogen_timestamp_deps
[0.322s] [ 86%] Built target moveit_task_constructor_visualization-test-task_model_autogen_timestamp_deps
[0.340s] [ 88%] Built target moveit_task_constructor_visualization-test-solution-models_autogen
[0.340s] [ 89%] Built target moveit_task_constructor_visualization-test-task_model_autogen
[0.372s] [ 94%] Built target moveit_task_constructor_visualization-test-task_model
[0.374s] [100%] Built target moveit_task_constructor_visualization-test-solution-models
[0.384s] Invoked command in '/home/pathonai/ros2_ws/src/opensource_dev/mycobot_ros2/build/moveit_task_constructor_visualization' returned '0': AMENT_PREFIX_PATH=/home/pathonai/ros2_jazzy/src/opensource_dev/mycobot_ros2/install/moveit_task_constructor_core:/home/pathonai/ros2_jazzy/src/opensource_dev/mycobot_ros2/install/rviz_marker_tools:/home/pathonai/ros2_jazzy/src/opensource_dev/mycobot_ros2/install/moveit_task_constructor_msgs CMAKE_MODULE_PATH=/home/pathonai/ros2_ws/src/opensource_dev/mycobot_ros2/install/moveit_task_constructor_core/share/moveit_task_constructor_core/cmake CMAKE_PREFIX_PATH=/home/pathonai/ros2_ws/src/opensource_dev/mycobot_ros2/install/moveit_task_constructor_core:/home/pathonai/ros2_ws/src/opensource_dev/mycobot_ros2/install/rviz_marker_tools:/home/pathonai/ros2_ws/src/opensource_dev/mycobot_ros2/install/moveit_task_constructor_msgs DEBUGINFOD_URLS=https://debuginfod.ubuntu.com LD_LIBRARY_PATH=/home/pathonai/ros2_jazzy/src/opensource_dev/mycobot_ros2/install/moveit_task_constructor_core/lib:/home/pathonai/ros2_ws/src/opensource_dev/mycobot_ros2/install/moveit_task_constructor_core/lib:/home/pathonai/ros2_jazzy/src/opensource_dev/mycobot_ros2/install/rviz_marker_tools/lib:/home/pathonai/ros2_ws/src/opensource_dev/mycobot_ros2/install/rviz_marker_tools/lib:/home/pathonai/ros2_jazzy/src/opensource_dev/mycobot_ros2/install/moveit_task_constructor_msgs/lib:/home/pathonai/ros2_ws/src/opensource_dev/mycobot_ros2/install/moveit_task_constructor_msgs/lib PYTHONPATH=/home/pathonai/ros2_jazzy/src/opensource_dev/mycobot_ros2/install/moveit_task_constructor_core/lib/python3.12/site-packages:/home/pathonai/ros2_ws/src/opensource_dev/mycobot_ros2/install/moveit_task_constructor_core/lib/python3.12/site-packages:/home/pathonai/ros2_jazzy/src/opensource_dev/mycobot_ros2/install/moveit_task_constructor_msgs/lib/python3.12/site-packages:/home/pathonai/ros2_ws/src/opensource_dev/mycobot_ros2/install/moveit_task_constructor_msgs/lib/python3.12/site-packages /usr/bin/cmake --build /home/pathonai/ros2_ws/src/opensource_dev/mycobot_ros2/build/moveit_task_constructor_visualization -- -j16 -l16
[0.385s] Invoking command in '/home/pathonai/ros2_ws/src/opensource_dev/mycobot_ros2/build/moveit_task_constructor_visualization': AMENT_PREFIX_PATH=/home/pathonai/ros2_jazzy/src/opensource_dev/mycobot_ros2/install/moveit_task_constructor_core:/home/pathonai/ros2_jazzy/src/opensource_dev/mycobot_ros2/install/rviz_marker_tools:/home/pathonai/ros2_jazzy/src/opensource_dev/mycobot_ros2/install/moveit_task_constructor_msgs CMAKE_MODULE_PATH=/home/pathonai/ros2_ws/src/opensource_dev/mycobot_ros2/install/moveit_task_constructor_core/share/moveit_task_constructor_core/cmake CMAKE_PREFIX_PATH=/home/pathonai/ros2_ws/src/opensource_dev/mycobot_ros2/install/moveit_task_constructor_core:/home/pathonai/ros2_ws/src/opensource_dev/mycobot_ros2/install/rviz_marker_tools:/home/pathonai/ros2_ws/src/opensource_dev/mycobot_ros2/install/moveit_task_constructor_msgs DEBUGINFOD_URLS=https://debuginfod.ubuntu.com LD_LIBRARY_PATH=/home/pathonai/ros2_jazzy/src/opensource_dev/mycobot_ros2/install/moveit_task_constructor_core/lib:/home/pathonai/ros2_ws/src/opensource_dev/mycobot_ros2/install/moveit_task_constructor_core/lib:/home/pathonai/ros2_jazzy/src/opensource_dev/mycobot_ros2/install/rviz_marker_tools/lib:/home/pathonai/ros2_ws/src/opensource_dev/mycobot_ros2/install/rviz_marker_tools/lib:/home/pathonai/ros2_jazzy/src/opensource_dev/mycobot_ros2/install/moveit_task_constructor_msgs/lib:/home/pathonai/ros2_ws/src/opensource_dev/mycobot_ros2/install/moveit_task_constructor_msgs/lib PYTHONPATH=/home/pathonai/ros2_jazzy/src/opensource_dev/mycobot_ros2/install/moveit_task_constructor_core/lib/python3.12/site-packages:/home/pathonai/ros2_ws/src/opensource_dev/mycobot_ros2/install/moveit_task_constructor_core/lib/python3.12/site-packages:/home/pathonai/ros2_jazzy/src/opensource_dev/mycobot_ros2/install/moveit_task_constructor_msgs/lib/python3.12/site-packages:/home/pathonai/ros2_ws/src/opensource_dev/mycobot_ros2/install/moveit_task_constructor_msgs/lib/python3.12/site-packages /usr/bin/cmake --install /home/pathonai/ros2_ws/src/opensource_dev/mycobot_ros2/build/moveit_task_constructor_visualization
[0.392s] -- Install configuration: "Release"
[0.392s] -- Execute custom install script
[0.393s] -- Up-to-date symlink: /home/pathonai/ros2_jazzy/src/opensource_dev/mycobot_ros2/install/moveit_task_constructor_visualization/include/moveit/visualization_tools/display_solution.h
[0.393s] -- Up-to-date symlink: /home/pathonai/ros2_jazzy/src/opensource_dev/mycobot_ros2/install/moveit_task_constructor_visualization/include/moveit/visualization_tools/marker_visualization.h
[0.393s] -- Up-to-date symlink: /home/pathonai/ros2_jazzy/src/opensource_dev/mycobot_ros2/install/moveit_task_constructor_visualization/include/moveit/visualization_tools/task_solution_panel.h
[0.393s] -- Up-to-date symlink: /home/pathonai/ros2_jazzy/src/opensource_dev/mycobot_ros2/install/moveit_task_constructor_visualization/include/moveit/visualization_tools/task_solution_visualization.h
[0.393s] -- Up-to-date symlink: /home/pathonai/ros2_jazzy/src/opensource_dev/mycobot_ros2/install/moveit_task_constructor_visualization/lib/libmotion_planning_tasks_utils.so
[0.394s] -- Up-to-date symlink: /home/pathonai/ros2_jazzy/src/opensource_dev/mycobot_ros2/install/moveit_task_constructor_visualization/share/icons/classes/Motion Planning Tasks.svg
[0.394s] -- Up-to-date symlink: /home/pathonai/ros2_jazzy/src/opensource_dev/mycobot_ros2/install/moveit_task_constructor_visualization/share/moveit_task_constructor_visualization//motion_planning_tasks_rviz_plugin_description.xml
[0.394s] -- Up-to-date symlink: /home/pathonai/ros2_jazzy/src/opensource_dev/mycobot_ros2/install/moveit_task_constructor_visualization/share/moveit_task_constructor_visualization/environment/library_path.sh
[0.394s] -- Up-to-date symlink: /home/pathonai/ros2_jazzy/src/opensource_dev/mycobot_ros2/install/moveit_task_constructor_visualization/share/moveit_task_constructor_visualization/environment/library_path.dsv
[0.394s] -- Up-to-date symlink: /home/pathonai/ros2_jazzy/src/opensource_dev/mycobot_ros2/install/moveit_task_constructor_visualization/share/ament_index/resource_index/package_run_dependencies/moveit_task_constructor_visualization
[0.394s] -- Up-to-date symlink: /home/pathonai/ros2_jazzy/src/opensource_dev/mycobot_ros2/install/moveit_task_constructor_visualization/share/ament_index/resource_index/parent_prefix_path/moveit_task_constructor_visualization
[0.395s] -- Up-to-date symlink: /home/pathonai/ros2_jazzy/src/opensource_dev/mycobot_ros2/install/moveit_task_constructor_visualization/share/moveit_task_constructor_visualization/environment/ament_prefix_path.sh
[0.395s] -- Up-to-date symlink: /home/pathonai/ros2_jazzy/src/opensource_dev/mycobot_ros2/install/moveit_task_constructor_visualization/share/moveit_task_constructor_visualization/environment/ament_prefix_path.dsv
[0.395s] -- Up-to-date symlink: /home/pathonai/ros2_jazzy/src/opensource_dev/mycobot_ros2/install/moveit_task_constructor_visualization/share/moveit_task_constructor_visualization/environment/path.sh
[0.395s] -- Up-to-date symlink: /home/pathonai/ros2_jazzy/src/opensource_dev/mycobot_ros2/install/moveit_task_constructor_visualization/share/moveit_task_constructor_visualization/environment/path.dsv
[0.395s] -- Up-to-date symlink: /home/pathonai/ros2_jazzy/src/opensource_dev/mycobot_ros2/install/moveit_task_constructor_visualization/share/moveit_task_constructor_visualization/local_setup.bash
[0.396s] -- Up-to-date symlink: /home/pathonai/ros2_jazzy/src/opensource_dev/mycobot_ros2/install/moveit_task_constructor_visualization/share/moveit_task_constructor_visualization/local_setup.sh
[0.396s] -- Up-to-date symlink: /home/pathonai/ros2_jazzy/src/opensource_dev/mycobot_ros2/install/moveit_task_constructor_visualization/share/moveit_task_constructor_visualization/local_setup.zsh
[0.396s] -- Up-to-date symlink: /home/pathonai/ros2_jazzy/src/opensource_dev/mycobot_ros2/install/moveit_task_constructor_visualization/share/moveit_task_constructor_visualization/local_setup.dsv
[0.396s] -- Symlinking: /home/pathonai/ros2_jazzy/src/opensource_dev/mycobot_ros2/install/moveit_task_constructor_visualization/share/moveit_task_constructor_visualization/package.dsv
[0.405s] -- Up-to-date symlink: /home/pathonai/ros2_jazzy/src/opensource_dev/mycobot_ros2/install/moveit_task_constructor_visualization/share/ament_index/resource_index/packages/moveit_task_constructor_visualization
[0.405s] -- Up-to-date symlink: /home/pathonai/ros2_jazzy/src/opensource_dev/mycobot_ros2/install/moveit_task_constructor_visualization/share/ament_index/resource_index/rviz_common__pluginlib__plugin/moveit_task_constructor_visualization
[0.405s] -- Up-to-date symlink: /home/pathonai/ros2_jazzy/src/opensource_dev/mycobot_ros2/install/moveit_task_constructor_visualization/share/moveit_task_constructor_visualization/cmake/ament_cmake_export_include_directories-extras.cmake
[0.405s] -- Up-to-date symlink: /home/pathonai/ros2_jazzy/src/opensource_dev/mycobot_ros2/install/moveit_task_constructor_visualization/share/moveit_task_constructor_visualization/cmake/ament_cmake_export_libraries-extras.cmake
[0.405s] -- Up-to-date symlink: /home/pathonai/ros2_jazzy/src/opensource_dev/mycobot_ros2/install/moveit_task_constructor_visualization/share/moveit_task_constructor_visualization/cmake/ament_cmake_export_dependencies-extras.cmake
[0.406s] -- Up-to-date symlink: /home/pathonai/ros2_jazzy/src/opensource_dev/mycobot_ros2/install/moveit_task_constructor_visualization/share/moveit_task_constructor_visualization/cmake/moveit_task_constructor_visualizationConfig.cmake
[0.406s] -- Up-to-date symlink: /home/pathonai/ros2_jazzy/src/opensource_dev/mycobot_ros2/install/moveit_task_constructor_visualization/share/moveit_task_constructor_visualization/cmake/moveit_task_constructor_visualizationConfig-version.cmake
[0.406s] -- Up-to-date symlink: /home/pathonai/ros2_jazzy/src/opensource_dev/mycobot_ros2/install/moveit_task_constructor_visualization/share/moveit_task_constructor_visualization/package.xml
[0.406s] -- Up-to-date: /home/pathonai/ros2_jazzy/src/opensource_dev/mycobot_ros2/install/moveit_task_constructor_visualization/lib/libmoveit_task_visualization_tools.so.0.1.3
[0.406s] -- Up-to-date: /home/pathonai/ros2_jazzy/src/opensource_dev/mycobot_ros2/install/moveit_task_constructor_visualization/lib/libmoveit_task_visualization_tools.so
[0.407s] -- Up-to-date: /home/pathonai/ros2_jazzy/src/opensource_dev/mycobot_ros2/install/moveit_task_constructor_visualization/lib/libmotion_planning_tasks_properties.so
[0.407s] -- Up-to-date: /home/pathonai/ros2_jazzy/src/opensource_dev/mycobot_ros2/install/moveit_task_constructor_visualization/lib/libmotion_planning_tasks_rviz_plugin.so.0.1.3
[0.407s] -- Up-to-date: /home/pathonai/ros2_jazzy/src/opensource_dev/mycobot_ros2/install/moveit_task_constructor_visualization/lib/libmotion_planning_tasks_rviz_plugin.so
[0.409s] Invoked command in '/home/pathonai/ros2_ws/src/opensource_dev/mycobot_ros2/build/moveit_task_constructor_visualization' returned '0': AMENT_PREFIX_PATH=/home/pathonai/ros2_jazzy/src/opensource_dev/mycobot_ros2/install/moveit_task_constructor_core:/home/pathonai/ros2_jazzy/src/opensource_dev/mycobot_ros2/install/rviz_marker_tools:/home/pathonai/ros2_jazzy/src/opensource_dev/mycobot_ros2/install/moveit_task_constructor_msgs CMAKE_MODULE_PATH=/home/pathonai/ros2_ws/src/opensource_dev/mycobot_ros2/install/moveit_task_constructor_core/share/moveit_task_constructor_core/cmake CMAKE_PREFIX_PATH=/home/pathonai/ros2_ws/src/opensource_dev/mycobot_ros2/install/moveit_task_constructor_core:/home/pathonai/ros2_ws/src/opensource_dev/mycobot_ros2/install/rviz_marker_tools:/home/pathonai/ros2_ws/src/opensource_dev/mycobot_ros2/install/moveit_task_constructor_msgs DEBUGINFOD_URLS=https://debuginfod.ubuntu.com LD_LIBRARY_PATH=/home/pathonai/ros2_jazzy/src/opensource_dev/mycobot_ros2/install/moveit_task_constructor_core/lib:/home/pathonai/ros2_ws/src/opensource_dev/mycobot_ros2/install/moveit_task_constructor_core/lib:/home/pathonai/ros2_jazzy/src/opensource_dev/mycobot_ros2/install/rviz_marker_tools/lib:/home/pathonai/ros2_ws/src/opensource_dev/mycobot_ros2/install/rviz_marker_tools/lib:/home/pathonai/ros2_jazzy/src/opensource_dev/mycobot_ros2/install/moveit_task_constructor_msgs/lib:/home/pathonai/ros2_ws/src/opensource_dev/mycobot_ros2/install/moveit_task_constructor_msgs/lib PYTHONPATH=/home/pathonai/ros2_jazzy/src/opensource_dev/mycobot_ros2/install/moveit_task_constructor_core/lib/python3.12/site-packages:/home/pathonai/ros2_ws/src/opensource_dev/mycobot_ros2/install/moveit_task_constructor_core/lib/python3.12/site-packages:/home/pathonai/ros2_jazzy/src/opensource_dev/mycobot_ros2/install/moveit_task_constructor_msgs/lib/python3.12/site-packages:/home/pathonai/ros2_ws/src/opensource_dev/mycobot_ros2/install/moveit_task_constructor_msgs/lib/python3.12/site-packages /usr/bin/cmake --install /home/pathonai/ros2_ws/src/opensource_dev/mycobot_ros2/build/moveit_task_constructor_visualization
