[0.015s] Invoking command in '/home/pathonai/ros2_ws/src/opensource_dev/mycobot_ros2/build/rviz_marker_tools': DEBUGINFOD_URLS=https://debuginfod.ubuntu.com /usr/bin/cmake --build /home/pathonai/ros2_ws/src/opensource_dev/mycobot_ros2/build/rviz_marker_tools -- -j16 -l16
[0.043s] [0mCMake Error: The current CMakeCache.txt directory /home/pathonai/ros2_ws/src/opensource_dev/mycobot_ros2/build/rviz_marker_tools/CMakeCache.txt is different than the directory /home/pathonai/ros2_jazzy/src/opensource_dev/mycobot_ros2/build/rviz_marker_tools where CMakeCache.txt was created. This may result in binaries being created in the wrong place. If you are not sure, reedit the CMakeCache.txt[0m
[0.101s] [100%] Built target rviz_marker_tools
[0.127s] Invoked command in '/home/pathonai/ros2_ws/src/opensource_dev/mycobot_ros2/build/rviz_marker_tools' returned '0': DEBUGINFOD_URLS=https://debuginfod.ubuntu.com /usr/bin/cmake --build /home/pathonai/ros2_ws/src/opensource_dev/mycobot_ros2/build/rviz_marker_tools -- -j16 -l16
[0.136s] Invoking command in '/home/pathonai/ros2_ws/src/opensource_dev/mycobot_ros2/build/rviz_marker_tools': DEBUGINFOD_URLS=https://debuginfod.ubuntu.com /usr/bin/cmake --install /home/pathonai/ros2_ws/src/opensource_dev/mycobot_ros2/build/rviz_marker_tools
[0.210s] -- Install configuration: "Release"
[0.210s] -- Execute custom install script
[0.210s] -- Up-to-date symlink: /home/pathonai/ros2_jazzy/src/opensource_dev/mycobot_ros2/install/rviz_marker_tools/include/rviz_marker_tools/marker_creation.h
[0.210s] -- Up-to-date symlink: /home/pathonai/ros2_jazzy/src/opensource_dev/mycobot_ros2/install/rviz_marker_tools/share/rviz_marker_tools/environment/library_path.sh
[0.211s] -- Up-to-date symlink: /home/pathonai/ros2_jazzy/src/opensource_dev/mycobot_ros2/install/rviz_marker_tools/share/rviz_marker_tools/environment/library_path.dsv
[0.211s] -- Up-to-date symlink: /home/pathonai/ros2_jazzy/src/opensource_dev/mycobot_ros2/install/rviz_marker_tools/share/ament_index/resource_index/package_run_dependencies/rviz_marker_tools
[0.211s] -- Up-to-date symlink: /home/pathonai/ros2_jazzy/src/opensource_dev/mycobot_ros2/install/rviz_marker_tools/share/ament_index/resource_index/parent_prefix_path/rviz_marker_tools
[0.211s] -- Up-to-date symlink: /home/pathonai/ros2_jazzy/src/opensource_dev/mycobot_ros2/install/rviz_marker_tools/share/rviz_marker_tools/environment/ament_prefix_path.sh
[0.211s] -- Up-to-date symlink: /home/pathonai/ros2_jazzy/src/opensource_dev/mycobot_ros2/install/rviz_marker_tools/share/rviz_marker_tools/environment/ament_prefix_path.dsv
[0.211s] -- Up-to-date symlink: /home/pathonai/ros2_jazzy/src/opensource_dev/mycobot_ros2/install/rviz_marker_tools/share/rviz_marker_tools/environment/path.sh
[0.211s] -- Up-to-date symlink: /home/pathonai/ros2_jazzy/src/opensource_dev/mycobot_ros2/install/rviz_marker_tools/share/rviz_marker_tools/environment/path.dsv
[0.211s] -- Up-to-date symlink: /home/pathonai/ros2_jazzy/src/opensource_dev/mycobot_ros2/install/rviz_marker_tools/share/rviz_marker_tools/local_setup.bash
[0.211s] -- Up-to-date symlink: /home/pathonai/ros2_jazzy/src/opensource_dev/mycobot_ros2/install/rviz_marker_tools/share/rviz_marker_tools/local_setup.sh
[0.211s] -- Up-to-date symlink: /home/pathonai/ros2_jazzy/src/opensource_dev/mycobot_ros2/install/rviz_marker_tools/share/rviz_marker_tools/local_setup.zsh
[0.212s] -- Up-to-date symlink: /home/pathonai/ros2_jazzy/src/opensource_dev/mycobot_ros2/install/rviz_marker_tools/share/rviz_marker_tools/local_setup.dsv
[0.212s] -- Symlinking: /home/pathonai/ros2_jazzy/src/opensource_dev/mycobot_ros2/install/rviz_marker_tools/share/rviz_marker_tools/package.dsv
[0.212s] -- Up-to-date symlink: /home/pathonai/ros2_jazzy/src/opensource_dev/mycobot_ros2/install/rviz_marker_tools/share/ament_index/resource_index/packages/rviz_marker_tools
[0.212s] -- Up-to-date symlink: /home/pathonai/ros2_jazzy/src/opensource_dev/mycobot_ros2/install/rviz_marker_tools/share/rviz_marker_tools/cmake/ament_cmake_export_targets-extras.cmake
[0.212s] -- Up-to-date symlink: /home/pathonai/ros2_jazzy/src/opensource_dev/mycobot_ros2/install/rviz_marker_tools/share/rviz_marker_tools/cmake/ament_cmake_export_dependencies-extras.cmake
[0.212s] -- Up-to-date symlink: /home/pathonai/ros2_jazzy/src/opensource_dev/mycobot_ros2/install/rviz_marker_tools/share/rviz_marker_tools/cmake/rviz_marker_toolsConfig.cmake
[0.212s] -- Up-to-date symlink: /home/pathonai/ros2_jazzy/src/opensource_dev/mycobot_ros2/install/rviz_marker_tools/share/rviz_marker_tools/cmake/rviz_marker_toolsConfig-version.cmake
[0.212s] -- Up-to-date symlink: /home/pathonai/ros2_jazzy/src/opensource_dev/mycobot_ros2/install/rviz_marker_tools/share/rviz_marker_tools/package.xml
[0.212s] -- Up-to-date: /home/pathonai/ros2_jazzy/src/opensource_dev/mycobot_ros2/install/rviz_marker_tools/lib/librviz_marker_tools.so
[0.212s] -- Up-to-date: /home/pathonai/ros2_jazzy/src/opensource_dev/mycobot_ros2/install/rviz_marker_tools/share/rviz_marker_tools/cmake/rviz_marker_toolsTargetsExport.cmake
[0.212s] -- Up-to-date: /home/pathonai/ros2_jazzy/src/opensource_dev/mycobot_ros2/install/rviz_marker_tools/share/rviz_marker_tools/cmake/rviz_marker_toolsTargetsExport-release.cmake
[0.253s] Invoked command in '/home/pathonai/ros2_ws/src/opensource_dev/mycobot_ros2/build/rviz_marker_tools' returned '0': DEBUGINFOD_URLS=https://debuginfod.ubuntu.com /usr/bin/cmake --install /home/pathonai/ros2_ws/src/opensource_dev/mycobot_ros2/build/rviz_marker_tools
