[0.202s] Invoking command in '/home/pathonai/ros2_ws/src/opensource_dev/build/graspnet_ros': DEBUGINFOD_URLS=https://debuginfod.ubuntu.com /usr/bin/cmake --build /home/pathonai/ros2_ws/src/opensource_dev/build/graspnet_ros -- -j16 -l16
[0.444s] [  2%] [34m[1mGenerating type hashes for ROS interfaces[0m
[0.444s] [  2%] Built target ament_cmake_python_symlink_graspnet_ros
[0.445s] Traceback (most recent call last):
[0.445s]   File "/home/pathonai/ros2_jazzy/install/rosidl_generator_type_description/lib/rosidl_generator_type_description/rosidl_generator_type_description", line 21, in <module>
[0.446s]     from rosidl_generator_type_description import generate_type_hash
[0.446s] ModuleNotFoundError: No module named 'rosidl_generator_type_description'
[0.446s] gmake[2]: *** [CMakeFiles/graspnet_ros__rosidl_generator_type_description.dir/build.make:75: rosidl_generator_type_description/graspnet_ros/srv/UpdateInterestMap.json] Error 1
[0.446s] gmake[1]: *** [CMakeFiles/Makefile2:215: CMakeFiles/graspnet_ros__rosidl_generator_type_description.dir/all] Error 2
[0.446s] gmake[1]: *** Waiting for unfinished jobs....
[0.491s] running egg_info
[0.493s] creating graspnet_ros.egg-info
[0.505s] writing graspnet_ros.egg-info/PKG-INFO
[0.505s] writing dependency_links to graspnet_ros.egg-info/dependency_links.txt
[0.505s] writing top-level names to graspnet_ros.egg-info/top_level.txt
[0.506s] writing manifest file 'graspnet_ros.egg-info/SOURCES.txt'
[0.539s] reading manifest file 'graspnet_ros.egg-info/SOURCES.txt'
[0.539s] writing manifest file 'graspnet_ros.egg-info/SOURCES.txt'
[0.566s] [  2%] Built target ament_cmake_python_build_graspnet_ros_egg
[0.567s] gmake: *** [Makefile:146: all] Error 2
