[0.317s] Invoking command in '/home/pathonai/ros2_ws/src/opensource_dev/build/mycobot_moveit_config': CMAKE_PREFIX_PATH=${CMAKE_PREFIX_PATH}:/home/pathonai/ros2_jazzy/install/rqt_bag_plugins:/home/pathonai/ros2_jazzy/install/rqt_bag:/home/pathonai/ros2_jazzy/install/rosbag2_examples_py:/home/pathonai/ros2_jazzy/install/launch_testing_examples:/home/pathonai/ros2_jazzy/install/ros2bag:/home/pathonai/ros2_jazzy/install/tracetools_test:/home/pathonai/ros2_jazzy/install/tracetools_launch:/home/pathonai/ros2_jazzy/install/topic_monitor:/home/pathonai/ros2_jazzy/install/tf2_tools:/home/pathonai/ros2_jazzy/install/examples_tf2_py:/home/pathonai/ros2_jazzy/install/tf2_ros_py:/home/pathonai/ros2_jazzy/install/examples_rclpy_pointcloud_publisher:/home/pathonai/ros2_jazzy/install/sensor_msgs_py:/home/pathonai/ros2_jazzy/install/quality_of_service_demo_py:/home/pathonai/ros2_jazzy/install/camera_info_manager_py:/home/pathonai/ros2_jazzy/install/rqt_plot:/home/pathonai/ros2_jazzy/install/ros2doctor:/home/pathonai/ros2_jazzy/install/lifecycle_py:/home/pathonai/ros2_jazzy/install/examples_rclpy_minimal_subscriber:/home/pathonai/ros2_jazzy/install/examples_rclpy_minimal_service:/home/pathonai/ros2_jazzy/install/examples_rclpy_minimal_publisher:/home/pathonai/ros2_jazzy/install/examples_rclpy_minimal_client:/home/pathonai/ros2_jazzy/install/examples_rclpy_executors:/home/pathonai/ros2_jazzy/install/demo_nodes_py:/home/pathonai/ros2_jazzy/install/rqt:/home/pathonai/ros2_jazzy/install/ros2component:/home/pathonai/ros2_jazzy/install/sros2:/home/pathonai/ros2_jazzy/install/rqt_topic:/home/pathonai/ros2_jazzy/install/rqt_srv:/home/pathonai/ros2_jazzy/install/rqt_shell:/home/pathonai/ros2_jazzy/install/rqt_service_caller:/home/pathonai/ros2_jazzy/install/rqt_reconfigure:/home/pathonai/ros2_jazzy/install/rqt_py_console:/home/pathonai/ros2_jazzy/install/rqt_publisher:/home/pathonai/ros2_jazzy/install/rqt_action:/home/pathonai/ros2_jazzy/install/rqt_msg:/home/pathonai/ros2_jazzy/install/rqt_console:/home/pathonai/ros2_jazzy/install/rqt_graph:/home/pathonai/ros2_jazzy/install/rqt_gui_py:/home/pathonai/ros2_jazzy/install/rqt_gui:/home/pathonai/ros2_jazzy/install/ros2trace:/home/pathonai/ros2_jazzy/install/ros2param:/home/pathonai/ros2_jazzy/install/ros2lifecycle:/home/pathonai/ros2_jazzy/install/ros2service:/home/pathonai/ros2_jazzy/install/ros2topic:/home/pathonai/ros2_jazzy/install/ros2test:/home/pathonai/ros2_jazzy/install/ros2run:/home/pathonai/ros2_jazzy/install/ros2launch:/home/pathonai/ros2_jazzy/install/ros2pkg:/home/pathonai/ros2_jazzy/install/ros2node:/home/pathonai/ros2_jazzy/install/ros2multicast:/home/pathonai/ros2_jazzy/install/ros2interface:/home/pathonai/ros2_jazzy/install/ros2action:/home/pathonai/ros2_jazzy/install/ros2cli:/home/pathonai/ros2_jazzy/install/launch_testing_ros:/home/pathonai/ros2_jazzy/install/launch_ros:/home/pathonai/ros2_jazzy/install/examples_rclpy_minimal_action_server:/home/pathonai/ros2_jazzy/install/examples_rclpy_minimal_action_client:/home/pathonai/ros2_jazzy/install/examples_rclpy_guard_conditions:/home/pathonai/ros2_jazzy/install/action_tutorials_py:/home/pathonai/ros2_jazzy/install/ament_uncrustify:/home/pathonai/ros2_jazzy/install/tracetools_trace:/home/pathonai/ros2_jazzy/install/tracetools_read:/home/pathonai/ros2_jazzy/install/test_tracetools_launch:/home/pathonai/ros2_jazzy/install/test_ros2trace:/home/pathonai/ros2_jazzy/install/test_launch_ros:/home/pathonai/ros2_jazzy/install/rpyutils:/home/pathonai/ros2_jazzy/install/rosidl_runtime_py:/home/pathonai/ros2_jazzy/install/rosidl_pycommon:/home/pathonai/ros2_jazzy/install/rosidl_cli:/home/pathonai/ros2_jazzy/install/launch_pytest:/home/pathonai/ros2_jazzy/install/launch_testing:/home/pathonai/ros2_jazzy/install/launch_yaml:/home/pathonai/ros2_jazzy/install/launch_xml:/home/pathonai/ros2_jazzy/install/launch:/home/pathonai/ros2_jazzy/install/osrf_pycommon:/home/pathonai/ros2_jazzy/install/domain_coordinator:/home/pathonai/ros2_jazzy/install/ament_xmllint:/home/pathonai/ros2_jazzy/install/ament_pyflakes:/home/pathonai/ros2_jazzy/install/ament_pycodestyle:/home/pathonai/ros2_jazzy/install/ament_pep257:/home/pathonai/ros2_jazzy/install/ament_pclint:/home/pathonai/ros2_jazzy/install/ament_package:/home/pathonai/ros2_jazzy/install/ament_mypy:/home/pathonai/ros2_jazzy/install/ament_lint_cmake:/home/pathonai/ros2_jazzy/install/ament_flake8:/home/pathonai/ros2_jazzy/install/ament_copyright:/home/pathonai/ros2_jazzy/install/ament_lint:/home/pathonai/ros2_jazzy/install/ament_index_python:/home/pathonai/ros2_jazzy/install/ament_cpplint:/home/pathonai/ros2_jazzy/install/ament_cppcheck:/home/pathonai/ros2_jazzy/install/ament_clang_tidy:/home/pathonai/ros2_jazzy/install/ament_clang_format:/opt/ros/jazzy DEBUGINFOD_URLS=https://debuginfod.ubuntu.com /usr/bin/cmake /home/pathonai/ros2_ws/src/opensource_dev/mycobot_ros2/mycobot_moveit_config -DAMENT_CMAKE_SYMLINK_INSTALL=1 -DCMAKE_INSTALL_PREFIX=/home/pathonai/ros2_ws/src/opensource_dev/install/mycobot_moveit_config
[1.046s] -- The C compiler identification is GNU 13.3.0
[1.046s] -- The CXX compiler identification is GNU 13.3.0
[1.046s] -- Detecting C compiler ABI info
[1.046s] -- Detecting C compiler ABI info - done
[1.046s] -- Check for working C compiler: /usr/bin/cc - skipped
[1.046s] -- Detecting C compile features
[1.046s] -- Detecting C compile features - done
[1.046s] -- Detecting CXX compiler ABI info
[1.047s] -- Detecting CXX compiler ABI info - done
[1.047s] -- Check for working CXX compiler: /usr/bin/c++ - skipped
[1.047s] -- Detecting CXX compile features
[1.047s] -- Detecting CXX compile features - done
[1.047s] -- Found ament_cmake: 2.5.4 (/home/pathonai/ros2_jazzy/install/ament_cmake/share/ament_cmake/cmake)
[2.034s] -- Found Python3: /usr/bin/python3 (found version "3.12.3") found components: Interpreter 
[2.360s] -- Override CMake install command with custom implementation using symlinks instead of copying resources
[2.792s] -- Found moveit_ros_planning_interface: 2.12.3 (/opt/ros/jazzy/share/moveit_ros_planning_interface/cmake)
[3.385s] -- Found Boost: /usr/lib/x86_64-linux-gnu/cmake/Boost-1.83.0/BoostConfig.cmake (found version "1.83.0") found components: date_time filesystem program_options system thread 
[3.643s] -- Found rosidl_generator_c: 4.6.6 (/home/pathonai/ros2_jazzy/install/rosidl_generator_c/share/rosidl_generator_c/cmake)
[3.714s] -- Found rosidl_generator_cpp: 4.6.6 (/home/pathonai/ros2_jazzy/install/rosidl_generator_cpp/share/rosidl_generator_cpp/cmake)
[3.792s] -- Using all available rosidl_typesupport_c: rosidl_typesupport_introspection_c;rosidl_typesupport_fastrtps_c
[3.876s] -- Using all available rosidl_typesupport_cpp: rosidl_typesupport_introspection_cpp;rosidl_typesupport_fastrtps_cpp
[4.748s] -- Found Boost: /usr/lib/x86_64-linux-gnu/cmake/Boost-1.83.0/BoostConfig.cmake (found version "1.83.0") found components: chrono date_time filesystem iostreams program_options regex serialization system thread 
[5.132s] -- Found parameter_traits: 0.5.0 (/opt/ros/jazzy/share/parameter_traits/cmake)
[5.249s] -- Found rmw_implementation_cmake: 7.3.2 (/home/pathonai/ros2_jazzy/install/rmw_implementation_cmake/share/rmw_implementation_cmake/cmake)
[5.292s] -- Found rmw_fastrtps_cpp: 8.4.2 (/home/pathonai/ros2_jazzy/install/rmw_fastrtps_cpp/share/rmw_fastrtps_cpp/cmake)
[5.598s] -- Found OpenSSL: /usr/lib/x86_64-linux-gnu/libcrypto.so (found version "3.0.13")  
[5.665s] -- Found FastRTPS: /home/pathonai/ros2_jazzy/install/fastrtps/include (Required is at least version "2.13") 
[5.782s] -- Using RMW implementation 'rmw_fastrtps_cpp' as default
[6.117s] -- Found rclcpp_lifecycle: 28.1.11 (/home/pathonai/ros2_jazzy/install/rclcpp_lifecycle/share/rclcpp_lifecycle/cmake)
[6.198s] -- Found Boost: /usr/lib/x86_64-linux-gnu/cmake/Boost-1.83.0/BoostConfig.cmake (found version "1.83.0") found components: filesystem 
[6.441s] -- Found Eigen3: TRUE (found version "3.4.0") 
[6.441s] -- Ensuring Eigen3 include directory is part of orocos-kdl CMake target
[6.856s] -- Found Boost: /usr/lib/x86_64-linux-gnu/cmake/Boost-1.83.0/BoostConfig.cmake (found version "1.83.0") found components: system filesystem date_time program_options thread chrono 
[6.960s] -- Found Boost: /usr/lib/x86_64-linux-gnu/cmake/Boost-1.83.0/BoostConfig.cmake (found version "1.83.0") found components: thread system filesystem regex date_time program_options 
[7.037s] -- Found Boost: /usr/lib/x86_64-linux-gnu/cmake/Boost-1.83.0/BoostConfig.cmake (found version "1.83.0") found components: system filesystem date_time program_options thread 
[7.111s] -- Found moveit_kinematics: 2.12.3 (/opt/ros/jazzy/share/moveit_kinematics/cmake)
[7.115s] -- Found Boost: /usr/lib/x86_64-linux-gnu/cmake/Boost-1.83.0/BoostConfig.cmake (found version "1.83.0") found components: program_options system 
[7.168s] -- Found moveit_planners_ompl: 2.12.3 (/opt/ros/jazzy/share/moveit_planners_ompl/cmake)
[7.232s] -- Found moveit_ros_visualization: 2.12.3 (/opt/ros/jazzy/share/moveit_ros_visualization/cmake)
[7.237s] -- Found Boost: /usr/lib/x86_64-linux-gnu/cmake/Boost-1.83.0/BoostConfig.cmake (found version "1.83.0") found components: thread date_time system filesystem 
[7.335s] -- Setting OGRE_DIR to: '/home/pathonai/ros2_jazzy/install/rviz_ogre_vendor/share/rviz_ogre_vendor/cmake/../../../opt/rviz_ogre_vendor/lib/OGRE/cmake'
[7.336s] -- Found OGRE
[7.336s] --   static     : OFF
[7.336s] --   components : MeshLodGenerator;Overlay;Paging;Property;RTShaderSystem;Terrain;Volume
[7.336s] --   plugins    : Plugin_BSPSceneManager;Plugin_OctreeSceneManager;Plugin_PCZSceneManager;Plugin_ParticleFX;RenderSystem_GL;RenderSystem_GL3Plus;Codec_STBI
[7.337s] --   media      : /home/pathonai/ros2_jazzy/install/rviz_ogre_vendor/opt/rviz_ogre_vendor/share/OGRE/Media
[7.337s] -- OGRE_LIBRARIES: OgreMeshLodGenerator;OgreOverlay;OgrePaging;OgreProperty;OgreRTShaderSystem;OgreTerrain;OgreVolume;OgreMain
[7.337s] -- OGRE_LIBRARY_DIRS: /home/pathonai/ros2_jazzy/install/rviz_ogre_vendor/opt/rviz_ogre_vendor/lib
[7.337s] -- OGRE_PLUGINS: Plugin_BSPSceneManager;Plugin_OctreeSceneManager;Plugin_PCZSceneManager;Plugin_ParticleFX;RenderSystem_GL;RenderSystem_GL3Plus;Codec_STBI
[7.337s] -- OGRE_PLUGIN_DIR: /home/pathonai/ros2_jazzy/install/rviz_ogre_vendor/opt/rviz_ogre_vendor/lib/OGRE
[7.337s] -- rviz_ogre_vendor::OgreOverlay for IMPORTED_LOCATION_RELEASE: /home/pathonai/ros2_jazzy/install/rviz_ogre_vendor/opt/rviz_ogre_vendor/lib/libOgreOverlay.so
[7.337s] -- rviz_ogre_vendor::OgreOverlay for IMPORTED_LOCATION_DEBUG: /home/pathonai/ros2_jazzy/install/rviz_ogre_vendor/opt/rviz_ogre_vendor/lib/libOgreOverlay.so
[7.337s] -- rviz_ogre_vendor::OgreMain for IMPORTED_LOCATION_RELEASE: /home/pathonai/ros2_jazzy/install/rviz_ogre_vendor/opt/rviz_ogre_vendor/lib/libOgreMain.so
[7.338s] -- rviz_ogre_vendor::OgreMain for IMPORTED_LOCATION_DEBUG: /home/pathonai/ros2_jazzy/install/rviz_ogre_vendor/opt/rviz_ogre_vendor/lib/libOgreMain.so
[7.456s] -- Found ZLIB: /usr/lib/x86_64-linux-gnu/libz.so (found version "1.3")  
[7.537s] -- Found OpenGL: /usr/lib/x86_64-linux-gnu/libOpenGL.so   
[8.360s] -- Found X11: /usr/include   
[8.360s] -- Looking for XOpenDisplay in /usr/lib/x86_64-linux-gnu/libX11.so;/usr/lib/x86_64-linux-gnu/libXext.so
[8.486s] -- Looking for XOpenDisplay in /usr/lib/x86_64-linux-gnu/libX11.so;/usr/lib/x86_64-linux-gnu/libXext.so - found
[8.487s] -- Looking for gethostbyname
[8.609s] -- Looking for gethostbyname - found
[8.609s] -- Looking for connect
[8.729s] -- Looking for connect - found
[8.729s] -- Looking for remove
[8.856s] -- Looking for remove - found
[8.856s] -- Looking for shmat
[8.979s] -- Looking for shmat - found
[8.979s] -- Looking for IceConnectionNumber in ICE
[9.100s] -- Looking for IceConnectionNumber in ICE - found
[9.188s] -- Setting yaml-cpp_DIR to: '/home/pathonai/ros2_jazzy/install/yaml_cpp_vendor/share/yaml_cpp_vendor/cmake/../../../opt/yaml_cpp_vendor/share/cmake/yaml-cpp'
[9.197s] -- Found PkgConfig: /usr/bin/pkg-config (found version "1.8.1") 
[9.198s] -- Checking for module 'yaml-cpp'
[9.254s] --   Found yaml-cpp, version 0.8.0
[9.472s] -- Found rviz_visual_tools: 4.1.4 (/opt/ros/jazzy/share/rviz_visual_tools/cmake)
[9.510s] -- Found ament_lint_auto: 0.17.3 (/home/pathonai/ros2_jazzy/install/ament_lint_auto/share/ament_lint_auto/cmake)
[9.795s] -- Added test 'flake8' to check Python code syntax and style conventions
[9.795s] -- Configured 'flake8' exclude dirs and/or files: 
[9.802s] -- Added test 'lint_cmake' to check CMake code style
[9.808s] -- Added test 'pep257' to check Python code against some of the docstring style conventions in PEP 257
[9.816s] -- Added test 'xmllint' to check XML markup files
[9.828s] -- Configuring done (9.5s)
[9.837s] -- Generating done (0.0s)
[9.841s] -- Build files have been written to: /home/pathonai/ros2_ws/src/opensource_dev/build/mycobot_moveit_config
