-- The C compiler identification is GNU 13.3.0
-- The CXX compiler identification is GNU 13.3.0
-- Detecting C compiler ABI info
-- Detecting C compiler ABI info - done
-- Check for working C compiler: /usr/bin/cc - skipped
-- Detecting C compile features
-- Detecting C compile features - done
-- Detecting CXX compiler ABI info
-- Detecting CXX compiler ABI info - done
-- Check for working CXX compiler: /usr/bin/c++ - skipped
-- Detecting CXX compile features
-- Detecting CXX compile features - done
-- Found ament_cmake: 2.5.4 (/home/pathonai/ros2_jazzy/install/ament_cmake/share/ament_cmake/cmake)
-- Found Python3: /usr/bin/python3 (found version "3.12.3") found components: Interpreter 
-- Override CMake install command with custom implementation using symlinks instead of copying resources
-- Found ament_lint_auto: 0.17.3 (/home/pathonai/ros2_jazzy/install/ament_lint_auto/share/ament_lint_auto/cmake)
-- Added test 'lint_cmake' to check CMake code style
-- Added test 'xmllint' to check XML markup files
-- Configuring done (4.3s)
-- Generating done (0.0s)
-- Build files have been written to: /home/pathonai/ros2_jazzy/src/opensource_dev/mycobot_ros2/build/mycobot_ros2
-- Install configuration: ""
-- Execute custom install script
-- Symlinking: /home/pathonai/ros2_jazzy/src/opensource_dev/mycobot_ros2/install/mycobot_ros2/share/ament_index/resource_index/package_run_dependencies/mycobot_ros2
-- Symlinking: /home/pathonai/ros2_jazzy/src/opensource_dev/mycobot_ros2/install/mycobot_ros2/share/ament_index/resource_index/parent_prefix_path/mycobot_ros2
-- Symlinking: /home/pathonai/ros2_jazzy/src/opensource_dev/mycobot_ros2/install/mycobot_ros2/share/mycobot_ros2/environment/ament_prefix_path.sh
-- Symlinking: /home/pathonai/ros2_jazzy/src/opensource_dev/mycobot_ros2/install/mycobot_ros2/share/mycobot_ros2/environment/ament_prefix_path.dsv
-- Symlinking: /home/pathonai/ros2_jazzy/src/opensource_dev/mycobot_ros2/install/mycobot_ros2/share/mycobot_ros2/environment/path.sh
-- Symlinking: /home/pathonai/ros2_jazzy/src/opensource_dev/mycobot_ros2/install/mycobot_ros2/share/mycobot_ros2/environment/path.dsv
-- Symlinking: /home/pathonai/ros2_jazzy/src/opensource_dev/mycobot_ros2/install/mycobot_ros2/share/mycobot_ros2/local_setup.bash
-- Symlinking: /home/pathonai/ros2_jazzy/src/opensource_dev/mycobot_ros2/install/mycobot_ros2/share/mycobot_ros2/local_setup.sh
-- Symlinking: /home/pathonai/ros2_jazzy/src/opensource_dev/mycobot_ros2/install/mycobot_ros2/share/mycobot_ros2/local_setup.zsh
-- Symlinking: /home/pathonai/ros2_jazzy/src/opensource_dev/mycobot_ros2/install/mycobot_ros2/share/mycobot_ros2/local_setup.dsv
-- Symlinking: /home/pathonai/ros2_jazzy/src/opensource_dev/mycobot_ros2/install/mycobot_ros2/share/mycobot_ros2/package.dsv
-- Symlinking: /home/pathonai/ros2_jazzy/src/opensource_dev/mycobot_ros2/install/mycobot_ros2/share/ament_index/resource_index/packages/mycobot_ros2
-- Symlinking: /home/pathonai/ros2_jazzy/src/opensource_dev/mycobot_ros2/install/mycobot_ros2/share/mycobot_ros2/cmake/mycobot_ros2Config.cmake
-- Symlinking: /home/pathonai/ros2_jazzy/src/opensource_dev/mycobot_ros2/install/mycobot_ros2/share/mycobot_ros2/cmake/mycobot_ros2Config-version.cmake
-- Symlinking: /home/pathonai/ros2_jazzy/src/opensource_dev/mycobot_ros2/install/mycobot_ros2/share/mycobot_ros2/package.xml
