[  2%] [34m[1mGenerating type hashes for ROS interfaces[0m
[  2%] Built target ament_cmake_python_symlink_mycobot_interfaces
[  2%] Built target mycobot_interfaces__rosidl_generator_type_description
[  5%] [34m[1mGenerating C code for ROS interfaces[0m
[  8%] [34m[1mGenerating C++ code for ROS interfaces[0m
running egg_info
writing mycobot_interfaces.egg-info/PKG-INFO
writing dependency_links to mycobot_interfaces.egg-info/dependency_links.txt
writing top-level names to mycobot_interfaces.egg-info/top_level.txt
reading manifest file 'mycobot_interfaces.egg-info/SOURCES.txt'
writing manifest file 'mycobot_interfaces.egg-info/SOURCES.txt'
[  8%] Built target ament_cmake_python_build_mycobot_interfaces_egg
[  8%] Built target mycobot_interfaces__cpp
[ 17%] [32mBuilding C object CMakeFiles/mycobot_interfaces__rosidl_generator_c.dir/rosidl_generator_c/mycobot_interfaces/srv/detail/get_planning_scene__description.c.o[0m
[ 17%] [32mBuilding C object CMakeFiles/mycobot_interfaces__rosidl_generator_c.dir/rosidl_generator_c/mycobot_interfaces/srv/detail/get_planning_scene__type_support.c.o[0m
[ 17%] [32mBuilding C object CMakeFiles/mycobot_interfaces__rosidl_generator_c.dir/rosidl_generator_c/mycobot_interfaces/srv/detail/get_planning_scene__functions.c.o[0m
[ 20%] [32m[1mLinking C shared library libmycobot_interfaces__rosidl_generator_c.so[0m
[ 20%] Built target mycobot_interfaces__rosidl_generator_c
[ 23%] [34m[1mGenerating C type support for eProsima Fast-RTPS[0m
[ 29%] [34m[1mGenerating C introspection for ROS interfaces[0m
[ 32%] [34m[1mGenerating C++ type support dispatch for ROS interfaces[0m
[ 32%] [34m[1mGenerating C type support dispatch for ROS interfaces[0m
[ 35%] [34m[1mGenerating C++ introspection for ROS interfaces[0m
[ 38%] [34m[1mGenerating C++ type support for eProsima Fast-RTPS[0m
[ 41%] [32mBuilding C object CMakeFiles/mycobot_interfaces__rosidl_typesupport_introspection_c.dir/rosidl_typesupport_introspection_c/mycobot_interfaces/srv/detail/get_planning_scene__type_support.c.o[0m
[ 44%] [32mBuilding CXX object CMakeFiles/mycobot_interfaces__rosidl_typesupport_c.dir/rosidl_typesupport_c/mycobot_interfaces/srv/get_planning_scene__type_support.cpp.o[0m
[ 47%] [32m[1mLinking C shared library libmycobot_interfaces__rosidl_typesupport_introspection_c.so[0m
[ 50%] [32mBuilding CXX object CMakeFiles/mycobot_interfaces__rosidl_typesupport_cpp.dir/rosidl_typesupport_cpp/mycobot_interfaces/srv/get_planning_scene__type_support.cpp.o[0m
[ 52%] [32mBuilding CXX object CMakeFiles/mycobot_interfaces__rosidl_typesupport_introspection_cpp.dir/rosidl_typesupport_introspection_cpp/mycobot_interfaces/srv/detail/get_planning_scene__type_support.cpp.o[0m
[ 55%] [32mBuilding CXX object CMakeFiles/mycobot_interfaces__rosidl_typesupport_fastrtps_c.dir/rosidl_typesupport_fastrtps_c/mycobot_interfaces/srv/detail/get_planning_scene__type_support_c.cpp.o[0m
[ 58%] [32m[1mLinking CXX shared library libmycobot_interfaces__rosidl_typesupport_c.so[0m
[ 61%] [32mBuilding CXX object CMakeFiles/mycobot_interfaces__rosidl_typesupport_fastrtps_cpp.dir/rosidl_typesupport_fastrtps_cpp/mycobot_interfaces/srv/detail/dds_fastrtps/get_planning_scene__type_support.cpp.o[0m
[ 61%] Built target mycobot_interfaces__rosidl_typesupport_introspection_c
[ 61%] Built target mycobot_interfaces__rosidl_typesupport_c
[ 64%] [32m[1mLinking CXX shared library libmycobot_interfaces__rosidl_typesupport_fastrtps_c.so[0m
[ 64%] Built target mycobot_interfaces__rosidl_typesupport_fastrtps_c
[ 67%] [32m[1mLinking CXX shared library libmycobot_interfaces__rosidl_typesupport_cpp.so[0m
[ 70%] [32m[1mLinking CXX shared library libmycobot_interfaces__rosidl_typesupport_introspection_cpp.so[0m
[ 73%] [32m[1mLinking CXX shared library libmycobot_interfaces__rosidl_typesupport_fastrtps_cpp.so[0m
[ 73%] Built target mycobot_interfaces__rosidl_typesupport_cpp
[ 73%] Built target mycobot_interfaces__rosidl_typesupport_introspection_cpp
[ 73%] Built target mycobot_interfaces__rosidl_typesupport_fastrtps_cpp
[ 73%] Built target mycobot_interfaces
[ 76%] [34m[1mGenerating Python code for ROS interfaces[0m
[ 76%] Built target mycobot_interfaces__py
[ 79%] [32mBuilding C object CMakeFiles/mycobot_interfaces__rosidl_generator_py.dir/rosidl_generator_py/mycobot_interfaces/srv/_get_planning_scene_s.c.o[0m
[ 82%] [32m[1mLinking C shared library libmycobot_interfaces__rosidl_generator_py.so[0m
[ 82%] Built target mycobot_interfaces__rosidl_generator_py
[ 85%] [32mBuilding C object CMakeFiles/mycobot_interfaces_s__rosidl_typesupport_introspection_c.dir/rosidl_generator_py/mycobot_interfaces/_mycobot_interfaces_s.ep.rosidl_typesupport_introspection_c.c.o[0m
[ 88%] [32mBuilding C object CMakeFiles/mycobot_interfaces_s__rosidl_typesupport_c.dir/rosidl_generator_py/mycobot_interfaces/_mycobot_interfaces_s.ep.rosidl_typesupport_c.c.o[0m
[ 91%] [32mBuilding C object CMakeFiles/mycobot_interfaces_s__rosidl_typesupport_fastrtps_c.dir/rosidl_generator_py/mycobot_interfaces/_mycobot_interfaces_s.ep.rosidl_typesupport_fastrtps_c.c.o[0m
[ 94%] [32m[1mLinking C shared module rosidl_generator_py/mycobot_interfaces/mycobot_interfaces_s__rosidl_typesupport_c.so[0m
[ 97%] [32m[1mLinking C shared module rosidl_generator_py/mycobot_interfaces/mycobot_interfaces_s__rosidl_typesupport_introspection_c.so[0m
[100%] [32m[1mLinking C shared module rosidl_generator_py/mycobot_interfaces/mycobot_interfaces_s__rosidl_typesupport_fastrtps_c.so[0m
[100%] Built target mycobot_interfaces_s__rosidl_typesupport_c
[100%] Built target mycobot_interfaces_s__rosidl_typesupport_fastrtps_c
[100%] Built target mycobot_interfaces_s__rosidl_typesupport_introspection_c
