[0.269s] Invoking command in '/home/pathonai/ros2_ws/src/opensource_dev/build/mycobot_interfaces': CMAKE_PREFIX_PATH=${CMAKE_PREFIX_PATH}:/home/pathonai/ros2_jazzy/install/rqt_bag_plugins:/home/pathonai/ros2_jazzy/install/rqt_bag:/home/pathonai/ros2_jazzy/install/rosbag2_examples_py:/home/pathonai/ros2_jazzy/install/launch_testing_examples:/home/pathonai/ros2_jazzy/install/ros2bag:/home/pathonai/ros2_jazzy/install/tracetools_test:/home/pathonai/ros2_jazzy/install/tracetools_launch:/home/pathonai/ros2_jazzy/install/topic_monitor:/home/pathonai/ros2_jazzy/install/tf2_tools:/home/pathonai/ros2_jazzy/install/examples_tf2_py:/home/pathonai/ros2_jazzy/install/tf2_ros_py:/home/pathonai/ros2_jazzy/install/examples_rclpy_pointcloud_publisher:/home/pathonai/ros2_jazzy/install/sensor_msgs_py:/home/pathonai/ros2_jazzy/install/quality_of_service_demo_py:/home/pathonai/ros2_jazzy/install/camera_info_manager_py:/home/pathonai/ros2_jazzy/install/rqt_plot:/home/pathonai/ros2_jazzy/install/ros2doctor:/home/pathonai/ros2_jazzy/install/lifecycle_py:/home/pathonai/ros2_jazzy/install/examples_rclpy_minimal_subscriber:/home/pathonai/ros2_jazzy/install/examples_rclpy_minimal_service:/home/pathonai/ros2_jazzy/install/examples_rclpy_minimal_publisher:/home/pathonai/ros2_jazzy/install/examples_rclpy_minimal_client:/home/pathonai/ros2_jazzy/install/examples_rclpy_executors:/home/pathonai/ros2_jazzy/install/demo_nodes_py:/home/pathonai/ros2_jazzy/install/rqt:/home/pathonai/ros2_jazzy/install/ros2component:/home/pathonai/ros2_jazzy/install/sros2:/home/pathonai/ros2_jazzy/install/rqt_topic:/home/pathonai/ros2_jazzy/install/rqt_srv:/home/pathonai/ros2_jazzy/install/rqt_shell:/home/pathonai/ros2_jazzy/install/rqt_service_caller:/home/pathonai/ros2_jazzy/install/rqt_reconfigure:/home/pathonai/ros2_jazzy/install/rqt_py_console:/home/pathonai/ros2_jazzy/install/rqt_publisher:/home/pathonai/ros2_jazzy/install/rqt_action:/home/pathonai/ros2_jazzy/install/rqt_msg:/home/pathonai/ros2_jazzy/install/rqt_console:/home/pathonai/ros2_jazzy/install/rqt_graph:/home/pathonai/ros2_jazzy/install/rqt_gui_py:/home/pathonai/ros2_jazzy/install/rqt_gui:/home/pathonai/ros2_jazzy/install/ros2trace:/home/pathonai/ros2_jazzy/install/ros2param:/home/pathonai/ros2_jazzy/install/ros2lifecycle:/home/pathonai/ros2_jazzy/install/ros2service:/home/pathonai/ros2_jazzy/install/ros2topic:/home/pathonai/ros2_jazzy/install/ros2test:/home/pathonai/ros2_jazzy/install/ros2run:/home/pathonai/ros2_jazzy/install/ros2launch:/home/pathonai/ros2_jazzy/install/ros2pkg:/home/pathonai/ros2_jazzy/install/ros2node:/home/pathonai/ros2_jazzy/install/ros2multicast:/home/pathonai/ros2_jazzy/install/ros2interface:/home/pathonai/ros2_jazzy/install/ros2action:/home/pathonai/ros2_jazzy/install/ros2cli:/home/pathonai/ros2_jazzy/install/launch_testing_ros:/home/pathonai/ros2_jazzy/install/launch_ros:/home/pathonai/ros2_jazzy/install/examples_rclpy_minimal_action_server:/home/pathonai/ros2_jazzy/install/examples_rclpy_minimal_action_client:/home/pathonai/ros2_jazzy/install/examples_rclpy_guard_conditions:/home/pathonai/ros2_jazzy/install/action_tutorials_py:/home/pathonai/ros2_jazzy/install/ament_uncrustify:/home/pathonai/ros2_jazzy/install/tracetools_trace:/home/pathonai/ros2_jazzy/install/tracetools_read:/home/pathonai/ros2_jazzy/install/test_tracetools_launch:/home/pathonai/ros2_jazzy/install/test_ros2trace:/home/pathonai/ros2_jazzy/install/test_launch_ros:/home/pathonai/ros2_jazzy/install/rpyutils:/home/pathonai/ros2_jazzy/install/rosidl_runtime_py:/home/pathonai/ros2_jazzy/install/rosidl_pycommon:/home/pathonai/ros2_jazzy/install/rosidl_cli:/home/pathonai/ros2_jazzy/install/launch_pytest:/home/pathonai/ros2_jazzy/install/launch_testing:/home/pathonai/ros2_jazzy/install/launch_yaml:/home/pathonai/ros2_jazzy/install/launch_xml:/home/pathonai/ros2_jazzy/install/launch:/home/pathonai/ros2_jazzy/install/osrf_pycommon:/home/pathonai/ros2_jazzy/install/domain_coordinator:/home/pathonai/ros2_jazzy/install/ament_xmllint:/home/pathonai/ros2_jazzy/install/ament_pyflakes:/home/pathonai/ros2_jazzy/install/ament_pycodestyle:/home/pathonai/ros2_jazzy/install/ament_pep257:/home/pathonai/ros2_jazzy/install/ament_pclint:/home/pathonai/ros2_jazzy/install/ament_package:/home/pathonai/ros2_jazzy/install/ament_mypy:/home/pathonai/ros2_jazzy/install/ament_lint_cmake:/home/pathonai/ros2_jazzy/install/ament_flake8:/home/pathonai/ros2_jazzy/install/ament_copyright:/home/pathonai/ros2_jazzy/install/ament_lint:/home/pathonai/ros2_jazzy/install/ament_index_python:/home/pathonai/ros2_jazzy/install/ament_cpplint:/home/pathonai/ros2_jazzy/install/ament_cppcheck:/home/pathonai/ros2_jazzy/install/ament_clang_tidy:/home/pathonai/ros2_jazzy/install/ament_clang_format:/opt/ros/jazzy DEBUGINFOD_URLS=https://debuginfod.ubuntu.com /usr/bin/cmake --build /home/pathonai/ros2_ws/src/opensource_dev/build/mycobot_interfaces -- -j16 -l16
[0.758s] [  2%] [34m[1mGenerating type hashes for ROS interfaces[0m
[0.759s] [  2%] Built target ament_cmake_python_symlink_mycobot_interfaces
[0.759s] [  2%] Built target mycobot_interfaces__rosidl_generator_type_description
[0.759s] [  5%] [34m[1mGenerating C code for ROS interfaces[0m
[0.760s] [  8%] [34m[1mGenerating C++ code for ROS interfaces[0m
[0.839s] running egg_info
[0.912s] writing mycobot_interfaces.egg-info/PKG-INFO
[0.913s] writing dependency_links to mycobot_interfaces.egg-info/dependency_links.txt
[0.913s] writing top-level names to mycobot_interfaces.egg-info/top_level.txt
[1.148s] reading manifest file 'mycobot_interfaces.egg-info/SOURCES.txt'
[1.149s] writing manifest file 'mycobot_interfaces.egg-info/SOURCES.txt'
[1.210s] [  8%] Built target ament_cmake_python_build_mycobot_interfaces_egg
[1.324s] [  8%] Built target mycobot_interfaces__cpp
[1.441s] [ 17%] [32mBuilding C object CMakeFiles/mycobot_interfaces__rosidl_generator_c.dir/rosidl_generator_c/mycobot_interfaces/srv/detail/get_planning_scene__description.c.o[0m
[1.441s] [ 17%] [32mBuilding C object CMakeFiles/mycobot_interfaces__rosidl_generator_c.dir/rosidl_generator_c/mycobot_interfaces/srv/detail/get_planning_scene__type_support.c.o[0m
[1.441s] [ 17%] [32mBuilding C object CMakeFiles/mycobot_interfaces__rosidl_generator_c.dir/rosidl_generator_c/mycobot_interfaces/srv/detail/get_planning_scene__functions.c.o[0m
[1.662s] [ 20%] [32m[1mLinking C shared library libmycobot_interfaces__rosidl_generator_c.so[0m
[1.913s] [ 20%] Built target mycobot_interfaces__rosidl_generator_c
[1.979s] [ 23%] [34m[1mGenerating C type support for eProsima Fast-RTPS[0m
[1.980s] [ 29%] [34m[1mGenerating C introspection for ROS interfaces[0m
[1.981s] [ 32%] [34m[1mGenerating C++ type support dispatch for ROS interfaces[0m
[1.986s] [ 32%] [34m[1mGenerating C type support dispatch for ROS interfaces[0m
[1.991s] [ 35%] [34m[1mGenerating C++ introspection for ROS interfaces[0m
[1.998s] [ 38%] [34m[1mGenerating C++ type support for eProsima Fast-RTPS[0m
[3.157s] [ 41%] [32mBuilding C object CMakeFiles/mycobot_interfaces__rosidl_typesupport_introspection_c.dir/rosidl_typesupport_introspection_c/mycobot_interfaces/srv/detail/get_planning_scene__type_support.c.o[0m
[3.189s] [ 44%] [32mBuilding CXX object CMakeFiles/mycobot_interfaces__rosidl_typesupport_c.dir/rosidl_typesupport_c/mycobot_interfaces/srv/get_planning_scene__type_support.cpp.o[0m
[3.348s] [ 47%] [32m[1mLinking C shared library libmycobot_interfaces__rosidl_typesupport_introspection_c.so[0m
[3.392s] [ 50%] [32mBuilding CXX object CMakeFiles/mycobot_interfaces__rosidl_typesupport_cpp.dir/rosidl_typesupport_cpp/mycobot_interfaces/srv/get_planning_scene__type_support.cpp.o[0m
[3.420s] [ 52%] [32mBuilding CXX object CMakeFiles/mycobot_interfaces__rosidl_typesupport_introspection_cpp.dir/rosidl_typesupport_introspection_cpp/mycobot_interfaces/srv/detail/get_planning_scene__type_support.cpp.o[0m
[3.455s] [ 55%] [32mBuilding CXX object CMakeFiles/mycobot_interfaces__rosidl_typesupport_fastrtps_c.dir/rosidl_typesupport_fastrtps_c/mycobot_interfaces/srv/detail/get_planning_scene__type_support_c.cpp.o[0m
[3.477s] [ 58%] [32m[1mLinking CXX shared library libmycobot_interfaces__rosidl_typesupport_c.so[0m
[3.560s] [ 61%] [32mBuilding CXX object CMakeFiles/mycobot_interfaces__rosidl_typesupport_fastrtps_cpp.dir/rosidl_typesupport_fastrtps_cpp/mycobot_interfaces/srv/detail/dds_fastrtps/get_planning_scene__type_support.cpp.o[0m
[3.632s] [ 61%] Built target mycobot_interfaces__rosidl_typesupport_introspection_c
[3.649s] [ 61%] Built target mycobot_interfaces__rosidl_typesupport_c
[4.781s] [ 64%] [32m[1mLinking CXX shared library libmycobot_interfaces__rosidl_typesupport_fastrtps_c.so[0m
[5.172s] [ 64%] Built target mycobot_interfaces__rosidl_typesupport_fastrtps_c
[6.232s] [ 67%] [32m[1mLinking CXX shared library libmycobot_interfaces__rosidl_typesupport_cpp.so[0m
[6.472s] [ 70%] [32m[1mLinking CXX shared library libmycobot_interfaces__rosidl_typesupport_introspection_cpp.so[0m
[6.551s] [ 73%] [32m[1mLinking CXX shared library libmycobot_interfaces__rosidl_typesupport_fastrtps_cpp.so[0m
[6.685s] [ 73%] Built target mycobot_interfaces__rosidl_typesupport_cpp
[6.803s] [ 73%] Built target mycobot_interfaces__rosidl_typesupport_introspection_cpp
[6.854s] [ 73%] Built target mycobot_interfaces__rosidl_typesupport_fastrtps_cpp
[6.917s] [ 73%] Built target mycobot_interfaces
[7.011s] [ 76%] [34m[1mGenerating Python code for ROS interfaces[0m
[8.299s] [ 76%] Built target mycobot_interfaces__py
[8.367s] [ 79%] [32mBuilding C object CMakeFiles/mycobot_interfaces__rosidl_generator_py.dir/rosidl_generator_py/mycobot_interfaces/srv/_get_planning_scene_s.c.o[0m
[8.600s] [ 82%] [32m[1mLinking C shared library libmycobot_interfaces__rosidl_generator_py.so[0m
[8.717s] [ 82%] Built target mycobot_interfaces__rosidl_generator_py
[8.782s] [ 85%] [32mBuilding C object CMakeFiles/mycobot_interfaces_s__rosidl_typesupport_introspection_c.dir/rosidl_generator_py/mycobot_interfaces/_mycobot_interfaces_s.ep.rosidl_typesupport_introspection_c.c.o[0m
[8.784s] [ 88%] [32mBuilding C object CMakeFiles/mycobot_interfaces_s__rosidl_typesupport_c.dir/rosidl_generator_py/mycobot_interfaces/_mycobot_interfaces_s.ep.rosidl_typesupport_c.c.o[0m
[8.799s] [ 91%] [32mBuilding C object CMakeFiles/mycobot_interfaces_s__rosidl_typesupport_fastrtps_c.dir/rosidl_generator_py/mycobot_interfaces/_mycobot_interfaces_s.ep.rosidl_typesupport_fastrtps_c.c.o[0m
[9.034s] [ 94%] [32m[1mLinking C shared module rosidl_generator_py/mycobot_interfaces/mycobot_interfaces_s__rosidl_typesupport_c.so[0m
[9.055s] [ 97%] [32m[1mLinking C shared module rosidl_generator_py/mycobot_interfaces/mycobot_interfaces_s__rosidl_typesupport_introspection_c.so[0m
[9.064s] [100%] [32m[1mLinking C shared module rosidl_generator_py/mycobot_interfaces/mycobot_interfaces_s__rosidl_typesupport_fastrtps_c.so[0m
[9.129s] [100%] Built target mycobot_interfaces_s__rosidl_typesupport_c
[9.181s] [100%] Built target mycobot_interfaces_s__rosidl_typesupport_fastrtps_c
[9.206s] [100%] Built target mycobot_interfaces_s__rosidl_typesupport_introspection_c
