[33mCMake Warning (dev) at /usr/lib/x86_64-linux-gnu/cmake/pcl/Modules/FindFLANN.cmake:45 (find_package):
  Policy CMP0144 is not set: find_package uses upper-case <PACKAGENAME>_ROOT
  variables.  Run "cmake --help-policy CMP0144" for policy details.  Use the
  cmake_policy command to set the policy and suppress this warning.

  CMake variable FLANN_ROOT is set to:

    /usr

  For compatibility, find_package is ignoring the variable, but code in a
  .cmake module might still use it.
Call Stack (most recent call first):
  /usr/lib/x86_64-linux-gnu/cmake/pcl/PCLConfig.cmake:261 (find_package)
  /usr/lib/x86_64-linux-gnu/cmake/pcl/PCLConfig.cmake:306 (find_flann)
  /usr/lib/x86_64-linux-gnu/cmake/pcl/PCLConfig.cmake:570 (find_external_library)
  CMakeLists.txt:52 (find_package)
This warning is for project developers.  Use -Wno-dev to suppress it.
[0m
[0m** WARNING ** io features related to pcap will be disabled[0m
[33mCMake Warning at CMakeLists.txt:80 (add_library):
  Cannot generate a safe runtime search path for target cluster_extraction
  because there is a cycle in the constraint graph:

    dir 0 is [/home/pathonai/ros2_jazzy/src/opensource_dev/mycobot_ros2/install/moveit_task_constructor_core/lib]
    dir 1 is [/home/pathonai/ros2_jazzy/src/opensource_dev/mycobot_ros2/install/mycobot_interfaces/lib]
    dir 2 is [/opt/ros/jazzy/lib]
      dir 3 must precede it due to runtime library [libmessage_filters.so]
      dir 4 must precede it due to runtime library [libservice_msgs__rosidl_generator_c.so]
      dir 5 must precede it due to runtime library [librosidl_typesupport_fastrtps_c.so]
      dir 6 must precede it due to runtime library [librmw.so]
      dir 7 must precede it due to runtime library [librosidl_typesupport_fastrtps_cpp.so]
      dir 8 must precede it due to runtime library [librcutils.so]
      dir 9 must precede it due to runtime library [librcpputils.so]
      dir 10 must precede it due to runtime library [librosidl_typesupport_c.so]
      dir 11 must precede it due to runtime library [librosidl_typesupport_cpp.so]
      dir 12 must precede it due to runtime library [librosidl_runtime_c.so]
      dir 13 must precede it due to runtime library [librosidl_typesupport_introspection_c.so]
      dir 14 must precede it due to runtime library [librosidl_typesupport_introspection_cpp.so]
      dir 15 must precede it due to runtime library [librclcpp.so]
      dir 16 must precede it due to runtime library [libsensor_msgs__rosidl_generator_c.so]
      dir 17 must precede it due to runtime library [libstd_msgs__rosidl_generator_c.so]
      dir 18 must precede it due to runtime library [libstd_srvs__rosidl_typesupport_fastrtps_c.so]
      dir 19 must precede it due to runtime library [libkdl_parser.so]
      dir 20 must precede it due to runtime library [liburdf.so]
      dir 23 must precede it due to runtime library [libresource_retriever.so]
      dir 24 must precede it due to runtime library [librclcpp_lifecycle.so]
      dir 25 must precede it due to runtime library [librcl_lifecycle.so]
      dir 26 must precede it due to runtime library [liblifecycle_msgs__rosidl_typesupport_fastrtps_c.so]
      dir 29 must precede it due to runtime library [libvisualization_msgs__rosidl_typesupport_fastrtps_c.so]
      dir 30 must precede it due to runtime library [libtrajectory_msgs__rosidl_typesupport_fastrtps_c.so]
      dir 31 must precede it due to runtime library [libshape_msgs__rosidl_typesupport_fastrtps_c.so]
      dir 32 must precede it due to runtime library [libcomponent_manager.so]
      dir 33 must precede it due to runtime library [libclass_loader.so]
      dir 34 must precede it due to runtime library [libcomposition_interfaces__rosidl_typesupport_fastrtps_c.so]
      dir 35 must precede it due to runtime library [libstatic_transform_broadcaster_node.so]
      dir 36 must precede it due to runtime library [libtf2.so]
      dir 37 must precede it due to runtime library [librclcpp_action.so]
      dir 38 must precede it due to runtime library [liblibstatistics_collector.so]
      dir 39 must precede it due to runtime library [librosgraph_msgs__rosidl_typesupport_fastrtps_c.so]
      dir 40 must precede it due to runtime library [libstatistics_msgs__rosidl_typesupport_fastrtps_c.so]
      dir 41 must precede it due to runtime library [librcl_action.so]
      dir 42 must precede it due to runtime library [librcl.so]
      dir 43 must precede it due to runtime library [librcl_interfaces__rosidl_typesupport_fastrtps_c.so]
      dir 44 must precede it due to runtime library [librcl_yaml_param_parser.so]
      dir 45 must precede it due to runtime library [libtracetools.so]
      dir 46 must precede it due to runtime library [librmw_implementation.so]
      dir 47 must precede it due to runtime library [libament_index_cpp.so]
      dir 48 must precede it due to runtime library [librcl_logging_interface.so]
      dir 49 must precede it due to runtime library [libtype_description_interfaces__rosidl_typesupport_fastrtps_c.so]
      dir 50 must precede it due to runtime library [libtf2_msgs__rosidl_typesupport_fastrtps_c.so]
      dir 51 must precede it due to runtime library [libgeometry_msgs__rosidl_typesupport_fastrtps_c.so]
      dir 52 must precede it due to runtime library [libaction_msgs__rosidl_typesupport_fastrtps_c.so]
      dir 53 must precede it due to runtime library [libunique_identifier_msgs__rosidl_typesupport_fastrtps_c.so]
      dir 54 must precede it due to runtime library [libbuiltin_interfaces__rosidl_generator_py.so]
      dir 55 must precede it due to runtime library [libfastcdr.so.2]
      dir 56 must precede it due to runtime library [librosidl_dynamic_typesupport.so]
    dir 3 is [/home/pathonai/ros2_jazzy/install/message_filters/lib]
      dir 2 must precede it due to runtime library [libmessage_filters.so]
    dir 4 is [/home/pathonai/ros2_jazzy/install/service_msgs/lib]
      dir 2 must precede it due to runtime library [libservice_msgs__rosidl_generator_c.so]
    dir 5 is [/home/pathonai/ros2_jazzy/install/rosidl_typesupport_fastrtps_c/lib]
      dir 2 must precede it due to runtime library [librosidl_typesupport_fastrtps_c.so]
    dir 6 is [/home/pathonai/ros2_jazzy/install/rmw/lib]
      dir 2 must precede it due to runtime library [librmw.so]
    dir 7 is [/home/pathonai/ros2_jazzy/install/rosidl_typesupport_fastrtps_cpp/lib]
      dir 2 must precede it due to runtime library [librosidl_typesupport_fastrtps_cpp.so]
    dir 8 is [/home/pathonai/ros2_jazzy/install/rcutils/lib]
      dir 2 must precede it due to runtime library [librcutils.so]
    dir 9 is [/home/pathonai/ros2_jazzy/install/rcpputils/lib]
      dir 2 must precede it due to runtime library [librcpputils.so]
    dir 10 is [/home/pathonai/ros2_jazzy/install/rosidl_typesupport_c/lib]
      dir 2 must precede it due to runtime library [librosidl_typesupport_c.so]
    dir 11 is [/home/pathonai/ros2_jazzy/install/rosidl_typesupport_cpp/lib]
      dir 2 must precede it due to runtime library [librosidl_typesupport_cpp.so]
    dir 12 is [/home/pathonai/ros2_jazzy/install/rosidl_runtime_c/lib]
      dir 2 must precede it due to runtime library [librosidl_runtime_c.so]
    dir 13 is [/home/pathonai/ros2_jazzy/install/rosidl_typesupport_introspection_c/lib]
      dir 2 must precede it due to runtime library [librosidl_typesupport_introspection_c.so]
    dir 14 is [/home/pathonai/ros2_jazzy/install/rosidl_typesupport_introspection_cpp/lib]
      dir 2 must precede it due to runtime library [librosidl_typesupport_introspection_cpp.so]
    dir 15 is [/home/pathonai/ros2_jazzy/install/rclcpp/lib]
      dir 2 must precede it due to runtime library [librclcpp.so]
    dir 16 is [/home/pathonai/ros2_jazzy/install/sensor_msgs/lib]
      dir 2 must precede it due to runtime library [libsensor_msgs__rosidl_generator_c.so]
    dir 17 is [/home/pathonai/ros2_jazzy/install/std_msgs/lib]
      dir 2 must precede it due to runtime library [libstd_msgs__rosidl_generator_c.so]
    dir 18 is [/home/pathonai/ros2_jazzy/install/std_srvs/lib]
    dir 19 is [/home/pathonai/ros2_jazzy/install/kdl_parser/lib]
    dir 20 is [/home/pathonai/ros2_jazzy/install/urdf/lib]
    dir 21 is [/opt/ros/jazzy/lib/x86_64-linux-gnu]
      dir 22 must precede it due to runtime library [liburdfdom_sensor.so.4.0]
    dir 22 is [/home/pathonai/ros2_jazzy/install/urdfdom/lib]
    dir 23 is [/home/pathonai/ros2_jazzy/install/resource_retriever/lib]
    dir 24 is [/home/pathonai/ros2_jazzy/install/rclcpp_lifecycle/lib]
    dir 25 is [/home/pathonai/ros2_jazzy/install/rcl_lifecycle/lib]
    dir 26 is [/home/pathonai/ros2_jazzy/install/lifecycle_msgs/lib]
    dir 27 is [/home/pathonai/ros2_jazzy/src/opensource_dev/mycobot_ros2/install/rviz_marker_tools/lib]
    dir 28 is [/home/pathonai/ros2_jazzy/src/opensource_dev/mycobot_ros2/install/moveit_task_constructor_msgs/lib]
    dir 29 is [/home/pathonai/ros2_jazzy/install/visualization_msgs/lib]
    dir 30 is [/home/pathonai/ros2_jazzy/install/trajectory_msgs/lib]
    dir 31 is [/home/pathonai/ros2_jazzy/install/shape_msgs/lib]
    dir 32 is [/home/pathonai/ros2_jazzy/install/rclcpp_components/lib]
    dir 33 is [/home/pathonai/ros2_jazzy/install/class_loader/lib]
    dir 34 is [/home/pathonai/ros2_jazzy/install/composition_interfaces/lib]
    dir 35 is [/home/pathonai/ros2_jazzy/install/tf2_ros/lib]
    dir 36 is [/home/pathonai/ros2_jazzy/install/tf2/lib]
    dir 37 is [/home/pathonai/ros2_jazzy/install/rclcpp_action/lib]
    dir 38 is [/home/pathonai/ros2_jazzy/install/libstatistics_collector/lib]
    dir 39 is [/home/pathonai/ros2_jazzy/install/rosgraph_msgs/lib]
    dir 40 is [/home/pathonai/ros2_jazzy/install/statistics_msgs/lib]
    dir 41 is [/home/pathonai/ros2_jazzy/install/rcl_action/lib]
    dir 42 is [/home/pathonai/ros2_jazzy/install/rcl/lib]
    dir 43 is [/home/pathonai/ros2_jazzy/install/rcl_interfaces/lib]
    dir 44 is [/home/pathonai/ros2_jazzy/install/rcl_yaml_param_parser/lib]
    dir 45 is [/home/pathonai/ros2_jazzy/install/tracetools/lib]
    dir 46 is [/home/pathonai/ros2_jazzy/install/rmw_implementation/lib]
    dir 47 is [/home/pathonai/ros2_jazzy/install/ament_index_cpp/lib]
    dir 48 is [/home/pathonai/ros2_jazzy/install/rcl_logging_interface/lib]
    dir 49 is [/home/pathonai/ros2_jazzy/install/type_description_interfaces/lib]
    dir 50 is [/home/pathonai/ros2_jazzy/install/tf2_msgs/lib]
    dir 51 is [/home/pathonai/ros2_jazzy/install/geometry_msgs/lib]
      dir 2 must precede it due to runtime library [libgeometry_msgs__rosidl_generator_c.so]
    dir 52 is [/home/pathonai/ros2_jazzy/install/action_msgs/lib]
    dir 53 is [/home/pathonai/ros2_jazzy/install/unique_identifier_msgs/lib]
    dir 54 is [/home/pathonai/ros2_jazzy/install/builtin_interfaces/lib]
      dir 2 must precede it due to runtime library [libbuiltin_interfaces__rosidl_generator_c.so]
    dir 55 is [/home/pathonai/ros2_jazzy/install/fastcdr/lib]
    dir 56 is [/home/pathonai/ros2_jazzy/install/rosidl_dynamic_typesupport/lib]

  Some of these libraries may not be found correctly.
Call Stack (most recent call first):
  CMakeLists.txt:92 (add_custom_library)

[0m
[33mCMake Warning at CMakeLists.txt:80 (add_library):
  Cannot generate a safe runtime search path for target
  get_planning_scene_client because there is a cycle in the constraint graph:

    dir 0 is [/home/pathonai/ros2_jazzy/src/opensource_dev/mycobot_ros2/install/moveit_task_constructor_core/lib]
    dir 1 is [/home/pathonai/ros2_jazzy/src/opensource_dev/mycobot_ros2/install/mycobot_interfaces/lib]
    dir 2 is [/opt/ros/jazzy/lib]
      dir 3 must precede it due to runtime library [libmessage_filters.so]
      dir 4 must precede it due to runtime library [libservice_msgs__rosidl_generator_c.so]
      dir 5 must precede it due to runtime library [librosidl_typesupport_fastrtps_c.so]
      dir 6 must precede it due to runtime library [librmw.so]
      dir 7 must precede it due to runtime library [librosidl_typesupport_fastrtps_cpp.so]
      dir 8 must precede it due to runtime library [librcutils.so]
      dir 9 must precede it due to runtime library [librcpputils.so]
      dir 10 must precede it due to runtime library [librosidl_typesupport_c.so]
      dir 11 must precede it due to runtime library [librosidl_typesupport_cpp.so]
      dir 12 must precede it due to runtime library [librosidl_runtime_c.so]
      dir 13 must precede it due to runtime library [librosidl_typesupport_introspection_c.so]
      dir 14 must precede it due to runtime library [librosidl_typesupport_introspection_cpp.so]
      dir 15 must precede it due to runtime library [librclcpp.so]
      dir 16 must precede it due to runtime library [libsensor_msgs__rosidl_generator_c.so]
      dir 17 must precede it due to runtime library [libstd_msgs__rosidl_generator_c.so]
      dir 18 must precede it due to runtime library [libstd_srvs__rosidl_typesupport_fastrtps_c.so]
      dir 19 must precede it due to runtime library [libkdl_parser.so]
      dir 20 must precede it due to runtime library [liburdf.so]
      dir 23 must precede it due to runtime library [libresource_retriever.so]
      dir 24 must precede it due to runtime library [librclcpp_lifecycle.so]
      dir 25 must precede it due to runtime library [librcl_lifecycle.so]
      dir 26 must precede it due to runtime library [liblifecycle_msgs__rosidl_typesupport_fastrtps_c.so]
      dir 29 must precede it due to runtime library [libvisualization_msgs__rosidl_typesupport_fastrtps_c.so]
      dir 30 must precede it due to runtime library [libtrajectory_msgs__rosidl_typesupport_fastrtps_c.so]
      dir 31 must precede it due to runtime library [libshape_msgs__rosidl_typesupport_fastrtps_c.so]
      dir 32 must precede it due to runtime library [libcomponent_manager.so]
      dir 33 must precede it due to runtime library [libclass_loader.so]
      dir 34 must precede it due to runtime library [libcomposition_interfaces__rosidl_typesupport_fastrtps_c.so]
      dir 35 must precede it due to runtime library [libstatic_transform_broadcaster_node.so]
      dir 36 must precede it due to runtime library [libtf2.so]
      dir 37 must precede it due to runtime library [librclcpp_action.so]
      dir 38 must precede it due to runtime library [liblibstatistics_collector.so]
      dir 39 must precede it due to runtime library [librosgraph_msgs__rosidl_typesupport_fastrtps_c.so]
      dir 40 must precede it due to runtime library [libstatistics_msgs__rosidl_typesupport_fastrtps_c.so]
      dir 41 must precede it due to runtime library [librcl_action.so]
      dir 42 must precede it due to runtime library [librcl.so]
      dir 43 must precede it due to runtime library [librcl_interfaces__rosidl_typesupport_fastrtps_c.so]
      dir 44 must precede it due to runtime library [librcl_yaml_param_parser.so]
      dir 45 must precede it due to runtime library [libtracetools.so]
      dir 46 must precede it due to runtime library [librmw_implementation.so]
      dir 47 must precede it due to runtime library [libament_index_cpp.so]
      dir 48 must precede it due to runtime library [librcl_logging_interface.so]
      dir 49 must precede it due to runtime library [libtype_description_interfaces__rosidl_typesupport_fastrtps_c.so]
      dir 50 must precede it due to runtime library [libtf2_msgs__rosidl_typesupport_fastrtps_c.so]
      dir 51 must precede it due to runtime library [libgeometry_msgs__rosidl_typesupport_fastrtps_c.so]
      dir 52 must precede it due to runtime library [libaction_msgs__rosidl_typesupport_fastrtps_c.so]
      dir 53 must precede it due to runtime library [libunique_identifier_msgs__rosidl_typesupport_fastrtps_c.so]
      dir 54 must precede it due to runtime library [libbuiltin_interfaces__rosidl_generator_py.so]
      dir 55 must precede it due to runtime library [libfastcdr.so.2]
      dir 56 must precede it due to runtime library [librosidl_dynamic_typesupport.so]
    dir 3 is [/home/pathonai/ros2_jazzy/install/message_filters/lib]
      dir 2 must precede it due to runtime library [libmessage_filters.so]
    dir 4 is [/home/pathonai/ros2_jazzy/install/service_msgs/lib]
      dir 2 must precede it due to runtime library [libservice_msgs__rosidl_generator_c.so]
    dir 5 is [/home/pathonai/ros2_jazzy/install/rosidl_typesupport_fastrtps_c/lib]
      dir 2 must precede it due to runtime library [librosidl_typesupport_fastrtps_c.so]
    dir 6 is [/home/pathonai/ros2_jazzy/install/rmw/lib]
      dir 2 must precede it due to runtime library [librmw.so]
    dir 7 is [/home/pathonai/ros2_jazzy/install/rosidl_typesupport_fastrtps_cpp/lib]
      dir 2 must precede it due to runtime library [librosidl_typesupport_fastrtps_cpp.so]
    dir 8 is [/home/pathonai/ros2_jazzy/install/rcutils/lib]
      dir 2 must precede it due to runtime library [librcutils.so]
    dir 9 is [/home/pathonai/ros2_jazzy/install/rcpputils/lib]
      dir 2 must precede it due to runtime library [librcpputils.so]
    dir 10 is [/home/pathonai/ros2_jazzy/install/rosidl_typesupport_c/lib]
      dir 2 must precede it due to runtime library [librosidl_typesupport_c.so]
    dir 11 is [/home/pathonai/ros2_jazzy/install/rosidl_typesupport_cpp/lib]
      dir 2 must precede it due to runtime library [librosidl_typesupport_cpp.so]
    dir 12 is [/home/pathonai/ros2_jazzy/install/rosidl_runtime_c/lib]
      dir 2 must precede it due to runtime library [librosidl_runtime_c.so]
    dir 13 is [/home/pathonai/ros2_jazzy/install/rosidl_typesupport_introspection_c/lib]
      dir 2 must precede it due to runtime library [librosidl_typesupport_introspection_c.so]
    dir 14 is [/home/pathonai/ros2_jazzy/install/rosidl_typesupport_introspection_cpp/lib]
      dir 2 must precede it due to runtime library [librosidl_typesupport_introspection_cpp.so]
    dir 15 is [/home/pathonai/ros2_jazzy/install/rclcpp/lib]
      dir 2 must precede it due to runtime library [librclcpp.so]
    dir 16 is [/home/pathonai/ros2_jazzy/install/sensor_msgs/lib]
      dir 2 must precede it due to runtime library [libsensor_msgs__rosidl_generator_c.so]
    dir 17 is [/home/pathonai/ros2_jazzy/install/std_msgs/lib]
      dir 2 must precede it due to runtime library [libstd_msgs__rosidl_generator_c.so]
    dir 18 is [/home/pathonai/ros2_jazzy/install/std_srvs/lib]
    dir 19 is [/home/pathonai/ros2_jazzy/install/kdl_parser/lib]
    dir 20 is [/home/pathonai/ros2_jazzy/install/urdf/lib]
    dir 21 is [/opt/ros/jazzy/lib/x86_64-linux-gnu]
      dir 22 must precede it due to runtime library [liburdfdom_sensor.so.4.0]
    dir 22 is [/home/pathonai/ros2_jazzy/install/urdfdom/lib]
    dir 23 is [/home/pathonai/ros2_jazzy/install/resource_retriever/lib]
    dir 24 is [/home/pathonai/ros2_jazzy/install/rclcpp_lifecycle/lib]
    dir 25 is [/home/pathonai/ros2_jazzy/install/rcl_lifecycle/lib]
    dir 26 is [/home/pathonai/ros2_jazzy/install/lifecycle_msgs/lib]
    dir 27 is [/home/pathonai/ros2_jazzy/src/opensource_dev/mycobot_ros2/install/rviz_marker_tools/lib]
    dir 28 is [/home/pathonai/ros2_jazzy/src/opensource_dev/mycobot_ros2/install/moveit_task_constructor_msgs/lib]
    dir 29 is [/home/pathonai/ros2_jazzy/install/visualization_msgs/lib]
    dir 30 is [/home/pathonai/ros2_jazzy/install/trajectory_msgs/lib]
    dir 31 is [/home/pathonai/ros2_jazzy/install/shape_msgs/lib]
    dir 32 is [/home/pathonai/ros2_jazzy/install/rclcpp_components/lib]
    dir 33 is [/home/pathonai/ros2_jazzy/install/class_loader/lib]
    dir 34 is [/home/pathonai/ros2_jazzy/install/composition_interfaces/lib]
    dir 35 is [/home/pathonai/ros2_jazzy/install/tf2_ros/lib]
    dir 36 is [/home/pathonai/ros2_jazzy/install/tf2/lib]
    dir 37 is [/home/pathonai/ros2_jazzy/install/rclcpp_action/lib]
    dir 38 is [/home/pathonai/ros2_jazzy/install/libstatistics_collector/lib]
    dir 39 is [/home/pathonai/ros2_jazzy/install/rosgraph_msgs/lib]
    dir 40 is [/home/pathonai/ros2_jazzy/install/statistics_msgs/lib]
    dir 41 is [/home/pathonai/ros2_jazzy/install/rcl_action/lib]
    dir 42 is [/home/pathonai/ros2_jazzy/install/rcl/lib]
    dir 43 is [/home/pathonai/ros2_jazzy/install/rcl_interfaces/lib]
    dir 44 is [/home/pathonai/ros2_jazzy/install/rcl_yaml_param_parser/lib]
    dir 45 is [/home/pathonai/ros2_jazzy/install/tracetools/lib]
    dir 46 is [/home/pathonai/ros2_jazzy/install/rmw_implementation/lib]
    dir 47 is [/home/pathonai/ros2_jazzy/install/ament_index_cpp/lib]
    dir 48 is [/home/pathonai/ros2_jazzy/install/rcl_logging_interface/lib]
    dir 49 is [/home/pathonai/ros2_jazzy/install/type_description_interfaces/lib]
    dir 50 is [/home/pathonai/ros2_jazzy/install/tf2_msgs/lib]
    dir 51 is [/home/pathonai/ros2_jazzy/install/geometry_msgs/lib]
      dir 2 must precede it due to runtime library [libgeometry_msgs__rosidl_generator_c.so]
    dir 52 is [/home/pathonai/ros2_jazzy/install/action_msgs/lib]
    dir 53 is [/home/pathonai/ros2_jazzy/install/unique_identifier_msgs/lib]
    dir 54 is [/home/pathonai/ros2_jazzy/install/builtin_interfaces/lib]
      dir 2 must precede it due to runtime library [libbuiltin_interfaces__rosidl_generator_c.so]
    dir 55 is [/home/pathonai/ros2_jazzy/install/fastcdr/lib]
    dir 56 is [/home/pathonai/ros2_jazzy/install/rosidl_dynamic_typesupport/lib]

  Some of these libraries may not be found correctly.
Call Stack (most recent call first):
  CMakeLists.txt:93 (add_custom_library)

[0m
[33mCMake Warning at CMakeLists.txt:80 (add_library):
  Cannot generate a safe runtime search path for target
  normals_curvature_and_rsd_estimation because there is a cycle in the
  constraint graph:

    dir 0 is [/home/pathonai/ros2_jazzy/src/opensource_dev/mycobot_ros2/install/moveit_task_constructor_core/lib]
    dir 1 is [/home/pathonai/ros2_jazzy/src/opensource_dev/mycobot_ros2/install/mycobot_interfaces/lib]
    dir 2 is [/opt/ros/jazzy/lib]
      dir 3 must precede it due to runtime library [libmessage_filters.so]
      dir 4 must precede it due to runtime library [libservice_msgs__rosidl_generator_c.so]
      dir 5 must precede it due to runtime library [librosidl_typesupport_fastrtps_c.so]
      dir 6 must precede it due to runtime library [librmw.so]
      dir 7 must precede it due to runtime library [librosidl_typesupport_fastrtps_cpp.so]
      dir 8 must precede it due to runtime library [librcutils.so]
      dir 9 must precede it due to runtime library [librcpputils.so]
      dir 10 must precede it due to runtime library [librosidl_typesupport_c.so]
      dir 11 must precede it due to runtime library [librosidl_typesupport_cpp.so]
      dir 12 must precede it due to runtime library [librosidl_runtime_c.so]
      dir 13 must precede it due to runtime library [librosidl_typesupport_introspection_c.so]
      dir 14 must precede it due to runtime library [librosidl_typesupport_introspection_cpp.so]
      dir 15 must precede it due to runtime library [librclcpp.so]
      dir 16 must precede it due to runtime library [libsensor_msgs__rosidl_generator_c.so]
      dir 17 must precede it due to runtime library [libstd_msgs__rosidl_generator_c.so]
      dir 18 must precede it due to runtime library [libstd_srvs__rosidl_typesupport_fastrtps_c.so]
      dir 19 must precede it due to runtime library [libkdl_parser.so]
      dir 20 must precede it due to runtime library [liburdf.so]
      dir 23 must precede it due to runtime library [libresource_retriever.so]
      dir 24 must precede it due to runtime library [librclcpp_lifecycle.so]
      dir 25 must precede it due to runtime library [librcl_lifecycle.so]
      dir 26 must precede it due to runtime library [liblifecycle_msgs__rosidl_typesupport_fastrtps_c.so]
      dir 29 must precede it due to runtime library [libvisualization_msgs__rosidl_typesupport_fastrtps_c.so]
      dir 30 must precede it due to runtime library [libtrajectory_msgs__rosidl_typesupport_fastrtps_c.so]
      dir 31 must precede it due to runtime library [libshape_msgs__rosidl_typesupport_fastrtps_c.so]
      dir 32 must precede it due to runtime library [libcomponent_manager.so]
      dir 33 must precede it due to runtime library [libclass_loader.so]
      dir 34 must precede it due to runtime library [libcomposition_interfaces__rosidl_typesupport_fastrtps_c.so]
      dir 35 must precede it due to runtime library [libstatic_transform_broadcaster_node.so]
      dir 36 must precede it due to runtime library [libtf2.so]
      dir 37 must precede it due to runtime library [librclcpp_action.so]
      dir 38 must precede it due to runtime library [liblibstatistics_collector.so]
      dir 39 must precede it due to runtime library [librosgraph_msgs__rosidl_typesupport_fastrtps_c.so]
      dir 40 must precede it due to runtime library [libstatistics_msgs__rosidl_typesupport_fastrtps_c.so]
      dir 41 must precede it due to runtime library [librcl_action.so]
      dir 42 must precede it due to runtime library [librcl.so]
      dir 43 must precede it due to runtime library [librcl_interfaces__rosidl_typesupport_fastrtps_c.so]
      dir 44 must precede it due to runtime library [librcl_yaml_param_parser.so]
      dir 45 must precede it due to runtime library [libtracetools.so]
      dir 46 must precede it due to runtime library [librmw_implementation.so]
      dir 47 must precede it due to runtime library [libament_index_cpp.so]
      dir 48 must precede it due to runtime library [librcl_logging_interface.so]
      dir 49 must precede it due to runtime library [libtype_description_interfaces__rosidl_typesupport_fastrtps_c.so]
      dir 50 must precede it due to runtime library [libtf2_msgs__rosidl_typesupport_fastrtps_c.so]
      dir 51 must precede it due to runtime library [libgeometry_msgs__rosidl_typesupport_fastrtps_c.so]
      dir 52 must precede it due to runtime library [libaction_msgs__rosidl_typesupport_fastrtps_c.so]
      dir 53 must precede it due to runtime library [libunique_identifier_msgs__rosidl_typesupport_fastrtps_c.so]
      dir 54 must precede it due to runtime library [libbuiltin_interfaces__rosidl_generator_py.so]
      dir 55 must precede it due to runtime library [libfastcdr.so.2]
      dir 56 must precede it due to runtime library [librosidl_dynamic_typesupport.so]
    dir 3 is [/home/pathonai/ros2_jazzy/install/message_filters/lib]
      dir 2 must precede it due to runtime library [libmessage_filters.so]
    dir 4 is [/home/pathonai/ros2_jazzy/install/service_msgs/lib]
      dir 2 must precede it due to runtime library [libservice_msgs__rosidl_generator_c.so]
    dir 5 is [/home/pathonai/ros2_jazzy/install/rosidl_typesupport_fastrtps_c/lib]
      dir 2 must precede it due to runtime library [librosidl_typesupport_fastrtps_c.so]
    dir 6 is [/home/pathonai/ros2_jazzy/install/rmw/lib]
      dir 2 must precede it due to runtime library [librmw.so]
    dir 7 is [/home/pathonai/ros2_jazzy/install/rosidl_typesupport_fastrtps_cpp/lib]
      dir 2 must precede it due to runtime library [librosidl_typesupport_fastrtps_cpp.so]
    dir 8 is [/home/pathonai/ros2_jazzy/install/rcutils/lib]
      dir 2 must precede it due to runtime library [librcutils.so]
    dir 9 is [/home/pathonai/ros2_jazzy/install/rcpputils/lib]
      dir 2 must precede it due to runtime library [librcpputils.so]
    dir 10 is [/home/pathonai/ros2_jazzy/install/rosidl_typesupport_c/lib]
      dir 2 must precede it due to runtime library [librosidl_typesupport_c.so]
    dir 11 is [/home/pathonai/ros2_jazzy/install/rosidl_typesupport_cpp/lib]
      dir 2 must precede it due to runtime library [librosidl_typesupport_cpp.so]
    dir 12 is [/home/pathonai/ros2_jazzy/install/rosidl_runtime_c/lib]
      dir 2 must precede it due to runtime library [librosidl_runtime_c.so]
    dir 13 is [/home/pathonai/ros2_jazzy/install/rosidl_typesupport_introspection_c/lib]
      dir 2 must precede it due to runtime library [librosidl_typesupport_introspection_c.so]
    dir 14 is [/home/pathonai/ros2_jazzy/install/rosidl_typesupport_introspection_cpp/lib]
      dir 2 must precede it due to runtime library [librosidl_typesupport_introspection_cpp.so]
    dir 15 is [/home/pathonai/ros2_jazzy/install/rclcpp/lib]
      dir 2 must precede it due to runtime library [librclcpp.so]
    dir 16 is [/home/pathonai/ros2_jazzy/install/sensor_msgs/lib]
      dir 2 must precede it due to runtime library [libsensor_msgs__rosidl_generator_c.so]
    dir 17 is [/home/pathonai/ros2_jazzy/install/std_msgs/lib]
      dir 2 must precede it due to runtime library [libstd_msgs__rosidl_generator_c.so]
    dir 18 is [/home/pathonai/ros2_jazzy/install/std_srvs/lib]
    dir 19 is [/home/pathonai/ros2_jazzy/install/kdl_parser/lib]
    dir 20 is [/home/pathonai/ros2_jazzy/install/urdf/lib]
    dir 21 is [/opt/ros/jazzy/lib/x86_64-linux-gnu]
      dir 22 must precede it due to runtime library [liburdfdom_sensor.so.4.0]
    dir 22 is [/home/pathonai/ros2_jazzy/install/urdfdom/lib]
    dir 23 is [/home/pathonai/ros2_jazzy/install/resource_retriever/lib]
    dir 24 is [/home/pathonai/ros2_jazzy/install/rclcpp_lifecycle/lib]
    dir 25 is [/home/pathonai/ros2_jazzy/install/rcl_lifecycle/lib]
    dir 26 is [/home/pathonai/ros2_jazzy/install/lifecycle_msgs/lib]
    dir 27 is [/home/pathonai/ros2_jazzy/src/opensource_dev/mycobot_ros2/install/rviz_marker_tools/lib]
    dir 28 is [/home/pathonai/ros2_jazzy/src/opensource_dev/mycobot_ros2/install/moveit_task_constructor_msgs/lib]
    dir 29 is [/home/pathonai/ros2_jazzy/install/visualization_msgs/lib]
    dir 30 is [/home/pathonai/ros2_jazzy/install/trajectory_msgs/lib]
    dir 31 is [/home/pathonai/ros2_jazzy/install/shape_msgs/lib]
    dir 32 is [/home/pathonai/ros2_jazzy/install/rclcpp_components/lib]
    dir 33 is [/home/pathonai/ros2_jazzy/install/class_loader/lib]
    dir 34 is [/home/pathonai/ros2_jazzy/install/composition_interfaces/lib]
    dir 35 is [/home/pathonai/ros2_jazzy/install/tf2_ros/lib]
    dir 36 is [/home/pathonai/ros2_jazzy/install/tf2/lib]
    dir 37 is [/home/pathonai/ros2_jazzy/install/rclcpp_action/lib]
    dir 38 is [/home/pathonai/ros2_jazzy/install/libstatistics_collector/lib]
    dir 39 is [/home/pathonai/ros2_jazzy/install/rosgraph_msgs/lib]
    dir 40 is [/home/pathonai/ros2_jazzy/install/statistics_msgs/lib]
    dir 41 is [/home/pathonai/ros2_jazzy/install/rcl_action/lib]
    dir 42 is [/home/pathonai/ros2_jazzy/install/rcl/lib]
    dir 43 is [/home/pathonai/ros2_jazzy/install/rcl_interfaces/lib]
    dir 44 is [/home/pathonai/ros2_jazzy/install/rcl_yaml_param_parser/lib]
    dir 45 is [/home/pathonai/ros2_jazzy/install/tracetools/lib]
    dir 46 is [/home/pathonai/ros2_jazzy/install/rmw_implementation/lib]
    dir 47 is [/home/pathonai/ros2_jazzy/install/ament_index_cpp/lib]
    dir 48 is [/home/pathonai/ros2_jazzy/install/rcl_logging_interface/lib]
    dir 49 is [/home/pathonai/ros2_jazzy/install/type_description_interfaces/lib]
    dir 50 is [/home/pathonai/ros2_jazzy/install/tf2_msgs/lib]
    dir 51 is [/home/pathonai/ros2_jazzy/install/geometry_msgs/lib]
      dir 2 must precede it due to runtime library [libgeometry_msgs__rosidl_generator_c.so]
    dir 52 is [/home/pathonai/ros2_jazzy/install/action_msgs/lib]
    dir 53 is [/home/pathonai/ros2_jazzy/install/unique_identifier_msgs/lib]
    dir 54 is [/home/pathonai/ros2_jazzy/install/builtin_interfaces/lib]
      dir 2 must precede it due to runtime library [libbuiltin_interfaces__rosidl_generator_c.so]
    dir 55 is [/home/pathonai/ros2_jazzy/install/fastcdr/lib]
    dir 56 is [/home/pathonai/ros2_jazzy/install/rosidl_dynamic_typesupport/lib]

  Some of these libraries may not be found correctly.
Call Stack (most recent call first):
  CMakeLists.txt:94 (add_custom_library)

[0m
[33mCMake Warning at CMakeLists.txt:80 (add_library):
  Cannot generate a safe runtime search path for target object_segmentation
  because there is a cycle in the constraint graph:

    dir 0 is [/home/pathonai/ros2_jazzy/src/opensource_dev/mycobot_ros2/install/moveit_task_constructor_core/lib]
    dir 1 is [/home/pathonai/ros2_jazzy/src/opensource_dev/mycobot_ros2/install/mycobot_interfaces/lib]
    dir 2 is [/opt/ros/jazzy/lib]
      dir 3 must precede it due to runtime library [libmessage_filters.so]
      dir 4 must precede it due to runtime library [libservice_msgs__rosidl_generator_c.so]
      dir 5 must precede it due to runtime library [librosidl_typesupport_fastrtps_c.so]
      dir 6 must precede it due to runtime library [librmw.so]
      dir 7 must precede it due to runtime library [librosidl_typesupport_fastrtps_cpp.so]
      dir 8 must precede it due to runtime library [librcutils.so]
      dir 9 must precede it due to runtime library [librcpputils.so]
      dir 10 must precede it due to runtime library [librosidl_typesupport_c.so]
      dir 11 must precede it due to runtime library [librosidl_typesupport_cpp.so]
      dir 12 must precede it due to runtime library [librosidl_runtime_c.so]
      dir 13 must precede it due to runtime library [librosidl_typesupport_introspection_c.so]
      dir 14 must precede it due to runtime library [librosidl_typesupport_introspection_cpp.so]
      dir 15 must precede it due to runtime library [librclcpp.so]
      dir 16 must precede it due to runtime library [libsensor_msgs__rosidl_generator_c.so]
      dir 17 must precede it due to runtime library [libstd_msgs__rosidl_generator_c.so]
      dir 18 must precede it due to runtime library [libstd_srvs__rosidl_typesupport_fastrtps_c.so]
      dir 19 must precede it due to runtime library [libkdl_parser.so]
      dir 20 must precede it due to runtime library [liburdf.so]
      dir 23 must precede it due to runtime library [libresource_retriever.so]
      dir 24 must precede it due to runtime library [librclcpp_lifecycle.so]
      dir 25 must precede it due to runtime library [librcl_lifecycle.so]
      dir 26 must precede it due to runtime library [liblifecycle_msgs__rosidl_typesupport_fastrtps_c.so]
      dir 29 must precede it due to runtime library [libvisualization_msgs__rosidl_typesupport_fastrtps_c.so]
      dir 30 must precede it due to runtime library [libtrajectory_msgs__rosidl_typesupport_fastrtps_c.so]
      dir 31 must precede it due to runtime library [libshape_msgs__rosidl_typesupport_fastrtps_c.so]
      dir 32 must precede it due to runtime library [libcomponent_manager.so]
      dir 33 must precede it due to runtime library [libclass_loader.so]
      dir 34 must precede it due to runtime library [libcomposition_interfaces__rosidl_typesupport_fastrtps_c.so]
      dir 35 must precede it due to runtime library [libstatic_transform_broadcaster_node.so]
      dir 36 must precede it due to runtime library [libtf2.so]
      dir 37 must precede it due to runtime library [librclcpp_action.so]
      dir 38 must precede it due to runtime library [liblibstatistics_collector.so]
      dir 39 must precede it due to runtime library [librosgraph_msgs__rosidl_typesupport_fastrtps_c.so]
      dir 40 must precede it due to runtime library [libstatistics_msgs__rosidl_typesupport_fastrtps_c.so]
      dir 41 must precede it due to runtime library [librcl_action.so]
      dir 42 must precede it due to runtime library [librcl.so]
      dir 43 must precede it due to runtime library [librcl_interfaces__rosidl_typesupport_fastrtps_c.so]
      dir 44 must precede it due to runtime library [librcl_yaml_param_parser.so]
      dir 45 must precede it due to runtime library [libtracetools.so]
      dir 46 must precede it due to runtime library [librmw_implementation.so]
      dir 47 must precede it due to runtime library [libament_index_cpp.so]
      dir 48 must precede it due to runtime library [librcl_logging_interface.so]
      dir 49 must precede it due to runtime library [libtype_description_interfaces__rosidl_typesupport_fastrtps_c.so]
      dir 50 must precede it due to runtime library [libtf2_msgs__rosidl_typesupport_fastrtps_c.so]
      dir 51 must precede it due to runtime library [libgeometry_msgs__rosidl_typesupport_fastrtps_c.so]
      dir 52 must precede it due to runtime library [libaction_msgs__rosidl_typesupport_fastrtps_c.so]
      dir 53 must precede it due to runtime library [libunique_identifier_msgs__rosidl_typesupport_fastrtps_c.so]
      dir 54 must precede it due to runtime library [libbuiltin_interfaces__rosidl_generator_py.so]
      dir 55 must precede it due to runtime library [libfastcdr.so.2]
      dir 56 must precede it due to runtime library [librosidl_dynamic_typesupport.so]
    dir 3 is [/home/pathonai/ros2_jazzy/install/message_filters/lib]
      dir 2 must precede it due to runtime library [libmessage_filters.so]
    dir 4 is [/home/pathonai/ros2_jazzy/install/service_msgs/lib]
      dir 2 must precede it due to runtime library [libservice_msgs__rosidl_generator_c.so]
    dir 5 is [/home/pathonai/ros2_jazzy/install/rosidl_typesupport_fastrtps_c/lib]
      dir 2 must precede it due to runtime library [librosidl_typesupport_fastrtps_c.so]
    dir 6 is [/home/pathonai/ros2_jazzy/install/rmw/lib]
      dir 2 must precede it due to runtime library [librmw.so]
    dir 7 is [/home/pathonai/ros2_jazzy/install/rosidl_typesupport_fastrtps_cpp/lib]
      dir 2 must precede it due to runtime library [librosidl_typesupport_fastrtps_cpp.so]
    dir 8 is [/home/pathonai/ros2_jazzy/install/rcutils/lib]
      dir 2 must precede it due to runtime library [librcutils.so]
    dir 9 is [/home/pathonai/ros2_jazzy/install/rcpputils/lib]
      dir 2 must precede it due to runtime library [librcpputils.so]
    dir 10 is [/home/pathonai/ros2_jazzy/install/rosidl_typesupport_c/lib]
      dir 2 must precede it due to runtime library [librosidl_typesupport_c.so]
    dir 11 is [/home/pathonai/ros2_jazzy/install/rosidl_typesupport_cpp/lib]
      dir 2 must precede it due to runtime library [librosidl_typesupport_cpp.so]
    dir 12 is [/home/pathonai/ros2_jazzy/install/rosidl_runtime_c/lib]
      dir 2 must precede it due to runtime library [librosidl_runtime_c.so]
    dir 13 is [/home/pathonai/ros2_jazzy/install/rosidl_typesupport_introspection_c/lib]
      dir 2 must precede it due to runtime library [librosidl_typesupport_introspection_c.so]
    dir 14 is [/home/pathonai/ros2_jazzy/install/rosidl_typesupport_introspection_cpp/lib]
      dir 2 must precede it due to runtime library [librosidl_typesupport_introspection_cpp.so]
    dir 15 is [/home/pathonai/ros2_jazzy/install/rclcpp/lib]
      dir 2 must precede it due to runtime library [librclcpp.so]
    dir 16 is [/home/pathonai/ros2_jazzy/install/sensor_msgs/lib]
      dir 2 must precede it due to runtime library [libsensor_msgs__rosidl_generator_c.so]
    dir 17 is [/home/pathonai/ros2_jazzy/install/std_msgs/lib]
      dir 2 must precede it due to runtime library [libstd_msgs__rosidl_generator_c.so]
    dir 18 is [/home/pathonai/ros2_jazzy/install/std_srvs/lib]
    dir 19 is [/home/pathonai/ros2_jazzy/install/kdl_parser/lib]
    dir 20 is [/home/pathonai/ros2_jazzy/install/urdf/lib]
    dir 21 is [/opt/ros/jazzy/lib/x86_64-linux-gnu]
      dir 22 must precede it due to runtime library [liburdfdom_sensor.so.4.0]
    dir 22 is [/home/pathonai/ros2_jazzy/install/urdfdom/lib]
    dir 23 is [/home/pathonai/ros2_jazzy/install/resource_retriever/lib]
    dir 24 is [/home/pathonai/ros2_jazzy/install/rclcpp_lifecycle/lib]
    dir 25 is [/home/pathonai/ros2_jazzy/install/rcl_lifecycle/lib]
    dir 26 is [/home/pathonai/ros2_jazzy/install/lifecycle_msgs/lib]
    dir 27 is [/home/pathonai/ros2_jazzy/src/opensource_dev/mycobot_ros2/install/rviz_marker_tools/lib]
    dir 28 is [/home/pathonai/ros2_jazzy/src/opensource_dev/mycobot_ros2/install/moveit_task_constructor_msgs/lib]
    dir 29 is [/home/pathonai/ros2_jazzy/install/visualization_msgs/lib]
    dir 30 is [/home/pathonai/ros2_jazzy/install/trajectory_msgs/lib]
    dir 31 is [/home/pathonai/ros2_jazzy/install/shape_msgs/lib]
    dir 32 is [/home/pathonai/ros2_jazzy/install/rclcpp_components/lib]
    dir 33 is [/home/pathonai/ros2_jazzy/install/class_loader/lib]
    dir 34 is [/home/pathonai/ros2_jazzy/install/composition_interfaces/lib]
    dir 35 is [/home/pathonai/ros2_jazzy/install/tf2_ros/lib]
    dir 36 is [/home/pathonai/ros2_jazzy/install/tf2/lib]
    dir 37 is [/home/pathonai/ros2_jazzy/install/rclcpp_action/lib]
    dir 38 is [/home/pathonai/ros2_jazzy/install/libstatistics_collector/lib]
    dir 39 is [/home/pathonai/ros2_jazzy/install/rosgraph_msgs/lib]
    dir 40 is [/home/pathonai/ros2_jazzy/install/statistics_msgs/lib]
    dir 41 is [/home/pathonai/ros2_jazzy/install/rcl_action/lib]
    dir 42 is [/home/pathonai/ros2_jazzy/install/rcl/lib]
    dir 43 is [/home/pathonai/ros2_jazzy/install/rcl_interfaces/lib]
    dir 44 is [/home/pathonai/ros2_jazzy/install/rcl_yaml_param_parser/lib]
    dir 45 is [/home/pathonai/ros2_jazzy/install/tracetools/lib]
    dir 46 is [/home/pathonai/ros2_jazzy/install/rmw_implementation/lib]
    dir 47 is [/home/pathonai/ros2_jazzy/install/ament_index_cpp/lib]
    dir 48 is [/home/pathonai/ros2_jazzy/install/rcl_logging_interface/lib]
    dir 49 is [/home/pathonai/ros2_jazzy/install/type_description_interfaces/lib]
    dir 50 is [/home/pathonai/ros2_jazzy/install/tf2_msgs/lib]
    dir 51 is [/home/pathonai/ros2_jazzy/install/geometry_msgs/lib]
      dir 2 must precede it due to runtime library [libgeometry_msgs__rosidl_generator_c.so]
    dir 52 is [/home/pathonai/ros2_jazzy/install/action_msgs/lib]
    dir 53 is [/home/pathonai/ros2_jazzy/install/unique_identifier_msgs/lib]
    dir 54 is [/home/pathonai/ros2_jazzy/install/builtin_interfaces/lib]
      dir 2 must precede it due to runtime library [libbuiltin_interfaces__rosidl_generator_c.so]
    dir 55 is [/home/pathonai/ros2_jazzy/install/fastcdr/lib]
    dir 56 is [/home/pathonai/ros2_jazzy/install/rosidl_dynamic_typesupport/lib]

  Some of these libraries may not be found correctly.
Call Stack (most recent call first):
  CMakeLists.txt:95 (add_custom_library)

[0m
[33mCMake Warning at CMakeLists.txt:80 (add_library):
  Cannot generate a safe runtime search path for target plane_segmentation
  because there is a cycle in the constraint graph:

    dir 0 is [/home/pathonai/ros2_jazzy/src/opensource_dev/mycobot_ros2/install/moveit_task_constructor_core/lib]
    dir 1 is [/home/pathonai/ros2_jazzy/src/opensource_dev/mycobot_ros2/install/mycobot_interfaces/lib]
    dir 2 is [/opt/ros/jazzy/lib]
      dir 3 must precede it due to runtime library [libmessage_filters.so]
      dir 4 must precede it due to runtime library [libservice_msgs__rosidl_generator_c.so]
      dir 5 must precede it due to runtime library [librosidl_typesupport_fastrtps_c.so]
      dir 6 must precede it due to runtime library [librmw.so]
      dir 7 must precede it due to runtime library [librosidl_typesupport_fastrtps_cpp.so]
      dir 8 must precede it due to runtime library [librcutils.so]
      dir 9 must precede it due to runtime library [librcpputils.so]
      dir 10 must precede it due to runtime library [librosidl_typesupport_c.so]
      dir 11 must precede it due to runtime library [librosidl_typesupport_cpp.so]
      dir 12 must precede it due to runtime library [librosidl_runtime_c.so]
      dir 13 must precede it due to runtime library [librosidl_typesupport_introspection_c.so]
      dir 14 must precede it due to runtime library [librosidl_typesupport_introspection_cpp.so]
      dir 15 must precede it due to runtime library [librclcpp.so]
      dir 16 must precede it due to runtime library [libsensor_msgs__rosidl_generator_c.so]
      dir 17 must precede it due to runtime library [libstd_msgs__rosidl_generator_c.so]
      dir 18 must precede it due to runtime library [libstd_srvs__rosidl_typesupport_fastrtps_c.so]
      dir 19 must precede it due to runtime library [libkdl_parser.so]
      dir 20 must precede it due to runtime library [liburdf.so]
      dir 23 must precede it due to runtime library [libresource_retriever.so]
      dir 24 must precede it due to runtime library [librclcpp_lifecycle.so]
      dir 25 must precede it due to runtime library [librcl_lifecycle.so]
      dir 26 must precede it due to runtime library [liblifecycle_msgs__rosidl_typesupport_fastrtps_c.so]
      dir 29 must precede it due to runtime library [libvisualization_msgs__rosidl_typesupport_fastrtps_c.so]
      dir 30 must precede it due to runtime library [libtrajectory_msgs__rosidl_typesupport_fastrtps_c.so]
      dir 31 must precede it due to runtime library [libshape_msgs__rosidl_typesupport_fastrtps_c.so]
      dir 32 must precede it due to runtime library [libcomponent_manager.so]
      dir 33 must precede it due to runtime library [libclass_loader.so]
      dir 34 must precede it due to runtime library [libcomposition_interfaces__rosidl_typesupport_fastrtps_c.so]
      dir 35 must precede it due to runtime library [libstatic_transform_broadcaster_node.so]
      dir 36 must precede it due to runtime library [libtf2.so]
      dir 37 must precede it due to runtime library [librclcpp_action.so]
      dir 38 must precede it due to runtime library [liblibstatistics_collector.so]
      dir 39 must precede it due to runtime library [librosgraph_msgs__rosidl_typesupport_fastrtps_c.so]
      dir 40 must precede it due to runtime library [libstatistics_msgs__rosidl_typesupport_fastrtps_c.so]
      dir 41 must precede it due to runtime library [librcl_action.so]
      dir 42 must precede it due to runtime library [librcl.so]
      dir 43 must precede it due to runtime library [librcl_interfaces__rosidl_typesupport_fastrtps_c.so]
      dir 44 must precede it due to runtime library [librcl_yaml_param_parser.so]
      dir 45 must precede it due to runtime library [libtracetools.so]
      dir 46 must precede it due to runtime library [librmw_implementation.so]
      dir 47 must precede it due to runtime library [libament_index_cpp.so]
      dir 48 must precede it due to runtime library [librcl_logging_interface.so]
      dir 49 must precede it due to runtime library [libtype_description_interfaces__rosidl_typesupport_fastrtps_c.so]
      dir 50 must precede it due to runtime library [libtf2_msgs__rosidl_typesupport_fastrtps_c.so]
      dir 51 must precede it due to runtime library [libgeometry_msgs__rosidl_typesupport_fastrtps_c.so]
      dir 52 must precede it due to runtime library [libaction_msgs__rosidl_typesupport_fastrtps_c.so]
      dir 53 must precede it due to runtime library [libunique_identifier_msgs__rosidl_typesupport_fastrtps_c.so]
      dir 54 must precede it due to runtime library [libbuiltin_interfaces__rosidl_generator_py.so]
      dir 55 must precede it due to runtime library [libfastcdr.so.2]
      dir 56 must precede it due to runtime library [librosidl_dynamic_typesupport.so]
    dir 3 is [/home/pathonai/ros2_jazzy/install/message_filters/lib]
      dir 2 must precede it due to runtime library [libmessage_filters.so]
    dir 4 is [/home/pathonai/ros2_jazzy/install/service_msgs/lib]
      dir 2 must precede it due to runtime library [libservice_msgs__rosidl_generator_c.so]
    dir 5 is [/home/pathonai/ros2_jazzy/install/rosidl_typesupport_fastrtps_c/lib]
      dir 2 must precede it due to runtime library [librosidl_typesupport_fastrtps_c.so]
    dir 6 is [/home/pathonai/ros2_jazzy/install/rmw/lib]
      dir 2 must precede it due to runtime library [librmw.so]
    dir 7 is [/home/pathonai/ros2_jazzy/install/rosidl_typesupport_fastrtps_cpp/lib]
      dir 2 must precede it due to runtime library [librosidl_typesupport_fastrtps_cpp.so]
    dir 8 is [/home/pathonai/ros2_jazzy/install/rcutils/lib]
      dir 2 must precede it due to runtime library [librcutils.so]
    dir 9 is [/home/pathonai/ros2_jazzy/install/rcpputils/lib]
      dir 2 must precede it due to runtime library [librcpputils.so]
    dir 10 is [/home/pathonai/ros2_jazzy/install/rosidl_typesupport_c/lib]
      dir 2 must precede it due to runtime library [librosidl_typesupport_c.so]
    dir 11 is [/home/pathonai/ros2_jazzy/install/rosidl_typesupport_cpp/lib]
      dir 2 must precede it due to runtime library [librosidl_typesupport_cpp.so]
    dir 12 is [/home/pathonai/ros2_jazzy/install/rosidl_runtime_c/lib]
      dir 2 must precede it due to runtime library [librosidl_runtime_c.so]
    dir 13 is [/home/pathonai/ros2_jazzy/install/rosidl_typesupport_introspection_c/lib]
      dir 2 must precede it due to runtime library [librosidl_typesupport_introspection_c.so]
    dir 14 is [/home/pathonai/ros2_jazzy/install/rosidl_typesupport_introspection_cpp/lib]
      dir 2 must precede it due to runtime library [librosidl_typesupport_introspection_cpp.so]
    dir 15 is [/home/pathonai/ros2_jazzy/install/rclcpp/lib]
      dir 2 must precede it due to runtime library [librclcpp.so]
    dir 16 is [/home/pathonai/ros2_jazzy/install/sensor_msgs/lib]
      dir 2 must precede it due to runtime library [libsensor_msgs__rosidl_generator_c.so]
    dir 17 is [/home/pathonai/ros2_jazzy/install/std_msgs/lib]
      dir 2 must precede it due to runtime library [libstd_msgs__rosidl_generator_c.so]
    dir 18 is [/home/pathonai/ros2_jazzy/install/std_srvs/lib]
    dir 19 is [/home/pathonai/ros2_jazzy/install/kdl_parser/lib]
    dir 20 is [/home/pathonai/ros2_jazzy/install/urdf/lib]
    dir 21 is [/opt/ros/jazzy/lib/x86_64-linux-gnu]
      dir 22 must precede it due to runtime library [liburdfdom_sensor.so.4.0]
    dir 22 is [/home/pathonai/ros2_jazzy/install/urdfdom/lib]
    dir 23 is [/home/pathonai/ros2_jazzy/install/resource_retriever/lib]
    dir 24 is [/home/pathonai/ros2_jazzy/install/rclcpp_lifecycle/lib]
    dir 25 is [/home/pathonai/ros2_jazzy/install/rcl_lifecycle/lib]
    dir 26 is [/home/pathonai/ros2_jazzy/install/lifecycle_msgs/lib]
    dir 27 is [/home/pathonai/ros2_jazzy/src/opensource_dev/mycobot_ros2/install/rviz_marker_tools/lib]
    dir 28 is [/home/pathonai/ros2_jazzy/src/opensource_dev/mycobot_ros2/install/moveit_task_constructor_msgs/lib]
    dir 29 is [/home/pathonai/ros2_jazzy/install/visualization_msgs/lib]
    dir 30 is [/home/pathonai/ros2_jazzy/install/trajectory_msgs/lib]
    dir 31 is [/home/pathonai/ros2_jazzy/install/shape_msgs/lib]
    dir 32 is [/home/pathonai/ros2_jazzy/install/rclcpp_components/lib]
    dir 33 is [/home/pathonai/ros2_jazzy/install/class_loader/lib]
    dir 34 is [/home/pathonai/ros2_jazzy/install/composition_interfaces/lib]
    dir 35 is [/home/pathonai/ros2_jazzy/install/tf2_ros/lib]
    dir 36 is [/home/pathonai/ros2_jazzy/install/tf2/lib]
    dir 37 is [/home/pathonai/ros2_jazzy/install/rclcpp_action/lib]
    dir 38 is [/home/pathonai/ros2_jazzy/install/libstatistics_collector/lib]
    dir 39 is [/home/pathonai/ros2_jazzy/install/rosgraph_msgs/lib]
    dir 40 is [/home/pathonai/ros2_jazzy/install/statistics_msgs/lib]
    dir 41 is [/home/pathonai/ros2_jazzy/install/rcl_action/lib]
    dir 42 is [/home/pathonai/ros2_jazzy/install/rcl/lib]
    dir 43 is [/home/pathonai/ros2_jazzy/install/rcl_interfaces/lib]
    dir 44 is [/home/pathonai/ros2_jazzy/install/rcl_yaml_param_parser/lib]
    dir 45 is [/home/pathonai/ros2_jazzy/install/tracetools/lib]
    dir 46 is [/home/pathonai/ros2_jazzy/install/rmw_implementation/lib]
    dir 47 is [/home/pathonai/ros2_jazzy/install/ament_index_cpp/lib]
    dir 48 is [/home/pathonai/ros2_jazzy/install/rcl_logging_interface/lib]
    dir 49 is [/home/pathonai/ros2_jazzy/install/type_description_interfaces/lib]
    dir 50 is [/home/pathonai/ros2_jazzy/install/tf2_msgs/lib]
    dir 51 is [/home/pathonai/ros2_jazzy/install/geometry_msgs/lib]
      dir 2 must precede it due to runtime library [libgeometry_msgs__rosidl_generator_c.so]
    dir 52 is [/home/pathonai/ros2_jazzy/install/action_msgs/lib]
    dir 53 is [/home/pathonai/ros2_jazzy/install/unique_identifier_msgs/lib]
    dir 54 is [/home/pathonai/ros2_jazzy/install/builtin_interfaces/lib]
      dir 2 must precede it due to runtime library [libbuiltin_interfaces__rosidl_generator_c.so]
    dir 55 is [/home/pathonai/ros2_jazzy/install/fastcdr/lib]
    dir 56 is [/home/pathonai/ros2_jazzy/install/rosidl_dynamic_typesupport/lib]

  Some of these libraries may not be found correctly.
Call Stack (most recent call first):
  CMakeLists.txt:96 (add_custom_library)

[0m
[33mCMake Warning at CMakeLists.txt:100 (add_executable):
  Cannot generate a safe runtime search path for target
  get_planning_scene_client_node because there is a cycle in the constraint
  graph:

    dir 0 is [/home/pathonai/ros2_jazzy/src/opensource_dev/mycobot_ros2/install/moveit_task_constructor_core/lib]
    dir 1 is [/home/pathonai/ros2_jazzy/src/opensource_dev/mycobot_ros2/install/mycobot_interfaces/lib]
    dir 2 is [/opt/ros/jazzy/lib]
      dir 3 must precede it due to runtime library [libmessage_filters.so]
      dir 4 must precede it due to runtime library [libservice_msgs__rosidl_generator_c.so]
      dir 5 must precede it due to runtime library [librosidl_typesupport_fastrtps_c.so]
      dir 6 must precede it due to runtime library [librmw.so]
      dir 7 must precede it due to runtime library [librosidl_typesupport_fastrtps_cpp.so]
      dir 8 must precede it due to runtime library [librcutils.so]
      dir 9 must precede it due to runtime library [librcpputils.so]
      dir 10 must precede it due to runtime library [librosidl_typesupport_c.so]
      dir 11 must precede it due to runtime library [librosidl_typesupport_cpp.so]
      dir 12 must precede it due to runtime library [librosidl_runtime_c.so]
      dir 13 must precede it due to runtime library [librosidl_typesupport_introspection_c.so]
      dir 14 must precede it due to runtime library [librosidl_typesupport_introspection_cpp.so]
      dir 15 must precede it due to runtime library [librclcpp.so]
      dir 16 must precede it due to runtime library [libsensor_msgs__rosidl_generator_c.so]
      dir 17 must precede it due to runtime library [libstd_msgs__rosidl_generator_c.so]
      dir 18 must precede it due to runtime library [libstd_srvs__rosidl_typesupport_fastrtps_c.so]
      dir 19 must precede it due to runtime library [libkdl_parser.so]
      dir 20 must precede it due to runtime library [liburdf.so]
      dir 23 must precede it due to runtime library [libresource_retriever.so]
      dir 24 must precede it due to runtime library [librclcpp_lifecycle.so]
      dir 25 must precede it due to runtime library [librcl_lifecycle.so]
      dir 26 must precede it due to runtime library [liblifecycle_msgs__rosidl_typesupport_fastrtps_c.so]
      dir 29 must precede it due to runtime library [libvisualization_msgs__rosidl_typesupport_fastrtps_c.so]
      dir 30 must precede it due to runtime library [libtrajectory_msgs__rosidl_typesupport_fastrtps_c.so]
      dir 31 must precede it due to runtime library [libshape_msgs__rosidl_typesupport_fastrtps_c.so]
      dir 32 must precede it due to runtime library [libcomponent_manager.so]
      dir 33 must precede it due to runtime library [libclass_loader.so]
      dir 34 must precede it due to runtime library [libcomposition_interfaces__rosidl_typesupport_fastrtps_c.so]
      dir 35 must precede it due to runtime library [libstatic_transform_broadcaster_node.so]
      dir 36 must precede it due to runtime library [libtf2.so]
      dir 37 must precede it due to runtime library [librclcpp_action.so]
      dir 38 must precede it due to runtime library [liblibstatistics_collector.so]
      dir 39 must precede it due to runtime library [librosgraph_msgs__rosidl_typesupport_fastrtps_c.so]
      dir 40 must precede it due to runtime library [libstatistics_msgs__rosidl_typesupport_fastrtps_c.so]
      dir 41 must precede it due to runtime library [librcl_action.so]
      dir 42 must precede it due to runtime library [librcl.so]
      dir 43 must precede it due to runtime library [librcl_interfaces__rosidl_typesupport_fastrtps_c.so]
      dir 44 must precede it due to runtime library [librcl_yaml_param_parser.so]
      dir 45 must precede it due to runtime library [libtracetools.so]
      dir 46 must precede it due to runtime library [librmw_implementation.so]
      dir 47 must precede it due to runtime library [libament_index_cpp.so]
      dir 48 must precede it due to runtime library [librcl_logging_interface.so]
      dir 49 must precede it due to runtime library [libtype_description_interfaces__rosidl_typesupport_fastrtps_c.so]
      dir 50 must precede it due to runtime library [libtf2_msgs__rosidl_typesupport_fastrtps_c.so]
      dir 51 must precede it due to runtime library [libgeometry_msgs__rosidl_typesupport_fastrtps_c.so]
      dir 52 must precede it due to runtime library [libaction_msgs__rosidl_typesupport_fastrtps_c.so]
      dir 53 must precede it due to runtime library [libunique_identifier_msgs__rosidl_typesupport_fastrtps_c.so]
      dir 54 must precede it due to runtime library [libbuiltin_interfaces__rosidl_generator_py.so]
      dir 55 must precede it due to runtime library [libfastcdr.so.2]
      dir 56 must precede it due to runtime library [librosidl_dynamic_typesupport.so]
    dir 3 is [/home/pathonai/ros2_jazzy/install/message_filters/lib]
      dir 2 must precede it due to runtime library [libmessage_filters.so]
    dir 4 is [/home/pathonai/ros2_jazzy/install/service_msgs/lib]
      dir 2 must precede it due to runtime library [libservice_msgs__rosidl_generator_c.so]
    dir 5 is [/home/pathonai/ros2_jazzy/install/rosidl_typesupport_fastrtps_c/lib]
      dir 2 must precede it due to runtime library [librosidl_typesupport_fastrtps_c.so]
    dir 6 is [/home/pathonai/ros2_jazzy/install/rmw/lib]
      dir 2 must precede it due to runtime library [librmw.so]
    dir 7 is [/home/pathonai/ros2_jazzy/install/rosidl_typesupport_fastrtps_cpp/lib]
      dir 2 must precede it due to runtime library [librosidl_typesupport_fastrtps_cpp.so]
    dir 8 is [/home/pathonai/ros2_jazzy/install/rcutils/lib]
      dir 2 must precede it due to runtime library [librcutils.so]
    dir 9 is [/home/pathonai/ros2_jazzy/install/rcpputils/lib]
      dir 2 must precede it due to runtime library [librcpputils.so]
    dir 10 is [/home/pathonai/ros2_jazzy/install/rosidl_typesupport_c/lib]
      dir 2 must precede it due to runtime library [librosidl_typesupport_c.so]
    dir 11 is [/home/pathonai/ros2_jazzy/install/rosidl_typesupport_cpp/lib]
      dir 2 must precede it due to runtime library [librosidl_typesupport_cpp.so]
    dir 12 is [/home/pathonai/ros2_jazzy/install/rosidl_runtime_c/lib]
      dir 2 must precede it due to runtime library [librosidl_runtime_c.so]
    dir 13 is [/home/pathonai/ros2_jazzy/install/rosidl_typesupport_introspection_c/lib]
      dir 2 must precede it due to runtime library [librosidl_typesupport_introspection_c.so]
    dir 14 is [/home/pathonai/ros2_jazzy/install/rosidl_typesupport_introspection_cpp/lib]
      dir 2 must precede it due to runtime library [librosidl_typesupport_introspection_cpp.so]
    dir 15 is [/home/pathonai/ros2_jazzy/install/rclcpp/lib]
      dir 2 must precede it due to runtime library [librclcpp.so]
    dir 16 is [/home/pathonai/ros2_jazzy/install/sensor_msgs/lib]
      dir 2 must precede it due to runtime library [libsensor_msgs__rosidl_generator_c.so]
    dir 17 is [/home/pathonai/ros2_jazzy/install/std_msgs/lib]
      dir 2 must precede it due to runtime library [libstd_msgs__rosidl_generator_c.so]
    dir 18 is [/home/pathonai/ros2_jazzy/install/std_srvs/lib]
    dir 19 is [/home/pathonai/ros2_jazzy/install/kdl_parser/lib]
    dir 20 is [/home/pathonai/ros2_jazzy/install/urdf/lib]
    dir 21 is [/opt/ros/jazzy/lib/x86_64-linux-gnu]
      dir 22 must precede it due to runtime library [liburdfdom_sensor.so.4.0]
    dir 22 is [/home/pathonai/ros2_jazzy/install/urdfdom/lib]
    dir 23 is [/home/pathonai/ros2_jazzy/install/resource_retriever/lib]
    dir 24 is [/home/pathonai/ros2_jazzy/install/rclcpp_lifecycle/lib]
    dir 25 is [/home/pathonai/ros2_jazzy/install/rcl_lifecycle/lib]
    dir 26 is [/home/pathonai/ros2_jazzy/install/lifecycle_msgs/lib]
    dir 27 is [/home/pathonai/ros2_jazzy/src/opensource_dev/mycobot_ros2/install/rviz_marker_tools/lib]
    dir 28 is [/home/pathonai/ros2_jazzy/src/opensource_dev/mycobot_ros2/install/moveit_task_constructor_msgs/lib]
    dir 29 is [/home/pathonai/ros2_jazzy/install/visualization_msgs/lib]
    dir 30 is [/home/pathonai/ros2_jazzy/install/trajectory_msgs/lib]
    dir 31 is [/home/pathonai/ros2_jazzy/install/shape_msgs/lib]
    dir 32 is [/home/pathonai/ros2_jazzy/install/rclcpp_components/lib]
    dir 33 is [/home/pathonai/ros2_jazzy/install/class_loader/lib]
    dir 34 is [/home/pathonai/ros2_jazzy/install/composition_interfaces/lib]
    dir 35 is [/home/pathonai/ros2_jazzy/install/tf2_ros/lib]
    dir 36 is [/home/pathonai/ros2_jazzy/install/tf2/lib]
    dir 37 is [/home/pathonai/ros2_jazzy/install/rclcpp_action/lib]
    dir 38 is [/home/pathonai/ros2_jazzy/install/libstatistics_collector/lib]
    dir 39 is [/home/pathonai/ros2_jazzy/install/rosgraph_msgs/lib]
    dir 40 is [/home/pathonai/ros2_jazzy/install/statistics_msgs/lib]
    dir 41 is [/home/pathonai/ros2_jazzy/install/rcl_action/lib]
    dir 42 is [/home/pathonai/ros2_jazzy/install/rcl/lib]
    dir 43 is [/home/pathonai/ros2_jazzy/install/rcl_interfaces/lib]
    dir 44 is [/home/pathonai/ros2_jazzy/install/rcl_yaml_param_parser/lib]
    dir 45 is [/home/pathonai/ros2_jazzy/install/tracetools/lib]
    dir 46 is [/home/pathonai/ros2_jazzy/install/rmw_implementation/lib]
    dir 47 is [/home/pathonai/ros2_jazzy/install/ament_index_cpp/lib]
    dir 48 is [/home/pathonai/ros2_jazzy/install/rcl_logging_interface/lib]
    dir 49 is [/home/pathonai/ros2_jazzy/install/type_description_interfaces/lib]
    dir 50 is [/home/pathonai/ros2_jazzy/install/tf2_msgs/lib]
    dir 51 is [/home/pathonai/ros2_jazzy/install/geometry_msgs/lib]
      dir 2 must precede it due to runtime library [libgeometry_msgs__rosidl_generator_c.so]
    dir 52 is [/home/pathonai/ros2_jazzy/install/action_msgs/lib]
    dir 53 is [/home/pathonai/ros2_jazzy/install/unique_identifier_msgs/lib]
    dir 54 is [/home/pathonai/ros2_jazzy/install/builtin_interfaces/lib]
      dir 2 must precede it due to runtime library [libbuiltin_interfaces__rosidl_generator_c.so]
    dir 55 is [/home/pathonai/ros2_jazzy/install/fastcdr/lib]
    dir 56 is [/home/pathonai/ros2_jazzy/install/rosidl_dynamic_typesupport/lib]

  Some of these libraries may not be found correctly.

[0m
[33mCMake Warning at CMakeLists.txt:109 (add_executable):
  Cannot generate a safe runtime search path for target
  get_planning_scene_server because there is a cycle in the constraint graph:

    dir 0 is [/home/pathonai/ros2_jazzy/install/message_filters/lib]
      dir 12 must precede it due to runtime library [libmessage_filters.so]
    dir 1 is [/home/pathonai/ros2_jazzy/install/service_msgs/lib]
      dir 12 must precede it due to runtime library [libservice_msgs__rosidl_generator_c.so]
    dir 2 is [/home/pathonai/ros2_jazzy/install/rosidl_typesupport_fastrtps_c/lib]
      dir 12 must precede it due to runtime library [librosidl_typesupport_fastrtps_c.so]
    dir 3 is [/home/pathonai/ros2_jazzy/install/rmw/lib]
      dir 12 must precede it due to runtime library [librmw.so]
    dir 4 is [/home/pathonai/ros2_jazzy/install/rosidl_typesupport_fastrtps_cpp/lib]
      dir 12 must precede it due to runtime library [librosidl_typesupport_fastrtps_cpp.so]
    dir 5 is [/home/pathonai/ros2_jazzy/install/rcutils/lib]
      dir 12 must precede it due to runtime library [librcutils.so]
    dir 6 is [/home/pathonai/ros2_jazzy/install/rcpputils/lib]
      dir 12 must precede it due to runtime library [librcpputils.so]
    dir 7 is [/home/pathonai/ros2_jazzy/install/rosidl_typesupport_c/lib]
      dir 12 must precede it due to runtime library [librosidl_typesupport_c.so]
    dir 8 is [/home/pathonai/ros2_jazzy/install/rosidl_typesupport_cpp/lib]
      dir 12 must precede it due to runtime library [librosidl_typesupport_cpp.so]
    dir 9 is [/home/pathonai/ros2_jazzy/install/rosidl_runtime_c/lib]
      dir 12 must precede it due to runtime library [librosidl_runtime_c.so]
    dir 10 is [/home/pathonai/ros2_jazzy/install/rosidl_typesupport_introspection_c/lib]
      dir 12 must precede it due to runtime library [librosidl_typesupport_introspection_c.so]
    dir 11 is [/home/pathonai/ros2_jazzy/install/rosidl_typesupport_introspection_cpp/lib]
      dir 12 must precede it due to runtime library [librosidl_typesupport_introspection_cpp.so]
    dir 12 is [/opt/ros/jazzy/lib]
      dir 0 must precede it due to runtime library [libmessage_filters.so]
      dir 1 must precede it due to runtime library [libservice_msgs__rosidl_generator_c.so]
      dir 2 must precede it due to runtime library [librosidl_typesupport_fastrtps_c.so]
      dir 3 must precede it due to runtime library [librmw.so]
      dir 4 must precede it due to runtime library [librosidl_typesupport_fastrtps_cpp.so]
      dir 5 must precede it due to runtime library [librcutils.so]
      dir 6 must precede it due to runtime library [librcpputils.so]
      dir 7 must precede it due to runtime library [librosidl_typesupport_c.so]
      dir 8 must precede it due to runtime library [librosidl_typesupport_cpp.so]
      dir 9 must precede it due to runtime library [librosidl_runtime_c.so]
      dir 10 must precede it due to runtime library [librosidl_typesupport_introspection_c.so]
      dir 11 must precede it due to runtime library [librosidl_typesupport_introspection_cpp.so]
      dir 13 must precede it due to runtime library [librclcpp.so]
      dir 14 must precede it due to runtime library [libsensor_msgs__rosidl_generator_c.so]
      dir 15 must precede it due to runtime library [libstd_msgs__rosidl_generator_c.so]
      dir 18 must precede it due to runtime library [libstd_srvs__rosidl_typesupport_fastrtps_c.so]
      dir 19 must precede it due to runtime library [libkdl_parser.so]
      dir 20 must precede it due to runtime library [liburdf.so]
      dir 23 must precede it due to runtime library [libresource_retriever.so]
      dir 24 must precede it due to runtime library [librclcpp_lifecycle.so]
      dir 25 must precede it due to runtime library [librcl_lifecycle.so]
      dir 26 must precede it due to runtime library [liblifecycle_msgs__rosidl_typesupport_fastrtps_c.so]
      dir 29 must precede it due to runtime library [libvisualization_msgs__rosidl_typesupport_fastrtps_c.so]
      dir 31 must precede it due to runtime library [libtrajectory_msgs__rosidl_typesupport_fastrtps_c.so]
      dir 32 must precede it due to runtime library [libcomponent_manager.so]
      dir 33 must precede it due to runtime library [libclass_loader.so]
      dir 34 must precede it due to runtime library [libcomposition_interfaces__rosidl_typesupport_fastrtps_c.so]
      dir 35 must precede it due to runtime library [libstatic_transform_broadcaster_node.so]
      dir 36 must precede it due to runtime library [libshape_msgs__rosidl_typesupport_fastrtps_c.so]
      dir 37 must precede it due to runtime library [librclcpp_action.so]
      dir 38 must precede it due to runtime library [librcl_action.so]
      dir 39 must precede it due to runtime library [libtf2_msgs__rosidl_typesupport_fastrtps_c.so]
      dir 40 must precede it due to runtime library [libaction_msgs__rosidl_typesupport_fastrtps_c.so]
      dir 41 must precede it due to runtime library [libunique_identifier_msgs__rosidl_typesupport_fastrtps_c.so]
      dir 42 must precede it due to runtime library [libtf2.so]
      dir 43 must precede it due to runtime library [libgeometry_msgs__rosidl_generator_py.so]
      dir 44 must precede it due to runtime library [liblibstatistics_collector.so]
      dir 45 must precede it due to runtime library [librcl.so]
      dir 46 must precede it due to runtime library [librmw_implementation.so]
      dir 47 must precede it due to runtime library [libament_index_cpp.so]
      dir 48 must precede it due to runtime library [librcl_logging_interface.so]
      dir 49 must precede it due to runtime library [libtype_description_interfaces__rosidl_typesupport_fastrtps_c.so]
      dir 50 must precede it due to runtime library [librcl_interfaces__rosidl_typesupport_fastrtps_c.so]
      dir 51 must precede it due to runtime library [librcl_yaml_param_parser.so]
      dir 52 must precede it due to runtime library [librosgraph_msgs__rosidl_typesupport_fastrtps_c.so]
      dir 53 must precede it due to runtime library [libstatistics_msgs__rosidl_typesupport_fastrtps_c.so]
      dir 54 must precede it due to runtime library [libbuiltin_interfaces__rosidl_generator_py.so]
      dir 55 must precede it due to runtime library [libtracetools.so]
      dir 56 must precede it due to runtime library [libfastcdr.so.2]
      dir 57 must precede it due to runtime library [librosidl_dynamic_typesupport.so]
    dir 13 is [/home/pathonai/ros2_jazzy/install/rclcpp/lib]
      dir 12 must precede it due to runtime library [librclcpp.so]
    dir 14 is [/home/pathonai/ros2_jazzy/install/sensor_msgs/lib]
      dir 12 must precede it due to runtime library [libsensor_msgs__rosidl_generator_c.so]
    dir 15 is [/home/pathonai/ros2_jazzy/install/std_msgs/lib]
      dir 12 must precede it due to runtime library [libstd_msgs__rosidl_generator_c.so]
    dir 16 is [/home/pathonai/ros2_jazzy/src/opensource_dev/mycobot_ros2/build/mycobot_mtc_pick_place_demo]
    dir 17 is [/home/pathonai/ros2_jazzy/src/opensource_dev/mycobot_ros2/install/moveit_task_constructor_core/lib]
    dir 18 is [/home/pathonai/ros2_jazzy/install/std_srvs/lib]
    dir 19 is [/home/pathonai/ros2_jazzy/install/kdl_parser/lib]
    dir 20 is [/home/pathonai/ros2_jazzy/install/urdf/lib]
    dir 21 is [/opt/ros/jazzy/lib/x86_64-linux-gnu]
      dir 22 must precede it due to runtime library [liburdfdom_sensor.so.4.0]
    dir 22 is [/home/pathonai/ros2_jazzy/install/urdfdom/lib]
    dir 23 is [/home/pathonai/ros2_jazzy/install/resource_retriever/lib]
    dir 24 is [/home/pathonai/ros2_jazzy/install/rclcpp_lifecycle/lib]
    dir 25 is [/home/pathonai/ros2_jazzy/install/rcl_lifecycle/lib]
    dir 26 is [/home/pathonai/ros2_jazzy/install/lifecycle_msgs/lib]
    dir 27 is [/home/pathonai/ros2_jazzy/src/opensource_dev/mycobot_ros2/install/rviz_marker_tools/lib]
    dir 28 is [/home/pathonai/ros2_jazzy/src/opensource_dev/mycobot_ros2/install/moveit_task_constructor_msgs/lib]
    dir 29 is [/home/pathonai/ros2_jazzy/install/visualization_msgs/lib]
    dir 30 is [/home/pathonai/ros2_jazzy/src/opensource_dev/mycobot_ros2/install/mycobot_interfaces/lib]
    dir 31 is [/home/pathonai/ros2_jazzy/install/trajectory_msgs/lib]
    dir 32 is [/home/pathonai/ros2_jazzy/install/rclcpp_components/lib]
    dir 33 is [/home/pathonai/ros2_jazzy/install/class_loader/lib]
    dir 34 is [/home/pathonai/ros2_jazzy/install/composition_interfaces/lib]
    dir 35 is [/home/pathonai/ros2_jazzy/install/tf2_ros/lib]
    dir 36 is [/home/pathonai/ros2_jazzy/install/shape_msgs/lib]
    dir 37 is [/home/pathonai/ros2_jazzy/install/rclcpp_action/lib]
    dir 38 is [/home/pathonai/ros2_jazzy/install/rcl_action/lib]
    dir 39 is [/home/pathonai/ros2_jazzy/install/tf2_msgs/lib]
    dir 40 is [/home/pathonai/ros2_jazzy/install/action_msgs/lib]
    dir 41 is [/home/pathonai/ros2_jazzy/install/unique_identifier_msgs/lib]
    dir 42 is [/home/pathonai/ros2_jazzy/install/tf2/lib]
    dir 43 is [/home/pathonai/ros2_jazzy/install/geometry_msgs/lib]
      dir 12 must precede it due to runtime library [libgeometry_msgs__rosidl_generator_c.so]
    dir 44 is [/home/pathonai/ros2_jazzy/install/libstatistics_collector/lib]
    dir 45 is [/home/pathonai/ros2_jazzy/install/rcl/lib]
    dir 46 is [/home/pathonai/ros2_jazzy/install/rmw_implementation/lib]
    dir 47 is [/home/pathonai/ros2_jazzy/install/ament_index_cpp/lib]
    dir 48 is [/home/pathonai/ros2_jazzy/install/rcl_logging_interface/lib]
    dir 49 is [/home/pathonai/ros2_jazzy/install/type_description_interfaces/lib]
    dir 50 is [/home/pathonai/ros2_jazzy/install/rcl_interfaces/lib]
    dir 51 is [/home/pathonai/ros2_jazzy/install/rcl_yaml_param_parser/lib]
    dir 52 is [/home/pathonai/ros2_jazzy/install/rosgraph_msgs/lib]
    dir 53 is [/home/pathonai/ros2_jazzy/install/statistics_msgs/lib]
    dir 54 is [/home/pathonai/ros2_jazzy/install/builtin_interfaces/lib]
      dir 12 must precede it due to runtime library [libbuiltin_interfaces__rosidl_generator_c.so]
    dir 55 is [/home/pathonai/ros2_jazzy/install/tracetools/lib]
    dir 56 is [/home/pathonai/ros2_jazzy/install/fastcdr/lib]
    dir 57 is [/home/pathonai/ros2_jazzy/install/rosidl_dynamic_typesupport/lib]

  Some of these libraries may not be found correctly.

[0m
[33mCMake Warning at CMakeLists.txt:120 (add_executable):
  Cannot generate a safe runtime search path for target mtc_node because
  there is a cycle in the constraint graph:

    dir 0 is [/home/pathonai/ros2_jazzy/install/message_filters/lib]
      dir 12 must precede it due to runtime library [libmessage_filters.so]
    dir 1 is [/home/pathonai/ros2_jazzy/install/service_msgs/lib]
      dir 12 must precede it due to runtime library [libservice_msgs__rosidl_generator_c.so]
    dir 2 is [/home/pathonai/ros2_jazzy/install/rosidl_typesupport_fastrtps_c/lib]
      dir 12 must precede it due to runtime library [librosidl_typesupport_fastrtps_c.so]
    dir 3 is [/home/pathonai/ros2_jazzy/install/rmw/lib]
      dir 12 must precede it due to runtime library [librmw.so]
    dir 4 is [/home/pathonai/ros2_jazzy/install/rosidl_typesupport_fastrtps_cpp/lib]
      dir 12 must precede it due to runtime library [librosidl_typesupport_fastrtps_cpp.so]
    dir 5 is [/home/pathonai/ros2_jazzy/install/rcutils/lib]
      dir 12 must precede it due to runtime library [librcutils.so]
    dir 6 is [/home/pathonai/ros2_jazzy/install/rcpputils/lib]
      dir 12 must precede it due to runtime library [librcpputils.so]
    dir 7 is [/home/pathonai/ros2_jazzy/install/rosidl_typesupport_c/lib]
      dir 12 must precede it due to runtime library [librosidl_typesupport_c.so]
    dir 8 is [/home/pathonai/ros2_jazzy/install/rosidl_typesupport_cpp/lib]
      dir 12 must precede it due to runtime library [librosidl_typesupport_cpp.so]
    dir 9 is [/home/pathonai/ros2_jazzy/install/rosidl_runtime_c/lib]
      dir 12 must precede it due to runtime library [librosidl_runtime_c.so]
    dir 10 is [/home/pathonai/ros2_jazzy/install/rosidl_typesupport_introspection_c/lib]
      dir 12 must precede it due to runtime library [librosidl_typesupport_introspection_c.so]
    dir 11 is [/home/pathonai/ros2_jazzy/install/rosidl_typesupport_introspection_cpp/lib]
      dir 12 must precede it due to runtime library [librosidl_typesupport_introspection_cpp.so]
    dir 12 is [/opt/ros/jazzy/lib]
      dir 0 must precede it due to runtime library [libmessage_filters.so]
      dir 1 must precede it due to runtime library [libservice_msgs__rosidl_generator_c.so]
      dir 2 must precede it due to runtime library [librosidl_typesupport_fastrtps_c.so]
      dir 3 must precede it due to runtime library [librmw.so]
      dir 4 must precede it due to runtime library [librosidl_typesupport_fastrtps_cpp.so]
      dir 5 must precede it due to runtime library [librcutils.so]
      dir 6 must precede it due to runtime library [librcpputils.so]
      dir 7 must precede it due to runtime library [librosidl_typesupport_c.so]
      dir 8 must precede it due to runtime library [librosidl_typesupport_cpp.so]
      dir 9 must precede it due to runtime library [librosidl_runtime_c.so]
      dir 10 must precede it due to runtime library [librosidl_typesupport_introspection_c.so]
      dir 11 must precede it due to runtime library [librosidl_typesupport_introspection_cpp.so]
      dir 13 must precede it due to runtime library [librclcpp.so]
      dir 14 must precede it due to runtime library [libsensor_msgs__rosidl_generator_c.so]
      dir 15 must precede it due to runtime library [libstd_msgs__rosidl_generator_c.so]
      dir 18 must precede it due to runtime library [libstd_srvs__rosidl_typesupport_fastrtps_c.so]
      dir 19 must precede it due to runtime library [libkdl_parser.so]
      dir 20 must precede it due to runtime library [liburdf.so]
      dir 23 must precede it due to runtime library [libresource_retriever.so]
      dir 24 must precede it due to runtime library [librclcpp_lifecycle.so]
      dir 25 must precede it due to runtime library [librcl_lifecycle.so]
      dir 26 must precede it due to runtime library [liblifecycle_msgs__rosidl_typesupport_fastrtps_c.so]
      dir 29 must precede it due to runtime library [libvisualization_msgs__rosidl_typesupport_fastrtps_c.so]
      dir 31 must precede it due to runtime library [libtrajectory_msgs__rosidl_typesupport_fastrtps_c.so]
      dir 32 must precede it due to runtime library [libcomponent_manager.so]
      dir 33 must precede it due to runtime library [libclass_loader.so]
      dir 34 must precede it due to runtime library [libcomposition_interfaces__rosidl_typesupport_fastrtps_c.so]
      dir 35 must precede it due to runtime library [libstatic_transform_broadcaster_node.so]
      dir 36 must precede it due to runtime library [libshape_msgs__rosidl_typesupport_fastrtps_c.so]
      dir 37 must precede it due to runtime library [librclcpp_action.so]
      dir 38 must precede it due to runtime library [librcl_action.so]
      dir 39 must precede it due to runtime library [libtf2_msgs__rosidl_typesupport_fastrtps_c.so]
      dir 40 must precede it due to runtime library [libaction_msgs__rosidl_typesupport_fastrtps_c.so]
      dir 41 must precede it due to runtime library [libunique_identifier_msgs__rosidl_typesupport_fastrtps_c.so]
      dir 42 must precede it due to runtime library [libtf2.so]
      dir 43 must precede it due to runtime library [libgeometry_msgs__rosidl_generator_py.so]
      dir 44 must precede it due to runtime library [liblibstatistics_collector.so]
      dir 45 must precede it due to runtime library [librcl.so]
      dir 46 must precede it due to runtime library [librmw_implementation.so]
      dir 47 must precede it due to runtime library [libament_index_cpp.so]
      dir 48 must precede it due to runtime library [librcl_logging_interface.so]
      dir 49 must precede it due to runtime library [libtype_description_interfaces__rosidl_typesupport_fastrtps_c.so]
      dir 50 must precede it due to runtime library [librcl_interfaces__rosidl_typesupport_fastrtps_c.so]
      dir 51 must precede it due to runtime library [librcl_yaml_param_parser.so]
      dir 52 must precede it due to runtime library [librosgraph_msgs__rosidl_typesupport_fastrtps_c.so]
      dir 53 must precede it due to runtime library [libstatistics_msgs__rosidl_typesupport_fastrtps_c.so]
      dir 54 must precede it due to runtime library [libbuiltin_interfaces__rosidl_generator_py.so]
      dir 55 must precede it due to runtime library [libtracetools.so]
      dir 56 must precede it due to runtime library [libfastcdr.so.2]
      dir 57 must precede it due to runtime library [librosidl_dynamic_typesupport.so]
    dir 13 is [/home/pathonai/ros2_jazzy/install/rclcpp/lib]
      dir 12 must precede it due to runtime library [librclcpp.so]
    dir 14 is [/home/pathonai/ros2_jazzy/install/sensor_msgs/lib]
      dir 12 must precede it due to runtime library [libsensor_msgs__rosidl_generator_c.so]
    dir 15 is [/home/pathonai/ros2_jazzy/install/std_msgs/lib]
      dir 12 must precede it due to runtime library [libstd_msgs__rosidl_generator_c.so]
    dir 16 is [/home/pathonai/ros2_jazzy/src/opensource_dev/mycobot_ros2/build/mycobot_mtc_pick_place_demo]
    dir 17 is [/home/pathonai/ros2_jazzy/src/opensource_dev/mycobot_ros2/install/moveit_task_constructor_core/lib]
    dir 18 is [/home/pathonai/ros2_jazzy/install/std_srvs/lib]
    dir 19 is [/home/pathonai/ros2_jazzy/install/kdl_parser/lib]
    dir 20 is [/home/pathonai/ros2_jazzy/install/urdf/lib]
    dir 21 is [/opt/ros/jazzy/lib/x86_64-linux-gnu]
      dir 22 must precede it due to runtime library [liburdfdom_sensor.so.4.0]
    dir 22 is [/home/pathonai/ros2_jazzy/install/urdfdom/lib]
    dir 23 is [/home/pathonai/ros2_jazzy/install/resource_retriever/lib]
    dir 24 is [/home/pathonai/ros2_jazzy/install/rclcpp_lifecycle/lib]
    dir 25 is [/home/pathonai/ros2_jazzy/install/rcl_lifecycle/lib]
    dir 26 is [/home/pathonai/ros2_jazzy/install/lifecycle_msgs/lib]
    dir 27 is [/home/pathonai/ros2_jazzy/src/opensource_dev/mycobot_ros2/install/rviz_marker_tools/lib]
    dir 28 is [/home/pathonai/ros2_jazzy/src/opensource_dev/mycobot_ros2/install/moveit_task_constructor_msgs/lib]
    dir 29 is [/home/pathonai/ros2_jazzy/install/visualization_msgs/lib]
    dir 30 is [/home/pathonai/ros2_jazzy/src/opensource_dev/mycobot_ros2/install/mycobot_interfaces/lib]
    dir 31 is [/home/pathonai/ros2_jazzy/install/trajectory_msgs/lib]
    dir 32 is [/home/pathonai/ros2_jazzy/install/rclcpp_components/lib]
    dir 33 is [/home/pathonai/ros2_jazzy/install/class_loader/lib]
    dir 34 is [/home/pathonai/ros2_jazzy/install/composition_interfaces/lib]
    dir 35 is [/home/pathonai/ros2_jazzy/install/tf2_ros/lib]
    dir 36 is [/home/pathonai/ros2_jazzy/install/shape_msgs/lib]
    dir 37 is [/home/pathonai/ros2_jazzy/install/rclcpp_action/lib]
    dir 38 is [/home/pathonai/ros2_jazzy/install/rcl_action/lib]
    dir 39 is [/home/pathonai/ros2_jazzy/install/tf2_msgs/lib]
    dir 40 is [/home/pathonai/ros2_jazzy/install/action_msgs/lib]
    dir 41 is [/home/pathonai/ros2_jazzy/install/unique_identifier_msgs/lib]
    dir 42 is [/home/pathonai/ros2_jazzy/install/tf2/lib]
    dir 43 is [/home/pathonai/ros2_jazzy/install/geometry_msgs/lib]
      dir 12 must precede it due to runtime library [libgeometry_msgs__rosidl_generator_c.so]
    dir 44 is [/home/pathonai/ros2_jazzy/install/libstatistics_collector/lib]
    dir 45 is [/home/pathonai/ros2_jazzy/install/rcl/lib]
    dir 46 is [/home/pathonai/ros2_jazzy/install/rmw_implementation/lib]
    dir 47 is [/home/pathonai/ros2_jazzy/install/ament_index_cpp/lib]
    dir 48 is [/home/pathonai/ros2_jazzy/install/rcl_logging_interface/lib]
    dir 49 is [/home/pathonai/ros2_jazzy/install/type_description_interfaces/lib]
    dir 50 is [/home/pathonai/ros2_jazzy/install/rcl_interfaces/lib]
    dir 51 is [/home/pathonai/ros2_jazzy/install/rcl_yaml_param_parser/lib]
    dir 52 is [/home/pathonai/ros2_jazzy/install/rosgraph_msgs/lib]
    dir 53 is [/home/pathonai/ros2_jazzy/install/statistics_msgs/lib]
    dir 54 is [/home/pathonai/ros2_jazzy/install/builtin_interfaces/lib]
      dir 12 must precede it due to runtime library [libbuiltin_interfaces__rosidl_generator_c.so]
    dir 55 is [/home/pathonai/ros2_jazzy/install/tracetools/lib]
    dir 56 is [/home/pathonai/ros2_jazzy/install/fastcdr/lib]
    dir 57 is [/home/pathonai/ros2_jazzy/install/rosidl_dynamic_typesupport/lib]

  Some of these libraries may not be found correctly.

[0m
