[  2%] [34m[1mGenerating type hashes for ROS interfaces[0m
[  2%] Built target ament_cmake_python_symlink_ros2_grasping
[  2%] Built target ros2_grasping__rosidl_generator_type_description
[  5%] [34m[1mGenerating C code for ROS interfaces[0m
[  8%] [34m[1mGenerating C++ code for ROS interfaces[0m
running egg_info
writing ros2_grasping.egg-info/PKG-INFO
writing dependency_links to ros2_grasping.egg-info/dependency_links.txt
writing top-level names to ros2_grasping.egg-info/top_level.txt
reading manifest file 'ros2_grasping.egg-info/SOURCES.txt'
writing manifest file 'ros2_grasping.egg-info/SOURCES.txt'
[  8%] Built target ament_cmake_python_build_ros2_grasping_egg
[  8%] Built target ros2_grasping__cpp
[ 11%] [32mBuilding C object CMakeFiles/ros2_grasping__rosidl_generator_c.dir/rosidl_generator_c/ros2_grasping/action/detail/attacher__description.c.o[0m
[ 14%] [32mBuilding C object CMakeFiles/ros2_grasping__rosidl_generator_c.dir/rosidl_generator_c/ros2_grasping/action/detail/attacher__type_support.c.o[0m
[ 17%] [32mBuilding C object CMakeFiles/ros2_grasping__rosidl_generator_c.dir/rosidl_generator_c/ros2_grasping/action/detail/attacher__functions.c.o[0m
[ 20%] [32m[1mLinking C shared library libros2_grasping__rosidl_generator_c.so[0m
[ 20%] Built target ros2_grasping__rosidl_generator_c
[ 23%] [34m[1mGenerating C++ type support for eProsima Fast-RTPS[0m
[ 26%] [34m[1mGenerating C++ introspection for ROS interfaces[0m
[ 29%] [34m[1mGenerating C type support dispatch for ROS interfaces[0m
[ 32%] [34m[1mGenerating C++ type support dispatch for ROS interfaces[0m
[ 35%] [34m[1mGenerating C introspection for ROS interfaces[0m
[ 38%] [34m[1mGenerating C type support for eProsima Fast-RTPS[0m
[ 41%] [32mBuilding CXX object CMakeFiles/ros2_grasping__rosidl_typesupport_c.dir/rosidl_typesupport_c/ros2_grasping/action/attacher__type_support.cpp.o[0m
[ 44%] [32mBuilding CXX object CMakeFiles/ros2_grasping__rosidl_typesupport_introspection_cpp.dir/rosidl_typesupport_introspection_cpp/ros2_grasping/action/detail/attacher__type_support.cpp.o[0m
[ 47%] [32m[1mLinking CXX shared library libros2_grasping__rosidl_typesupport_c.so[0m
[ 50%] [32mBuilding CXX object CMakeFiles/ros2_grasping__rosidl_typesupport_cpp.dir/rosidl_typesupport_cpp/ros2_grasping/action/attacher__type_support.cpp.o[0m
[ 52%] [32mBuilding C object CMakeFiles/ros2_grasping__rosidl_typesupport_introspection_c.dir/rosidl_typesupport_introspection_c/ros2_grasping/action/detail/attacher__type_support.c.o[0m
[ 52%] Built target ros2_grasping__rosidl_typesupport_c
[ 55%] [32mBuilding CXX object CMakeFiles/ros2_grasping__rosidl_typesupport_fastrtps_cpp.dir/rosidl_typesupport_fastrtps_cpp/ros2_grasping/action/detail/dds_fastrtps/attacher__type_support.cpp.o[0m
[ 58%] [32m[1mLinking C shared library libros2_grasping__rosidl_typesupport_introspection_c.so[0m
[ 58%] Built target ros2_grasping__rosidl_typesupport_introspection_c
[ 61%] [32mBuilding CXX object CMakeFiles/ros2_grasping__rosidl_typesupport_fastrtps_c.dir/rosidl_typesupport_fastrtps_c/ros2_grasping/action/detail/attacher__type_support_c.cpp.o[0m
[ 64%] [32m[1mLinking CXX shared library libros2_grasping__rosidl_typesupport_cpp.so[0m
[ 67%] [32m[1mLinking CXX shared library libros2_grasping__rosidl_typesupport_introspection_cpp.so[0m
[ 67%] Built target ros2_grasping__rosidl_typesupport_cpp
[ 67%] Built target ros2_grasping__rosidl_typesupport_introspection_cpp
[ 70%] [32m[1mLinking CXX shared library libros2_grasping__rosidl_typesupport_fastrtps_c.so[0m
[ 70%] Built target ros2_grasping__rosidl_typesupport_fastrtps_c
[ 73%] [32m[1mLinking CXX shared library libros2_grasping__rosidl_typesupport_fastrtps_cpp.so[0m
[ 73%] Built target ros2_grasping__rosidl_typesupport_fastrtps_cpp
[ 73%] Built target ros2_grasping
[ 76%] [34m[1mGenerating Python code for ROS interfaces[0m
[ 76%] Built target ros2_grasping__py
[ 79%] [32mBuilding C object CMakeFiles/ros2_grasping__rosidl_generator_py.dir/rosidl_generator_py/ros2_grasping/action/_attacher_s.c.o[0m
[ 82%] [32m[1mLinking C shared library libros2_grasping__rosidl_generator_py.so[0m
[ 82%] Built target ros2_grasping__rosidl_generator_py
[ 85%] [32mBuilding C object CMakeFiles/ros2_grasping_s__rosidl_typesupport_fastrtps_c.dir/rosidl_generator_py/ros2_grasping/_ros2_grasping_s.ep.rosidl_typesupport_fastrtps_c.c.o[0m
[ 88%] [32mBuilding C object CMakeFiles/ros2_grasping_s__rosidl_typesupport_introspection_c.dir/rosidl_generator_py/ros2_grasping/_ros2_grasping_s.ep.rosidl_typesupport_introspection_c.c.o[0m
[ 91%] [32mBuilding C object CMakeFiles/ros2_grasping_s__rosidl_typesupport_c.dir/rosidl_generator_py/ros2_grasping/_ros2_grasping_s.ep.rosidl_typesupport_c.c.o[0m
[ 94%] [32m[1mLinking C shared module rosidl_generator_py/ros2_grasping/ros2_grasping_s__rosidl_typesupport_c.so[0m
[ 97%] [32m[1mLinking C shared module rosidl_generator_py/ros2_grasping/ros2_grasping_s__rosidl_typesupport_fastrtps_c.so[0m
[100%] [32m[1mLinking C shared module rosidl_generator_py/ros2_grasping/ros2_grasping_s__rosidl_typesupport_introspection_c.so[0m
[100%] Built target ros2_grasping_s__rosidl_typesupport_fastrtps_c
[100%] Built target ros2_grasping_s__rosidl_typesupport_c
[100%] Built target ros2_grasping_s__rosidl_typesupport_introspection_c
