[0mCMake Error: The current CMakeCache.txt directory /home/pathonai/ros2_ws/src/opensource_dev/mycobot_ros2/build/mycobot_bringup/CMakeCache.txt is different than the directory /home/pathonai/ros2_jazzy/src/opensource_dev/mycobot_ros2/build/mycobot_bringup where CMakeCache.txt was created. This may result in binaries being created in the wrong place. If you are not sure, reedit the CMakeCache.txt[0m
-- Install configuration: ""
-- Execute custom install script
-- Up-to-date symlink: /home/pathonai/ros2_jazzy/src/opensource_dev/mycobot_ros2/install/mycobot_bringup/share/mycobot_bringup/scripts/mycobot_280_gazebo.sh
-- Up-to-date symlink: /home/pathonai/ros2_jazzy/src/opensource_dev/mycobot_ros2/install/mycobot_bringup/share/mycobot_bringup/scripts/mycobot_280_gazebo_and_moveit.sh
-- Up-to-date symlink: /home/pathonai/ros2_jazzy/src/opensource_dev/mycobot_ros2/install/mycobot_bringup/share/mycobot_bringup/scripts/mycobot_280_mtc_demos.sh
-- Up-to-date symlink: /home/pathonai/ros2_jazzy/src/opensource_dev/mycobot_ros2/install/mycobot_bringup/share/ament_index/resource_index/package_run_dependencies/mycobot_bringup
-- Up-to-date symlink: /home/pathonai/ros2_jazzy/src/opensource_dev/mycobot_ros2/install/mycobot_bringup/share/ament_index/resource_index/parent_prefix_path/mycobot_bringup
-- Up-to-date symlink: /home/pathonai/ros2_jazzy/src/opensource_dev/mycobot_ros2/install/mycobot_bringup/share/mycobot_bringup/environment/ament_prefix_path.sh
-- Up-to-date symlink: /home/pathonai/ros2_jazzy/src/opensource_dev/mycobot_ros2/install/mycobot_bringup/share/mycobot_bringup/environment/ament_prefix_path.dsv
-- Up-to-date symlink: /home/pathonai/ros2_jazzy/src/opensource_dev/mycobot_ros2/install/mycobot_bringup/share/mycobot_bringup/environment/path.sh
-- Up-to-date symlink: /home/pathonai/ros2_jazzy/src/opensource_dev/mycobot_ros2/install/mycobot_bringup/share/mycobot_bringup/environment/path.dsv
-- Up-to-date symlink: /home/pathonai/ros2_jazzy/src/opensource_dev/mycobot_ros2/install/mycobot_bringup/share/mycobot_bringup/local_setup.bash
-- Up-to-date symlink: /home/pathonai/ros2_jazzy/src/opensource_dev/mycobot_ros2/install/mycobot_bringup/share/mycobot_bringup/local_setup.sh
-- Up-to-date symlink: /home/pathonai/ros2_jazzy/src/opensource_dev/mycobot_ros2/install/mycobot_bringup/share/mycobot_bringup/local_setup.zsh
-- Up-to-date symlink: /home/pathonai/ros2_jazzy/src/opensource_dev/mycobot_ros2/install/mycobot_bringup/share/mycobot_bringup/local_setup.dsv
-- Symlinking: /home/pathonai/ros2_jazzy/src/opensource_dev/mycobot_ros2/install/mycobot_bringup/share/mycobot_bringup/package.dsv
-- Up-to-date symlink: /home/pathonai/ros2_jazzy/src/opensource_dev/mycobot_ros2/install/mycobot_bringup/share/ament_index/resource_index/packages/mycobot_bringup
-- Up-to-date symlink: /home/pathonai/ros2_jazzy/src/opensource_dev/mycobot_ros2/install/mycobot_bringup/share/mycobot_bringup/cmake/mycobot_bringupConfig.cmake
-- Up-to-date symlink: /home/pathonai/ros2_jazzy/src/opensource_dev/mycobot_ros2/install/mycobot_bringup/share/mycobot_bringup/cmake/mycobot_bringupConfig-version.cmake
-- Up-to-date symlink: /home/pathonai/ros2_jazzy/src/opensource_dev/mycobot_ros2/install/mycobot_bringup/share/mycobot_bringup/package.xml
