[0.016s] Invoking command in '/home/pathonai/ros2_ws/src/opensource_dev/mycobot_ros2/build/mycobot_bringup': DEBUGINFOD_URLS=https://debuginfod.ubuntu.com /usr/bin/cmake --build /home/pathonai/ros2_ws/src/opensource_dev/mycobot_ros2/build/mycobot_bringup -- -j16 -l16
[0.042s] [0mCMake Error: The current CMakeCache.txt directory /home/pathonai/ros2_ws/src/opensource_dev/mycobot_ros2/build/mycobot_bringup/CMakeCache.txt is different than the directory /home/pathonai/ros2_jazzy/src/opensource_dev/mycobot_ros2/build/mycobot_bringup where CMakeCache.txt was created. This may result in binaries being created in the wrong place. If you are not sure, reedit the CMakeCache.txt[0m
[0.069s] Invoked command in '/home/pathonai/ros2_ws/src/opensource_dev/mycobot_ros2/build/mycobot_bringup' returned '0': DEBUGINFOD_URLS=https://debuginfod.ubuntu.com /usr/bin/cmake --build /home/pathonai/ros2_ws/src/opensource_dev/mycobot_ros2/build/mycobot_bringup -- -j16 -l16
[0.071s] Invoking command in '/home/pathonai/ros2_ws/src/opensource_dev/mycobot_ros2/build/mycobot_bringup': DEBUGINFOD_URLS=https://debuginfod.ubuntu.com /usr/bin/cmake --install /home/pathonai/ros2_ws/src/opensource_dev/mycobot_ros2/build/mycobot_bringup
[0.079s] -- Install configuration: ""
[0.084s] -- Execute custom install script
[0.085s] -- Up-to-date symlink: /home/pathonai/ros2_jazzy/src/opensource_dev/mycobot_ros2/install/mycobot_bringup/share/mycobot_bringup/scripts/mycobot_280_gazebo.sh
[0.086s] -- Up-to-date symlink: /home/pathonai/ros2_jazzy/src/opensource_dev/mycobot_ros2/install/mycobot_bringup/share/mycobot_bringup/scripts/mycobot_280_gazebo_and_moveit.sh
[0.090s] -- Up-to-date symlink: /home/pathonai/ros2_jazzy/src/opensource_dev/mycobot_ros2/install/mycobot_bringup/share/mycobot_bringup/scripts/mycobot_280_mtc_demos.sh
[0.090s] -- Up-to-date symlink: /home/pathonai/ros2_jazzy/src/opensource_dev/mycobot_ros2/install/mycobot_bringup/share/ament_index/resource_index/package_run_dependencies/mycobot_bringup
[0.091s] -- Up-to-date symlink: /home/pathonai/ros2_jazzy/src/opensource_dev/mycobot_ros2/install/mycobot_bringup/share/ament_index/resource_index/parent_prefix_path/mycobot_bringup
[0.092s] -- Up-to-date symlink: /home/pathonai/ros2_jazzy/src/opensource_dev/mycobot_ros2/install/mycobot_bringup/share/mycobot_bringup/environment/ament_prefix_path.sh
[0.092s] -- Up-to-date symlink: /home/pathonai/ros2_jazzy/src/opensource_dev/mycobot_ros2/install/mycobot_bringup/share/mycobot_bringup/environment/ament_prefix_path.dsv
[0.093s] -- Up-to-date symlink: /home/pathonai/ros2_jazzy/src/opensource_dev/mycobot_ros2/install/mycobot_bringup/share/mycobot_bringup/environment/path.sh
[0.093s] -- Up-to-date symlink: /home/pathonai/ros2_jazzy/src/opensource_dev/mycobot_ros2/install/mycobot_bringup/share/mycobot_bringup/environment/path.dsv
[0.097s] -- Up-to-date symlink: /home/pathonai/ros2_jazzy/src/opensource_dev/mycobot_ros2/install/mycobot_bringup/share/mycobot_bringup/local_setup.bash
[0.097s] -- Up-to-date symlink: /home/pathonai/ros2_jazzy/src/opensource_dev/mycobot_ros2/install/mycobot_bringup/share/mycobot_bringup/local_setup.sh
[0.098s] -- Up-to-date symlink: /home/pathonai/ros2_jazzy/src/opensource_dev/mycobot_ros2/install/mycobot_bringup/share/mycobot_bringup/local_setup.zsh
[0.098s] -- Up-to-date symlink: /home/pathonai/ros2_jazzy/src/opensource_dev/mycobot_ros2/install/mycobot_bringup/share/mycobot_bringup/local_setup.dsv
[0.099s] -- Symlinking: /home/pathonai/ros2_jazzy/src/opensource_dev/mycobot_ros2/install/mycobot_bringup/share/mycobot_bringup/package.dsv
[0.108s] -- Up-to-date symlink: /home/pathonai/ros2_jazzy/src/opensource_dev/mycobot_ros2/install/mycobot_bringup/share/ament_index/resource_index/packages/mycobot_bringup
[0.108s] -- Up-to-date symlink: /home/pathonai/ros2_jazzy/src/opensource_dev/mycobot_ros2/install/mycobot_bringup/share/mycobot_bringup/cmake/mycobot_bringupConfig.cmake
[0.108s] -- Up-to-date symlink: /home/pathonai/ros2_jazzy/src/opensource_dev/mycobot_ros2/install/mycobot_bringup/share/mycobot_bringup/cmake/mycobot_bringupConfig-version.cmake
[0.108s] -- Up-to-date symlink: /home/pathonai/ros2_jazzy/src/opensource_dev/mycobot_ros2/install/mycobot_bringup/share/mycobot_bringup/package.xml
[0.136s] Invoked command in '/home/pathonai/ros2_ws/src/opensource_dev/mycobot_ros2/build/mycobot_bringup' returned '0': DEBUGINFOD_URLS=https://debuginfod.ubuntu.com /usr/bin/cmake --install /home/pathonai/ros2_ws/src/opensource_dev/mycobot_ros2/build/mycobot_bringup
