[  2%] Built target mycobot_interfaces__rosidl_generator_type_description
[  2%] Built target ament_cmake_python_symlink_mycobot_interfaces
[  5%] Built target mycobot_interfaces__cpp
[ 20%] Built target mycobot_interfaces__rosidl_generator_c
[ 38%] Built target mycobot_interfaces__rosidl_typesupport_cpp
[ 38%] Built target mycobot_interfaces__rosidl_typesupport_fastrtps_c
[ 55%] Built target mycobot_interfaces__rosidl_typesupport_c
[ 55%] Built target mycobot_interfaces__rosidl_typesupport_introspection_c
[ 64%] Built target mycobot_interfaces__rosidl_typesupport_introspection_cpp
[ 73%] Built target mycobot_interfaces__rosidl_typesupport_fastrtps_cpp
[ 73%] Built target mycobot_interfaces
[ 76%] Built target mycobot_interfaces__py
[ 82%] Built target mycobot_interfaces__rosidl_generator_py
[ 94%] Built target mycobot_interfaces_s__rosidl_typesupport_fastrtps_c
[ 94%] Built target mycobot_interfaces_s__rosidl_typesupport_c
[100%] Built target mycobot_interfaces_s__rosidl_typesupport_introspection_c
running egg_info
writing mycobot_interfaces.egg-info/PKG-INFO
writing dependency_links to mycobot_interfaces.egg-info/dependency_links.txt
writing top-level names to mycobot_interfaces.egg-info/top_level.txt
reading manifest file 'mycobot_interfaces.egg-info/SOURCES.txt'
writing manifest file 'mycobot_interfaces.egg-info/SOURCES.txt'
[100%] Built target ament_cmake_python_build_mycobot_interfaces_egg
-- Install configuration: ""
-- Execute custom install script
-- Up-to-date symlink: /home/pathonai/ros2_jazzy/src/opensource_dev/mycobot_ros2/install/mycobot_interfaces/share/ament_index/resource_index/rosidl_interfaces/mycobot_interfaces
-- Up-to-date symlink: /home/pathonai/ros2_jazzy/src/opensource_dev/mycobot_ros2/install/mycobot_interfaces/share/mycobot_interfaces/srv/GetPlanningScene.json
-- Up-to-date symlink: /home/pathonai/ros2_jazzy/src/opensource_dev/mycobot_ros2/install/mycobot_interfaces/include/mycobot_interfaces/mycobot_interfaces/msg/rosidl_generator_c__visibility_control.h
-- Up-to-date symlink: /home/pathonai/ros2_jazzy/src/opensource_dev/mycobot_ros2/install/mycobot_interfaces/include/mycobot_interfaces/mycobot_interfaces/srv/detail/get_planning_scene__functions.h
-- Up-to-date symlink: /home/pathonai/ros2_jazzy/src/opensource_dev/mycobot_ros2/install/mycobot_interfaces/include/mycobot_interfaces/mycobot_interfaces/srv/detail/get_planning_scene__struct.h
-- Up-to-date symlink: /home/pathonai/ros2_jazzy/src/opensource_dev/mycobot_ros2/install/mycobot_interfaces/include/mycobot_interfaces/mycobot_interfaces/srv/detail/get_planning_scene__type_support.h
-- Up-to-date symlink: /home/pathonai/ros2_jazzy/src/opensource_dev/mycobot_ros2/install/mycobot_interfaces/include/mycobot_interfaces/mycobot_interfaces/srv/get_planning_scene.h
-- Up-to-date symlink: /home/pathonai/ros2_jazzy/src/opensource_dev/mycobot_ros2/install/mycobot_interfaces/share/mycobot_interfaces/environment/library_path.sh
-- Up-to-date symlink: /home/pathonai/ros2_jazzy/src/opensource_dev/mycobot_ros2/install/mycobot_interfaces/share/mycobot_interfaces/environment/library_path.dsv
-- Up-to-date symlink: /home/pathonai/ros2_jazzy/src/opensource_dev/mycobot_ros2/install/mycobot_interfaces/include/mycobot_interfaces/mycobot_interfaces/msg/rosidl_typesupport_fastrtps_c__visibility_control.h
-- Up-to-date symlink: /home/pathonai/ros2_jazzy/src/opensource_dev/mycobot_ros2/install/mycobot_interfaces/include/mycobot_interfaces/mycobot_interfaces/srv/detail/get_planning_scene__rosidl_typesupport_fastrtps_c.h
-- Up-to-date symlink: /home/pathonai/ros2_jazzy/src/opensource_dev/mycobot_ros2/install/mycobot_interfaces/include/mycobot_interfaces/mycobot_interfaces/msg/rosidl_generator_cpp__visibility_control.hpp
-- Up-to-date symlink: /home/pathonai/ros2_jazzy/src/opensource_dev/mycobot_ros2/install/mycobot_interfaces/include/mycobot_interfaces/mycobot_interfaces/srv/detail/get_planning_scene__builder.hpp
-- Up-to-date symlink: /home/pathonai/ros2_jazzy/src/opensource_dev/mycobot_ros2/install/mycobot_interfaces/include/mycobot_interfaces/mycobot_interfaces/srv/detail/get_planning_scene__struct.hpp
-- Up-to-date symlink: /home/pathonai/ros2_jazzy/src/opensource_dev/mycobot_ros2/install/mycobot_interfaces/include/mycobot_interfaces/mycobot_interfaces/srv/detail/get_planning_scene__traits.hpp
-- Up-to-date symlink: /home/pathonai/ros2_jazzy/src/opensource_dev/mycobot_ros2/install/mycobot_interfaces/include/mycobot_interfaces/mycobot_interfaces/srv/detail/get_planning_scene__type_support.hpp
-- Up-to-date symlink: /home/pathonai/ros2_jazzy/src/opensource_dev/mycobot_ros2/install/mycobot_interfaces/include/mycobot_interfaces/mycobot_interfaces/srv/get_planning_scene.hpp
-- Up-to-date symlink: /home/pathonai/ros2_jazzy/src/opensource_dev/mycobot_ros2/install/mycobot_interfaces/include/mycobot_interfaces/mycobot_interfaces/msg/rosidl_typesupport_fastrtps_cpp__visibility_control.h
-- Up-to-date symlink: /home/pathonai/ros2_jazzy/src/opensource_dev/mycobot_ros2/install/mycobot_interfaces/include/mycobot_interfaces/mycobot_interfaces/srv/detail/get_planning_scene__rosidl_typesupport_fastrtps_cpp.hpp
-- Up-to-date symlink: /home/pathonai/ros2_jazzy/src/opensource_dev/mycobot_ros2/install/mycobot_interfaces/include/mycobot_interfaces/mycobot_interfaces/msg/rosidl_typesupport_introspection_c__visibility_control.h
-- Up-to-date symlink: /home/pathonai/ros2_jazzy/src/opensource_dev/mycobot_ros2/install/mycobot_interfaces/include/mycobot_interfaces/mycobot_interfaces/srv/detail/get_planning_scene__rosidl_typesupport_introspection_c.h
-- Up-to-date symlink: /home/pathonai/ros2_jazzy/src/opensource_dev/mycobot_ros2/install/mycobot_interfaces/include/mycobot_interfaces/mycobot_interfaces/srv/detail/get_planning_scene__rosidl_typesupport_introspection_cpp.hpp
-- Up-to-date symlink: /home/pathonai/ros2_jazzy/src/opensource_dev/mycobot_ros2/install/mycobot_interfaces/share/mycobot_interfaces/environment/pythonpath.sh
-- Up-to-date symlink: /home/pathonai/ros2_jazzy/src/opensource_dev/mycobot_ros2/install/mycobot_interfaces/share/mycobot_interfaces/environment/pythonpath.dsv
-- Up-to-date symlink: /home/pathonai/ros2_jazzy/src/opensource_dev/mycobot_ros2/install/mycobot_interfaces/lib/python3.12/site-packages/mycobot_interfaces-0.0.0-py3.12.egg-info/PKG-INFO
-- Up-to-date symlink: /home/pathonai/ros2_jazzy/src/opensource_dev/mycobot_ros2/install/mycobot_interfaces/lib/python3.12/site-packages/mycobot_interfaces-0.0.0-py3.12.egg-info/SOURCES.txt
-- Up-to-date symlink: /home/pathonai/ros2_jazzy/src/opensource_dev/mycobot_ros2/install/mycobot_interfaces/lib/python3.12/site-packages/mycobot_interfaces-0.0.0-py3.12.egg-info/dependency_links.txt
-- Up-to-date symlink: /home/pathonai/ros2_jazzy/src/opensource_dev/mycobot_ros2/install/mycobot_interfaces/lib/python3.12/site-packages/mycobot_interfaces-0.0.0-py3.12.egg-info/top_level.txt
-- Up-to-date symlink: /home/pathonai/ros2_jazzy/src/opensource_dev/mycobot_ros2/install/mycobot_interfaces/lib/python3.12/site-packages/mycobot_interfaces/__init__.py
-- Up-to-date symlink: /home/pathonai/ros2_jazzy/src/opensource_dev/mycobot_ros2/install/mycobot_interfaces/lib/python3.12/site-packages/mycobot_interfaces/_mycobot_interfaces_s.ep.rosidl_typesupport_c.c
-- Up-to-date symlink: /home/pathonai/ros2_jazzy/src/opensource_dev/mycobot_ros2/install/mycobot_interfaces/lib/python3.12/site-packages/mycobot_interfaces/_mycobot_interfaces_s.ep.rosidl_typesupport_fastrtps_c.c
-- Up-to-date symlink: /home/pathonai/ros2_jazzy/src/opensource_dev/mycobot_ros2/install/mycobot_interfaces/lib/python3.12/site-packages/mycobot_interfaces/_mycobot_interfaces_s.ep.rosidl_typesupport_introspection_c.c
-- Up-to-date symlink: /home/pathonai/ros2_jazzy/src/opensource_dev/mycobot_ros2/install/mycobot_interfaces/lib/python3.12/site-packages/mycobot_interfaces/mycobot_interfaces_s__rosidl_typesupport_c.so
-- Up-to-date symlink: /home/pathonai/ros2_jazzy/src/opensource_dev/mycobot_ros2/install/mycobot_interfaces/lib/python3.12/site-packages/mycobot_interfaces/mycobot_interfaces_s__rosidl_typesupport_fastrtps_c.so
-- Up-to-date symlink: /home/pathonai/ros2_jazzy/src/opensource_dev/mycobot_ros2/install/mycobot_interfaces/lib/python3.12/site-packages/mycobot_interfaces/mycobot_interfaces_s__rosidl_typesupport_introspection_c.so
-- Up-to-date symlink: /home/pathonai/ros2_jazzy/src/opensource_dev/mycobot_ros2/install/mycobot_interfaces/lib/python3.12/site-packages/mycobot_interfaces/srv/__init__.py
-- Up-to-date symlink: /home/pathonai/ros2_jazzy/src/opensource_dev/mycobot_ros2/install/mycobot_interfaces/lib/python3.12/site-packages/mycobot_interfaces/srv/_get_planning_scene.py
-- Up-to-date symlink: /home/pathonai/ros2_jazzy/src/opensource_dev/mycobot_ros2/install/mycobot_interfaces/lib/python3.12/site-packages/mycobot_interfaces/srv/_get_planning_scene_s.c
-- Up-to-date symlink: /home/pathonai/ros2_jazzy/src/opensource_dev/mycobot_ros2/install/mycobot_interfaces/lib/python3.12/site-packages/mycobot_interfaces/mycobot_interfaces_s__rosidl_typesupport_fastrtps_c.so
-- Up-to-date symlink: /home/pathonai/ros2_jazzy/src/opensource_dev/mycobot_ros2/install/mycobot_interfaces/lib/python3.12/site-packages/mycobot_interfaces/mycobot_interfaces_s__rosidl_typesupport_introspection_c.so
-- Up-to-date symlink: /home/pathonai/ros2_jazzy/src/opensource_dev/mycobot_ros2/install/mycobot_interfaces/lib/python3.12/site-packages/mycobot_interfaces/mycobot_interfaces_s__rosidl_typesupport_c.so
-- Up-to-date symlink: /home/pathonai/ros2_jazzy/src/opensource_dev/mycobot_ros2/install/mycobot_interfaces/share/mycobot_interfaces/srv/GetPlanningScene.idl
-- Up-to-date symlink: /home/pathonai/ros2_jazzy/src/opensource_dev/mycobot_ros2/install/mycobot_interfaces/share/mycobot_interfaces/srv/GetPlanningScene.srv
-- Up-to-date symlink: /home/pathonai/ros2_jazzy/src/opensource_dev/mycobot_ros2/install/mycobot_interfaces/share/ament_index/resource_index/package_run_dependencies/mycobot_interfaces
-- Up-to-date symlink: /home/pathonai/ros2_jazzy/src/opensource_dev/mycobot_ros2/install/mycobot_interfaces/share/ament_index/resource_index/parent_prefix_path/mycobot_interfaces
-- Up-to-date symlink: /home/pathonai/ros2_jazzy/src/opensource_dev/mycobot_ros2/install/mycobot_interfaces/share/mycobot_interfaces/environment/ament_prefix_path.sh
-- Up-to-date symlink: /home/pathonai/ros2_jazzy/src/opensource_dev/mycobot_ros2/install/mycobot_interfaces/share/mycobot_interfaces/environment/ament_prefix_path.dsv
-- Up-to-date symlink: /home/pathonai/ros2_jazzy/src/opensource_dev/mycobot_ros2/install/mycobot_interfaces/share/mycobot_interfaces/environment/path.sh
-- Up-to-date symlink: /home/pathonai/ros2_jazzy/src/opensource_dev/mycobot_ros2/install/mycobot_interfaces/share/mycobot_interfaces/environment/path.dsv
-- Up-to-date symlink: /home/pathonai/ros2_jazzy/src/opensource_dev/mycobot_ros2/install/mycobot_interfaces/share/mycobot_interfaces/local_setup.bash
-- Up-to-date symlink: /home/pathonai/ros2_jazzy/src/opensource_dev/mycobot_ros2/install/mycobot_interfaces/share/mycobot_interfaces/local_setup.sh
-- Up-to-date symlink: /home/pathonai/ros2_jazzy/src/opensource_dev/mycobot_ros2/install/mycobot_interfaces/share/mycobot_interfaces/local_setup.zsh
-- Up-to-date symlink: /home/pathonai/ros2_jazzy/src/opensource_dev/mycobot_ros2/install/mycobot_interfaces/share/mycobot_interfaces/local_setup.dsv
-- Symlinking: /home/pathonai/ros2_jazzy/src/opensource_dev/mycobot_ros2/install/mycobot_interfaces/share/mycobot_interfaces/package.dsv
-- Up-to-date symlink: /home/pathonai/ros2_jazzy/src/opensource_dev/mycobot_ros2/install/mycobot_interfaces/share/ament_index/resource_index/packages/mycobot_interfaces
-- Up-to-date symlink: /home/pathonai/ros2_jazzy/src/opensource_dev/mycobot_ros2/install/mycobot_interfaces/share/mycobot_interfaces/cmake/rosidl_cmake-extras.cmake
-- Up-to-date symlink: /home/pathonai/ros2_jazzy/src/opensource_dev/mycobot_ros2/install/mycobot_interfaces/share/mycobot_interfaces/cmake/ament_cmake_export_dependencies-extras.cmake
-- Up-to-date symlink: /home/pathonai/ros2_jazzy/src/opensource_dev/mycobot_ros2/install/mycobot_interfaces/share/mycobot_interfaces/cmake/ament_cmake_export_include_directories-extras.cmake
-- Up-to-date symlink: /home/pathonai/ros2_jazzy/src/opensource_dev/mycobot_ros2/install/mycobot_interfaces/share/mycobot_interfaces/cmake/ament_cmake_export_libraries-extras.cmake
-- Up-to-date symlink: /home/pathonai/ros2_jazzy/src/opensource_dev/mycobot_ros2/install/mycobot_interfaces/share/mycobot_interfaces/cmake/ament_cmake_export_targets-extras.cmake
-- Up-to-date symlink: /home/pathonai/ros2_jazzy/src/opensource_dev/mycobot_ros2/install/mycobot_interfaces/share/mycobot_interfaces/cmake/rosidl_cmake_export_typesupport_targets-extras.cmake
-- Up-to-date symlink: /home/pathonai/ros2_jazzy/src/opensource_dev/mycobot_ros2/install/mycobot_interfaces/share/mycobot_interfaces/cmake/rosidl_cmake_export_typesupport_libraries-extras.cmake
-- Up-to-date symlink: /home/pathonai/ros2_jazzy/src/opensource_dev/mycobot_ros2/install/mycobot_interfaces/share/mycobot_interfaces/cmake/mycobot_interfacesConfig.cmake
-- Up-to-date symlink: /home/pathonai/ros2_jazzy/src/opensource_dev/mycobot_ros2/install/mycobot_interfaces/share/mycobot_interfaces/cmake/mycobot_interfacesConfig-version.cmake
-- Up-to-date symlink: /home/pathonai/ros2_jazzy/src/opensource_dev/mycobot_ros2/install/mycobot_interfaces/share/mycobot_interfaces/package.xml
-- Up-to-date: /home/pathonai/ros2_jazzy/src/opensource_dev/mycobot_ros2/install/mycobot_interfaces/lib/libmycobot_interfaces__rosidl_generator_c.so
-- Up-to-date: /home/pathonai/ros2_jazzy/src/opensource_dev/mycobot_ros2/install/mycobot_interfaces/lib/libmycobot_interfaces__rosidl_typesupport_fastrtps_c.so
-- Up-to-date: /home/pathonai/ros2_jazzy/src/opensource_dev/mycobot_ros2/install/mycobot_interfaces/lib/libmycobot_interfaces__rosidl_typesupport_fastrtps_cpp.so
-- Up-to-date: /home/pathonai/ros2_jazzy/src/opensource_dev/mycobot_ros2/install/mycobot_interfaces/lib/libmycobot_interfaces__rosidl_typesupport_introspection_c.so
-- Up-to-date: /home/pathonai/ros2_jazzy/src/opensource_dev/mycobot_ros2/install/mycobot_interfaces/lib/libmycobot_interfaces__rosidl_typesupport_c.so
-- Up-to-date: /home/pathonai/ros2_jazzy/src/opensource_dev/mycobot_ros2/install/mycobot_interfaces/lib/libmycobot_interfaces__rosidl_typesupport_introspection_cpp.so
-- Up-to-date: /home/pathonai/ros2_jazzy/src/opensource_dev/mycobot_ros2/install/mycobot_interfaces/lib/libmycobot_interfaces__rosidl_typesupport_cpp.so
Listing '/home/pathonai/ros2_jazzy/src/opensource_dev/mycobot_ros2/install/mycobot_interfaces/lib/python3.12/site-packages/mycobot_interfaces'...
Listing '/home/pathonai/ros2_jazzy/src/opensource_dev/mycobot_ros2/install/mycobot_interfaces/lib/python3.12/site-packages/mycobot_interfaces/srv'...
-- Up-to-date: /home/pathonai/ros2_jazzy/src/opensource_dev/mycobot_ros2/install/mycobot_interfaces/lib/libmycobot_interfaces__rosidl_generator_py.so
-- Up-to-date: /home/pathonai/ros2_jazzy/src/opensource_dev/mycobot_ros2/install/mycobot_interfaces/share/mycobot_interfaces/cmake/export_mycobot_interfaces__rosidl_generator_cExport.cmake
-- Up-to-date: /home/pathonai/ros2_jazzy/src/opensource_dev/mycobot_ros2/install/mycobot_interfaces/share/mycobot_interfaces/cmake/export_mycobot_interfaces__rosidl_generator_cExport-noconfig.cmake
-- Up-to-date: /home/pathonai/ros2_jazzy/src/opensource_dev/mycobot_ros2/install/mycobot_interfaces/share/mycobot_interfaces/cmake/export_mycobot_interfaces__rosidl_typesupport_fastrtps_cExport.cmake
-- Up-to-date: /home/pathonai/ros2_jazzy/src/opensource_dev/mycobot_ros2/install/mycobot_interfaces/share/mycobot_interfaces/cmake/export_mycobot_interfaces__rosidl_typesupport_fastrtps_cExport-noconfig.cmake
-- Up-to-date: /home/pathonai/ros2_jazzy/src/opensource_dev/mycobot_ros2/install/mycobot_interfaces/share/mycobot_interfaces/cmake/export_mycobot_interfaces__rosidl_generator_cppExport.cmake
-- Up-to-date: /home/pathonai/ros2_jazzy/src/opensource_dev/mycobot_ros2/install/mycobot_interfaces/share/mycobot_interfaces/cmake/export_mycobot_interfaces__rosidl_typesupport_fastrtps_cppExport.cmake
-- Up-to-date: /home/pathonai/ros2_jazzy/src/opensource_dev/mycobot_ros2/install/mycobot_interfaces/share/mycobot_interfaces/cmake/export_mycobot_interfaces__rosidl_typesupport_fastrtps_cppExport-noconfig.cmake
-- Up-to-date: /home/pathonai/ros2_jazzy/src/opensource_dev/mycobot_ros2/install/mycobot_interfaces/share/mycobot_interfaces/cmake/mycobot_interfaces__rosidl_typesupport_introspection_cExport.cmake
-- Up-to-date: /home/pathonai/ros2_jazzy/src/opensource_dev/mycobot_ros2/install/mycobot_interfaces/share/mycobot_interfaces/cmake/mycobot_interfaces__rosidl_typesupport_introspection_cExport-noconfig.cmake
-- Up-to-date: /home/pathonai/ros2_jazzy/src/opensource_dev/mycobot_ros2/install/mycobot_interfaces/share/mycobot_interfaces/cmake/mycobot_interfaces__rosidl_typesupport_cExport.cmake
-- Up-to-date: /home/pathonai/ros2_jazzy/src/opensource_dev/mycobot_ros2/install/mycobot_interfaces/share/mycobot_interfaces/cmake/mycobot_interfaces__rosidl_typesupport_cExport-noconfig.cmake
-- Up-to-date: /home/pathonai/ros2_jazzy/src/opensource_dev/mycobot_ros2/install/mycobot_interfaces/share/mycobot_interfaces/cmake/mycobot_interfaces__rosidl_typesupport_introspection_cppExport.cmake
-- Up-to-date: /home/pathonai/ros2_jazzy/src/opensource_dev/mycobot_ros2/install/mycobot_interfaces/share/mycobot_interfaces/cmake/mycobot_interfaces__rosidl_typesupport_introspection_cppExport-noconfig.cmake
-- Up-to-date: /home/pathonai/ros2_jazzy/src/opensource_dev/mycobot_ros2/install/mycobot_interfaces/share/mycobot_interfaces/cmake/mycobot_interfaces__rosidl_typesupport_cppExport.cmake
-- Up-to-date: /home/pathonai/ros2_jazzy/src/opensource_dev/mycobot_ros2/install/mycobot_interfaces/share/mycobot_interfaces/cmake/mycobot_interfaces__rosidl_typesupport_cppExport-noconfig.cmake
-- Up-to-date: /home/pathonai/ros2_jazzy/src/opensource_dev/mycobot_ros2/install/mycobot_interfaces/share/mycobot_interfaces/cmake/export_mycobot_interfaces__rosidl_generator_pyExport.cmake
-- Up-to-date: /home/pathonai/ros2_jazzy/src/opensource_dev/mycobot_ros2/install/mycobot_interfaces/share/mycobot_interfaces/cmake/export_mycobot_interfaces__rosidl_generator_pyExport-noconfig.cmake
